[96msrc/context/AdminCourseContext.tsx[0m:[93m40[0m:[93m5[0m - [91merror[0m[90m TS2322: [0mType '(course: Database["public"]["Tables"]["courses"]["Insert"]) => Promise<null>' is not assignable to type 'MutationFunction<{ category: string | null; cover_image_url: string | null; created_at: string | null; description: string | null; difficulty: string | null; id: string; is_published: boolean | null; slug: string; thumbnail_url: string | null; title: string; updated_at: string | null; }, { ...; }>'.
  Type 'Promise<null>' is not assignable to type 'Promise<{ category: string | null; cover_image_url: string | null; created_at: string | null; description: string | null; difficulty: string | null; id: string; is_published: boolean | null; slug: string; thumbnail_url: string | null; title: string; updated_at: string | null; }>'.
    Type 'null' is not assignable to type '{ category: string | null; cover_image_url: string | null; created_at: string | null; description: string | null; difficulty: string | null; id: string; is_published: boolean | null; slug: string; thumbnail_url: string | null; title: string; updated_at: string | null; }'.

[7m40[0m     mutationFn: async (
[7m  [0m [91m    ~~~~~~~~~~[0m

  [96m../../node_modules/.pnpm/@tanstack+query-core@5.81.2/node_modules/@tanstack/query-core/build/modern/hydration-Cr-4Kky1.d.ts[0m:[93m1181[0m:[93m5[0m
    [7m1181[0m     mutationFn?: MutationFunction<TData, TVariables>;
    [7m    [0m [96m    ~~~~~~~~~~[0m
    The expected type comes from property 'mutationFn' which is declared here on type 'UseMutationOptions<{ category: string | null; cover_image_url: string | null; created_at: string | null; description: string | null; difficulty: string | null; id: string; is_published: boolean | null; slug: string; thumbnail_url: string | null; title: string; updated_at: string | null; }, Error, { ...; }, unknown>'

[96msrc/context/AdminCourseContext.tsx[0m:[93m49[0m:[93m52[0m - [91merror[0m[90m TS2559: [0mType '(string | undefined)[]' has no properties in common with type 'InvalidateQueryFilters<readonly unknown[]>'.

[7m49[0m     onSuccess: () => queryClient.invalidateQueries(['courses', user?.id]),
[7m  [0m [91m                                                   ~~~~~~~~~~~~~~~~~~~~~[0m

[96msrc/context/AdminCourseContext.tsx[0m:[93m57[0m:[93m5[0m - [91merror[0m[90m TS2322: [0mType '({ id, updates, }: { id: string; updates: Database["public"]["Tables"]["courses"]["Update"]; }) => Promise<null>' is not assignable to type 'MutationFunction<{ category: string | null; cover_image_url: string | null; created_at: string | null; description: string | null; difficulty: string | null; id: string; is_published: boolean | null; slug: string; thumbnail_url: string | null; title: string; updated_at: string | null; }, { ...; }>'.
  Type 'Promise<null>' is not assignable to type 'Promise<{ category: string | null; cover_image_url: string | null; created_at: string | null; description: string | null; difficulty: string | null; id: string; is_published: boolean | null; slug: string; thumbnail_url: string | null; title: string; updated_at: string | null; }>'.
    Type 'null' is not assignable to type '{ category: string | null; cover_image_url: string | null; created_at: string | null; description: string | null; difficulty: string | null; id: string; is_published: boolean | null; slug: string; thumbnail_url: string | null; title: string; updated_at: string | null; }'.

[7m57[0m     mutationFn: async ({
[7m  [0m [91m    ~~~~~~~~~~[0m

  [96m../../node_modules/.pnpm/@tanstack+query-core@5.81.2/node_modules/@tanstack/query-core/build/modern/hydration-Cr-4Kky1.d.ts[0m:[93m1181[0m:[93m5[0m
    [7m1181[0m     mutationFn?: MutationFunction<TData, TVariables>;
    [7m    [0m [96m    ~~~~~~~~~~[0m
    The expected type comes from property 'mutationFn' which is declared here on type 'UseMutationOptions<{ category: string | null; cover_image_url: string | null; created_at: string | null; description: string | null; difficulty: string | null; id: string; is_published: boolean | null; slug: string; thumbnail_url: string | null; title: string; updated_at: string | null; }, Error, { ...; }, unknown>'

[96msrc/context/AdminCourseContext.tsx[0m:[93m75[0m:[93m52[0m - [91merror[0m[90m TS2559: [0mType '(string | undefined)[]' has no properties in common with type 'InvalidateQueryFilters<readonly unknown[]>'.

[7m75[0m     onSuccess: () => queryClient.invalidateQueries(['courses', user?.id]),
[7m  [0m [91m                                                   ~~~~~~~~~~~~~~~~~~~~~[0m

[96msrc/context/AdminCourseContext.tsx[0m:[93m81[0m:[93m58[0m - [91merror[0m[90m TS2345: [0mArgument of type 'void' is not assignable to parameter of type 'string'.

[7m81[0m         supabaseClient.from('courses').delete().eq('id', id)
[7m  [0m [91m                                                         ~~[0m

[96msrc/context/AdminCourseContext.tsx[0m:[93m85[0m:[93m52[0m - [91merror[0m[90m TS2559: [0mType '(string | undefined)[]' has no properties in common with type 'InvalidateQueryFilters<readonly unknown[]>'.

[7m85[0m     onSuccess: () => queryClient.invalidateQueries(['courses', user?.id]),
[7m  [0m [91m                                                   ~~~~~~~~~~~~~~~~~~~~~[0m

[96msrc/context/AdminCourseContext.tsx[0m:[93m93[0m:[93m5[0m - [91merror[0m[90m TS2322: [0mType '(module: Database["public"]["Tables"]["modules"]["Insert"]) => Promise<null>' is not assignable to type 'MutationFunction<{ course_id: string | null; created_at: string | null; description: string | null; id: string; is_published: boolean | null; module_order: number; title: string; updated_at: string | null; }, { ...; }>'.
  Type 'Promise<null>' is not assignable to type 'Promise<{ course_id: string | null; created_at: string | null; description: string | null; id: string; is_published: boolean | null; module_order: number; title: string; updated_at: string | null; }>'.
    Type 'null' is not assignable to type '{ course_id: string | null; created_at: string | null; description: string | null; id: string; is_published: boolean | null; module_order: number; title: string; updated_at: string | null; }'.

[7m93[0m     mutationFn: async (
[7m  [0m [91m    ~~~~~~~~~~[0m

  [96m../../node_modules/.pnpm/@tanstack+query-core@5.81.2/node_modules/@tanstack/query-core/build/modern/hydration-Cr-4Kky1.d.ts[0m:[93m1181[0m:[93m5[0m
    [7m1181[0m     mutationFn?: MutationFunction<TData, TVariables>;
    [7m    [0m [96m    ~~~~~~~~~~[0m
    The expected type comes from property 'mutationFn' which is declared here on type 'UseMutationOptions<{ course_id: string | null; created_at: string | null; description: string | null; id: string; is_published: boolean | null; module_order: number; title: string; updated_at: string | null; }, Error, { ...; }, unknown>'

[96msrc/context/AdminCourseContext.tsx[0m:[93m102[0m:[93m52[0m - [91merror[0m[90m TS2559: [0mType '(string | undefined)[]' has no properties in common with type 'InvalidateQueryFilters<readonly unknown[]>'.

[7m102[0m     onSuccess: () => queryClient.invalidateQueries(['courses', user?.id]),
[7m   [0m [91m                                                   ~~~~~~~~~~~~~~~~~~~~~[0m

[96msrc/context/AdminCourseContext.tsx[0m:[93m110[0m:[93m5[0m - [91merror[0m[90m TS2322: [0mType '({ id, updates, }: { id: string; updates: Database["public"]["Tables"]["modules"]["Update"]; }) => Promise<null>' is not assignable to type 'MutationFunction<{ course_id: string | null; created_at: string | null; description: string | null; id: string; is_published: boolean | null; module_order: number; title: string; updated_at: string | null; }, { ...; }>'.
  Type 'Promise<null>' is not assignable to type 'Promise<{ course_id: string | null; created_at: string | null; description: string | null; id: string; is_published: boolean | null; module_order: number; title: string; updated_at: string | null; }>'.
    Type 'null' is not assignable to type '{ course_id: string | null; created_at: string | null; description: string | null; id: string; is_published: boolean | null; module_order: number; title: string; updated_at: string | null; }'.

[7m110[0m     mutationFn: async ({
[7m   [0m [91m    ~~~~~~~~~~[0m

  [96m../../node_modules/.pnpm/@tanstack+query-core@5.81.2/node_modules/@tanstack/query-core/build/modern/hydration-Cr-4Kky1.d.ts[0m:[93m1181[0m:[93m5[0m
    [7m1181[0m     mutationFn?: MutationFunction<TData, TVariables>;
    [7m    [0m [96m    ~~~~~~~~~~[0m
    The expected type comes from property 'mutationFn' which is declared here on type 'UseMutationOptions<{ course_id: string | null; created_at: string | null; description: string | null; id: string; is_published: boolean | null; module_order: number; title: string; updated_at: string | null; }, Error, { ...; }, unknown>'

[96msrc/context/AdminCourseContext.tsx[0m:[93m128[0m:[93m52[0m - [91merror[0m[90m TS2559: [0mType '(string | undefined)[]' has no properties in common with type 'InvalidateQueryFilters<readonly unknown[]>'.

[7m128[0m     onSuccess: () => queryClient.invalidateQueries(['courses', user?.id]),
[7m   [0m [91m                                                   ~~~~~~~~~~~~~~~~~~~~~[0m

[96msrc/context/AdminCourseContext.tsx[0m:[93m134[0m:[93m58[0m - [91merror[0m[90m TS2345: [0mArgument of type 'void' is not assignable to parameter of type 'string'.

[7m134[0m         supabaseClient.from('modules').delete().eq('id', id)
[7m   [0m [91m                                                         ~~[0m

[96msrc/context/AdminCourseContext.tsx[0m:[93m138[0m:[93m52[0m - [91merror[0m[90m TS2559: [0mType '(string | undefined)[]' has no properties in common with type 'InvalidateQueryFilters<readonly unknown[]>'.

[7m138[0m     onSuccess: () => queryClient.invalidateQueries(['courses', user?.id]),
[7m   [0m [91m                                                   ~~~~~~~~~~~~~~~~~~~~~[0m

[96msrc/context/AdminCourseContext.tsx[0m:[93m144[0m:[93m5[0m - [91merror[0m[90m TS2322: [0mType 'UseMutateAsyncFunction<void, Error, void, unknown>' is not assignable to type '(id: string) => Promise<void>'.
  Types of parameters 'variables' and 'id' are incompatible.
    Type 'string' is not assignable to type 'void'.

[7m144[0m     deleteCourse: deleteCourse.mutateAsync,
[7m   [0m [91m    ~~~~~~~~~~~~[0m

  [96msrc/context/AdminCourseContext.tsx[0m:[93m19[0m:[93m3[0m
    [7m19[0m   deleteCourse: (id: string) => Promise<void>;
    [7m  [0m [96m  ~~~~~~~~~~~~[0m
    The expected type comes from property 'deleteCourse' which is declared here on type 'AdminCourseContextValue'

[96msrc/context/AdminCourseContext.tsx[0m:[93m147[0m:[93m5[0m - [91merror[0m[90m TS2322: [0mType 'UseMutateAsyncFunction<void, Error, void, unknown>' is not assignable to type '(id: string) => Promise<void>'.
  Types of parameters 'variables' and 'id' are incompatible.
    Type 'string' is not assignable to type 'void'.

[7m147[0m     deleteModule: deleteModule.mutateAsync,
[7m   [0m [91m    ~~~~~~~~~~~~[0m

  [96msrc/context/AdminCourseContext.tsx[0m:[93m26[0m:[93m3[0m
    [7m26[0m   deleteModule: (id: string) => Promise<void>;
    [7m  [0m [96m  ~~~~~~~~~~~~[0m
    The expected type comes from property 'deleteModule' which is declared here on type 'AdminCourseContextValue'

[96msrc/context/AuthContext.tsx[0m:[93m82[0m:[93m17[0m - [91merror[0m[90m TS2339: [0mProperty 'session' does not exist on type '{ session: Session | null; } | null'.

[7m82[0m         const { session } = data;
[7m  [0m [91m                ~~~~~~~[0m

[96msrc/context/AuthContext.tsx[0m:[93m92[0m:[93m59[0m - [91merror[0m[90m TS18046: [0m'error' is of type 'unknown'.

[7m92[0m         console.error('Ã”Ã˜Ã® Error getting initial session:', error.message);
[7m  [0m [91m                                                          ~~~~~[0m

[96msrc/context/AuthContext.tsx[0m:[93m93[0m:[93m18[0m - [91merror[0m[90m TS2345: [0mArgument of type 'unknown' is not assignable to parameter of type 'SetStateAction<Error | null>'.

[7m93[0m         setError(error);
[7m  [0m [91m                 ~~~~~[0m

[96msrc/context/AuthContext.tsx[0m:[93m189[0m:[93m16[0m - [91merror[0m[90m TS2345: [0mArgument of type 'unknown' is not assignable to parameter of type 'SetStateAction<Error | null>'.

[7m189[0m       setError(error);
[7m   [0m [91m               ~~~~~[0m

[96msrc/context/AuthContext.tsx[0m:[93m225[0m:[93m5[0m - [91merror[0m[90m TS2322: [0mType '{ user: User | null; session: Session | null; } | null' is not assignable to type 'AuthResponse'.
  Type 'null' is not assignable to type 'AuthResponse'.

[7m225[0m     return data;
[7m   [0m [91m    ~~~~~~[0m

[96msrc/context/AuthContext.tsx[0m:[93m239[0m:[93m7[0m - [91merror[0m[90m TS2322: [0mType 'Promise<AuthTokenResponsePassword>' is not assignable to type 'PromiseLike<{ data: { user: User; session: Session; weakPassword?: WeakPassword | undefined; } | null; error: AuthError | null; }>'.
  Types of property 'then' are incompatible.
    Type '<TResult1 = AuthTokenResponsePassword, TResult2 = never>(onfulfilled?: ((value: AuthTokenResponsePassword) => TResult1 | PromiseLike<TResult1>) | null | undefined, onrejected?: ((reason: any) => TResult2 | PromiseLike<...>) | ... 1 more ... | undefined) => Promise<...>' is not assignable to type '<TResult1 = { data: { user: User; session: Session; weakPassword?: WeakPassword | undefined; } | null; error: AuthError | null; }, TResult2 = never>(onfulfilled?: ((value: { data: { ...; } | null; error: AuthError | null; }) => TResult1 | PromiseLike<...>) | null | undefined, onrejected?: ((reason: any) => TResult2 ...'.
      Types of parameters 'onfulfilled' and 'onfulfilled' are incompatible.
        Types of parameters 'value' and 'value' are incompatible.
          Type 'AuthTokenResponsePassword' is not assignable to type '{ data: { user: User; session: Session; weakPassword?: WeakPassword | undefined; } | null; error: AuthError | null; }'.
            Type '{ data: { user: null; session: null; weakPassword?: null | undefined; }; error: AuthError; }' is not assignable to type '{ data: { user: User; session: Session; weakPassword?: WeakPassword | undefined; } | null; error: AuthError | null; }'.
              The types of 'data.user' are incompatible between these types.
                Type 'null' is not assignable to type 'User'.

[7m239[0m       supabaseClient.auth.signInWithPassword({
[7m   [0m [91m      ~~~~~~~~~~~~~~~~~~~~~~~~~~~~~~~~~~~~~~~~[0m
[7m240[0m         email,
[7m   [0m [91m~~~~~~~~~~~~~~[0m
[7m241[0m         password,
[7m   [0m [91m~~~~~~~~~~~~~~~~~[0m
[7m242[0m       })
[7m   [0m [91m~~~~~~~~[0m

  [96msrc/utils/supabaseClient.ts[0m:[93m5[0m:[93m7[0m
    [7m5[0m   fn: () => PromiseLike<{ data: T | null; error: E | null }>
    [7m [0m [96m      ~~~~~~~~~~~~~~~~~~~~~~~~~~~~~~~~~~~~~~~~~~~~~~~~~~~~~~[0m
    The expected type comes from the return type of this signature.

[96msrc/context/AuthContext.tsx[0m:[93m250[0m:[93m21[0m - [91merror[0m[90m TS2339: [0mProperty 'originalError' does not exist on type 'Error'.

[7m250[0m       enhancedError.originalError = error;
[7m   [0m [91m                    ~~~~~~~~~~~~~[0m

[96msrc/context/AuthContext.tsx[0m:[93m256[0m:[93m23[0m - [91merror[0m[90m TS2339: [0mProperty 'code' does not exist on type 'Error'.

[7m256[0m         enhancedError.code = 'wrong_password';
[7m   [0m [91m                      ~~~~[0m

[96msrc/context/AuthContext.tsx[0m:[93m260[0m:[93m23[0m - [91merror[0m[90m TS2339: [0mProperty 'code' does not exist on type 'Error'.

[7m260[0m         enhancedError.code = 'email_not_confirmed';
[7m   [0m [91m                      ~~~~[0m

[96msrc/context/AuthContext.tsx[0m:[93m272[0m:[93m21[0m - [91merror[0m[90m TS2339: [0mProperty 'code' does not exist on type 'Error'.

[7m272[0m       enhancedError.code = enhancedError.code || 'invalid_credentials';
[7m   [0m [91m                    ~~~~[0m

[96msrc/context/AuthContext.tsx[0m:[93m272[0m:[93m42[0m - [91merror[0m[90m TS2339: [0mProperty 'code' does not exist on type 'Error'.

[7m272[0m       enhancedError.code = enhancedError.code || 'invalid_credentials';
[7m   [0m [91m                                         ~~~~[0m

[96msrc/context/AuthContext.tsx[0m:[93m279[0m:[93m5[0m - [91merror[0m[90m TS2322: [0mType '{ user: User; session: Session; weakPassword?: WeakPassword | undefined; } | null' is not assignable to type 'AuthResponse'.
  Type 'null' is not assignable to type 'AuthResponse'.

[7m279[0m     return data;
[7m   [0m [91m    ~~~~~~[0m

[96msrc/context/AuthContext.tsx[0m:[93m286[0m:[93m7[0m - [91merror[0m[90m TS2322: [0mType 'Promise<OAuthResponse>' is not assignable to type 'PromiseLike<{ data: { provider: Provider; url: string; } | null; error: AuthError | null; }>'.
  Types of property 'then' are incompatible.
    Type '<TResult1 = OAuthResponse, TResult2 = never>(onfulfilled?: ((value: OAuthResponse) => TResult1 | PromiseLike<TResult1>) | null | undefined, onrejected?: ((reason: any) => TResult2 | PromiseLike<...>) | ... 1 more ... | undefined) => Promise<...>' is not assignable to type '<TResult1 = { data: { provider: Provider; url: string; } | null; error: AuthError | null; }, TResult2 = never>(onfulfilled?: ((value: { data: { provider: Provider; url: string; } | null; error: AuthError | null; }) => TResult1 | PromiseLike<...>) | null | undefined, onrejected?: ((reason: any) => TResult2 | PromiseL...'.
      Types of parameters 'onfulfilled' and 'onfulfilled' are incompatible.
        Types of parameters 'value' and 'value' are incompatible.
          Type 'OAuthResponse' is not assignable to type '{ data: { provider: Provider; url: string; } | null; error: AuthError | null; }'.
            Type '{ data: { provider: Provider; url: null; }; error: AuthError; }' is not assignable to type '{ data: { provider: Provider; url: string; } | null; error: AuthError | null; }'.
              The types of 'data.url' are incompatible between these types.
                Type 'null' is not assignable to type 'string'.

[7m286[0m       supabaseClient.auth.signInWithOAuth({
[7m   [0m [91m      ~~~~~~~~~~~~~~~~~~~~~~~~~~~~~~~~~~~~~[0m
[7m287[0m         provider: 'google',
[7m   [0m [91m~~~~~~~~~~~~~~~~~~~~~~~~~~~[0m
[7m...[0m 
[7m290[0m         },
[7m   [0m [91m~~~~~~~~~~[0m
[7m291[0m       })
[7m   [0m [91m~~~~~~~~[0m

  [96msrc/utils/supabaseClient.ts[0m:[93m5[0m:[93m7[0m
    [7m5[0m   fn: () => PromiseLike<{ data: T | null; error: E | null }>
    [7m [0m [96m      ~~~~~~~~~~~~~~~~~~~~~~~~~~~~~~~~~~~~~~~~~~~~~~~~~~~~~~[0m
    The expected type comes from the return type of this signature.

[96msrc/context/AuthContext.tsx[0m:[93m299[0m:[93m5[0m - [91merror[0m[90m TS2322: [0mType '{ provider: Provider; url: string; } | null' is not assignable to type 'OAuthResponse'.
  Type 'null' is not assignable to type 'OAuthResponse'.

[7m299[0m     return data;
[7m   [0m [91m    ~~~~~~[0m

[96msrc/context/AuthContext.tsx[0m:[93m305[0m:[93m45[0m - [91merror[0m[90m TS2322: [0mType 'Promise<{ error: AuthError | null; }>' is not assignable to type 'PromiseLike<{ data: unknown; error: AuthError | null; }>'.
  Types of property 'then' are incompatible.
    Type '<TResult1 = { error: AuthError | null; }, TResult2 = never>(onfulfilled?: ((value: { error: AuthError | null; }) => TResult1 | PromiseLike<TResult1>) | null | undefined, onrejected?: ((reason: any) => TResult2 | PromiseLike<...>) | ... 1 more ... | undefined) => Promise<...>' is not assignable to type '<TResult1 = { data: unknown; error: AuthError | null; }, TResult2 = never>(onfulfilled?: ((value: { data: unknown; error: AuthError | null; }) => TResult1 | PromiseLike<TResult1>) | null | undefined, onrejected?: ((reason: any) => TResult2 | PromiseLike<...>) | ... 1 more ... | undefined) => PromiseLike<...>'.
      Types of parameters 'onfulfilled' and 'onfulfilled' are incompatible.
        Types of parameters 'value' and 'value' are incompatible.
          Property 'data' is missing in type '{ error: AuthError | null; }' but required in type '{ data: unknown; error: AuthError | null; }'.

[7m305[0m     const { error } = await safeQuery(() => supabaseClient.auth.signOut());
[7m   [0m [91m                                            ~~~~~~~~~~~~~~~~~~~~~~~~~~~~~[0m

  [96msrc/utils/supabaseClient.ts[0m:[93m5[0m:[93m27[0m
    [7m5[0m   fn: () => PromiseLike<{ data: T | null; error: E | null }>
    [7m [0m [96m                          ~~~~[0m
    'data' is declared here.
  [96msrc/utils/supabaseClient.ts[0m:[93m5[0m:[93m7[0m
    [7m5[0m   fn: () => PromiseLike<{ data: T | null; error: E | null }>
    [7m [0m [96m      ~~~~~~~~~~~~~~~~~~~~~~~~~~~~~~~~~~~~~~~~~~~~~~~~~~~~~~[0m
    The expected type comes from the return type of this signature.

[96msrc/context/AuthContext.tsx[0m:[93m340[0m:[93m20[0m - [91merror[0m[90m TS18047: [0m'user' is possibly 'null'.

[7m340[0m           user_id: user.id,
[7m   [0m [91m                   ~~~~[0m

[96msrc/context/AuthContext.tsx[0m:[93m351[0m:[93m20[0m - [91merror[0m[90m TS2345: [0mArgument of type '{ id: string; updated_at: string; full_name: string; avatar_url: string; phone: string; profession: string; company: string; }[] | null' is not assignable to parameter of type 'SetStateAction<UserProfile | null>'.
  Type '{ id: string; updated_at: string; full_name: string; avatar_url: string; phone: string; profession: string; company: string; }[]' is not assignable to type 'SetStateAction<UserProfile | null>'.

[7m351[0m     setUserProfile(data);
[7m   [0m [91m                   ~~~~[0m

[96msrc/context/AuthContext.tsx[0m:[93m353[0m:[93m7[0m - [91merror[0m[90m TS2322: [0mType '{ id: string; updated_at: string; full_name: string; avatar_url: string; phone: string; profession: string; company: string; }[] | null' is not assignable to type '{ id: string; updated_at: string; full_name: string; avatar_url: string; phone: string; profession: string; company: string; }'.
  Type 'null' is not assignable to type '{ id: string; updated_at: string; full_name: string; avatar_url: string; phone: string; profession: string; company: string; }'.

[7m353[0m       return data;
[7m   [0m [91m      ~~~~~~[0m

[96msrc/context/AuthContext.tsx[0m:[93m377[0m:[93m7[0m - [91merror[0m[90m TS2322: [0mType '{ notification_settings: Json; privacy_settings: Json; learning_preferences: Json; }[] | null' is not assignable to type '{ notification_settings: Json; privacy_settings: Json; learning_preferences: Json; }'.
  Type 'null' is not assignable to type '{ notification_settings: Json; privacy_settings: Json; learning_preferences: Json; }'.

[7m377[0m       return data;
[7m   [0m [91m      ~~~~~~[0m

[96msrc/context/AuthContext.tsx[0m:[93m396[0m:[93m5[0m - [91merror[0m[90m TS2322: [0mType 'null' is not assignable to type '{ notification_settings: Json; privacy_settings: Json; learning_preferences: Json; }'.

[7m396[0m     return data;
[7m   [0m [91m    ~~~~~~[0m

[96msrc/context/CourseContext.tsx[0m:[93m7[0m:[93m26[0m - [91merror[0m[90m TS5097: [0mAn import path can only end with a '.tsx' extension when 'allowImportingTsExtensions' is enabled.

[7m7[0m import { logError } from './ErrorContext.tsx';
[7m [0m [91m                         ~~~~~~~~~~~~~~~~~~~~[0m

[96msrc/context/CourseContext.tsx[0m:[93m31[0m:[93m5[0m - [91merror[0m[90m TS2769: [0mNo overload matches this call.
  Overload 1 of 3, '(options: DefinedInitialDataOptions<unknown, Error, unknown, (string | undefined)[]>, queryClient?: QueryClient | undefined): DefinedUseQueryResult<unknown, Error>', gave the following error.
    Object literal may only specify known properties, and 'onError' does not exist in type 'DefinedInitialDataOptions<unknown, Error, unknown, (string | undefined)[]>'.
  Overload 2 of 3, '(options: UndefinedInitialDataOptions<CoursesFromSupabase | null, Error, CoursesFromSupabase | null, (string | undefined)[]>, queryClient?: QueryClient | undefined): UseQueryResult<...>', gave the following error.
    Object literal may only specify known properties, and 'onError' does not exist in type 'UndefinedInitialDataOptions<CoursesFromSupabase | null, Error, CoursesFromSupabase | null, (string | undefined)[]>'.
  Overload 3 of 3, '(options: UseQueryOptions<CoursesFromSupabase | null, Error, CoursesFromSupabase | null, (string | undefined)[]>, queryClient?: QueryClient | undefined): UseQueryResult<...>', gave the following error.
    Object literal may only specify known properties, and 'onError' does not exist in type 'UseQueryOptions<CoursesFromSupabase | null, Error, CoursesFromSupabase | null, (string | undefined)[]>'.

[7m31[0m     onError: error =>
[7m  [0m [91m    ~~~~~~~[0m


[96msrc/context/CourseContext.tsx[0m:[93m31[0m:[93m14[0m - [91merror[0m[90m TS7006: [0mParameter 'error' implicitly has an 'any' type.

[7m31[0m     onError: error =>
[7m  [0m [91m             ~~~~~[0m

[96msrc/context/CourseContext.tsx[0m:[93m36[0m:[93m37[0m - [91merror[0m[90m TS2339: [0mProperty 'courses' does not exist on type '{}'.

[7m36[0m   const courses = queryResult.data?.courses || [];
[7m  [0m [91m                                    ~~~~~~~[0m

[96msrc/context/CourseContext.tsx[0m:[93m37[0m:[93m37[0m - [91merror[0m[90m TS2339: [0mProperty 'lessons' does not exist on type '{}'.

[7m37[0m   const lessons = queryResult.data?.lessons || [];
[7m  [0m [91m                                    ~~~~~~~[0m

[96msrc/context/CourseContext.tsx[0m:[93m38[0m:[93m37[0m - [91merror[0m[90m TS2339: [0mProperty 'modules' does not exist on type '{}'.

[7m38[0m   const modules = queryResult.data?.modules || [];
[7m  [0m [91m                                    ~~~~~~~[0m

[96msrc/context/CourseContext.tsx[0m:[93m39[0m:[93m42[0m - [91merror[0m[90m TS2339: [0mProperty 'userProgress' does not exist on type '{}'.

[7m39[0m   const userProgress = queryResult.data?.userProgress || [];
[7m  [0m [91m                                         ~~~~~~~~~~~~[0m

[96msrc/context/CourseContext.tsx[0m:[93m48[0m:[93m5[0m - [91merror[0m[90m TS2322: [0mType '(options?: RefetchOptions | undefined) => Promise<QueryObserverResult<unknown, Error>>' is not assignable to type '() => Promise<QueryObserverResult<CoursesFromSupabase | null, unknown>>'.
  Type 'Promise<QueryObserverResult<unknown, Error>>' is not assignable to type 'Promise<QueryObserverResult<CoursesFromSupabase | null, unknown>>'.
    Type 'QueryObserverResult<unknown, Error>' is not assignable to type 'QueryObserverResult<CoursesFromSupabase | null, unknown>'.
      Type 'QueryObserverRefetchErrorResult<unknown, Error>' is not assignable to type 'QueryObserverResult<CoursesFromSupabase | null, unknown>'.
        Type 'QueryObserverRefetchErrorResult<unknown, Error>' is not assignable to type 'QueryObserverRefetchErrorResult<CoursesFromSupabase | null, unknown>'.
          Type 'unknown' is not assignable to type 'CoursesFromSupabase | null'.

[7m48[0m     refetchCourses: queryResult.refetch,
[7m  [0m [91m    ~~~~~~~~~~~~~~[0m

  [96msrc/context/CourseContext.tsx[0m:[93m16[0m:[93m3[0m
    [7m16[0m   refetchCourses: () => Promise<QueryObserverResult<CourseData | null, unknown>>;
    [7m  [0m [96m  ~~~~~~~~~~~~~~[0m
    The expected type comes from property 'refetchCourses' which is declared here on type 'CourseContextValue'

[96msrc/hooks/useAchievements.ts[0m:[93m41[0m:[93m9[0m - [91merror[0m[90m TS2322: [0mType 'PostgrestFilterBuilder<{ Tables: { achievements: { Row: { created_at: string | null; description: string | null; earned: boolean | null; icon: string | null; id: string; rarity: string | null; title: string; user_id: string | null; xp_reward: number | null; }; Insert: { ...; }; Update: { ...; }; Relationships: []; }...' is not assignable to type 'PromiseLike<{ data: { created_at: string | null; description: string | null; earned: boolean | null; icon: string | null; id: string; rarity: string | null; title: string; user_id: string | null; xp_reward: number | null; }[] | null; error: PostgrestError | null; }>'.
  Types of property 'then' are incompatible.
    Type '<TResult1 = PostgrestSingleResponse<SelectQueryError<"Invalid Relationships cannot infer result type">[]>, TResult2 = never>(onfulfilled?: ((value: PostgrestSingleResponse<SelectQueryError<"Invalid Relationships cannot infer result type">[]>) => TResult1 | PromiseLike<...>) | null | undefined, onrejected?: ((reason:...' is not assignable to type '<TResult1 = { data: { created_at: string | null; description: string | null; earned: boolean | null; icon: string | null; id: string; rarity: string | null; title: string; user_id: string | null; xp_reward: number | null; }[] | null; error: PostgrestError | null; }, TResult2 = never>(onfulfilled?: ((value: { ...; })...'.
      Types of parameters 'onfulfilled' and 'onfulfilled' are incompatible.
        Types of parameters 'value' and 'value' are incompatible.
          Type 'PostgrestSingleResponse<SelectQueryError<"Invalid Relationships cannot infer result type">[]>' is not assignable to type '{ data: { created_at: string | null; description: string | null; earned: boolean | null; icon: string | null; id: string; rarity: string | null; title: string; user_id: string | null; xp_reward: number | null; }[] | null; error: PostgrestError | null; }'.
            Type 'PostgrestResponseSuccess<SelectQueryError<"Invalid Relationships cannot infer result type">[]>' is not assignable to type '{ data: { created_at: string | null; description: string | null; earned: boolean | null; icon: string | null; id: string; rarity: string | null; title: string; user_id: string | null; xp_reward: number | null; }[] | null; error: PostgrestError | null; }'.
              Types of property 'data' are incompatible.
                Type 'SelectQueryError<"Invalid Relationships cannot infer result type">[]' is not assignable to type '{ created_at: string | null; description: string | null; earned: boolean | null; icon: string | null; id: string; rarity: string | null; title: string; user_id: string | null; xp_reward: number | null; }[]'.
                  Type '{ error: true; } & String' is missing the following properties from type '{ created_at: string | null; description: string | null; earned: boolean | null; icon: string | null; id: string; rarity: string | null; title: string; user_id: string | null; xp_reward: number | null; }': created_at, description, earned, icon, and 5 more.

[7m 41[0m         Object.entries(filters)
[7m   [0m [91m        ~~~~~~~~~~~~~~~~~~~~~~~[0m
[7m 42[0m           .reduce(
[7m   [0m [91m~~~~~~~~~~~~~~~~~~[0m
[7m...[0m 
[7m 50[0m           .order('created_at', { ascending: order === 'asc' })
[7m   [0m [91m~~~~~~~~~~~~~~~~~~~~~~~~~~~~~~~~~~~~~~~~~~~~~~~~~~~~~~~~~~~~~~[0m
[7m 51[0m           .limit(limit)
[7m   [0m [91m~~~~~~~~~~~~~~~~~~~~~~~[0m

  [96msrc/utils/supabaseClient.ts[0m:[93m5[0m:[93m7[0m
    [7m5[0m   fn: () => PromiseLike<{ data: T | null; error: E | null }>
    [7m [0m [96m      ~~~~~~~~~~~~~~~~~~~~~~~~~~~~~~~~~~~~~~~~~~~~~~~~~~~~~~[0m
    The expected type comes from the return type of this signature.

[96msrc/hooks/useAchievements.ts[0m:[93m44[0m:[93m15[0m - [91merror[0m[90m TS2589: [0mType instantiation is excessively deep and possibly infinite.

[7m44[0m               q.eq(column as keyof AchievementRow, value as never),
[7m  [0m [91m              ~~~~~~~~~~~~~~~~~~~~~~~~~~~~~~~~~~~~~~~~~~~~~~~~~~~~[0m

[96msrc/hooks/useAchievements.ts[0m:[93m46[0m:[93m21[0m - [91merror[0m[90m TS2344: [0mType '"achievements"' does not satisfy the constraint 'never'.

[7m46[0m               .from<'achievements', AchievementRow>('achievements')
[7m  [0m [91m                    ~~~~~~~~~~~~~~[0m

[96msrc/hooks/useProgressChartData.ts[0m:[93m61[0m:[93m7[0m - [91merror[0m[90m TS7053: [0mElement implicitly has an 'any' type because expression of type 'string' can't be used to index type '{}'.
  No index signature with a parameter of type 'string' was found on type '{}'.

[7m61[0m       acc[module.id] = module.course_id;
[7m  [0m [91m      ~~~~~~~~~~~~~~[0m

[96msrc/hooks/useProgressChartData.ts[0m:[93m66[0m:[93m40[0m - [91merror[0m[90m TS2538: [0mType 'null' cannot be used as an index type.

[7m66[0m       const courseId = moduleCourseMap[lesson.module_id];
[7m  [0m [91m                                       ~~~~~~~~~~~~~~~~[0m

[96msrc/hooks/useProgressChartData.ts[0m:[93m71[0m:[93m9[0m - [91merror[0m[90m TS2322: [0mType 'string | null' is not assignable to type 'string'.
  Type 'null' is not assignable to type 'string'.

[7m71[0m         category: course ? course.category : 'Unknown',
[7m  [0m [91m        ~~~~~~~~[0m

  [96msrc/hooks/useProgressChartData.ts[0m:[93m55[0m:[93m7[0m
    [7m55[0m       category: string;
    [7m  [0m [96m      ~~~~~~~~[0m
    The expected type comes from property 'category' which is declared here on type 'EnrichedLesson'

[96msrc/hooks/useProgressChartData.ts[0m:[93m100[0m:[93m49[0m - [91merror[0m[90m TS2538: [0mType 'null' cannot be used as an index type.

[7m100[0m           const lessonDetails = enrichedLessons[p.lesson_id];
[7m   [0m [91m                                                ~~~~~~~~~~~[0m

[96msrc/hooks/useProgressChartData.ts[0m:[93m125[0m:[93m49[0m - [91merror[0m[90m TS2538: [0mType 'null' cannot be used as an index type.

[7m125[0m           const lessonDetails = enrichedLessons[p.lesson_id];
[7m   [0m [91m                                                ~~~~~~~~~~~[0m

[96msrc/hooks/useProgressChartData.ts[0m:[93m142[0m:[93m45[0m - [91merror[0m[90m TS2538: [0mType 'null' cannot be used as an index type.

[7m142[0m       const lessonDetails = enrichedLessons[p.lesson_id];
[7m   [0m [91m                                            ~~~~~~~~~~~[0m

[96msrc/hooks/useRecentActivity.ts[0m:[93m44[0m:[93m9[0m - [91merror[0m[90m TS2322: [0mType 'PostgrestFilterBuilder<{ Tables: { achievements: { Row: { created_at: string | null; description: string | null; earned: boolean | null; icon: string | null; id: string; rarity: string | null; title: string; user_id: string | null; xp_reward: number | null; }; Insert: { ...; }; Update: { ...; }; Relationships: []; }...' is not assignable to type 'PromiseLike<{ data: { action: string; created_at: string | null; details: Json; id: string; type: string; user_id: string; }[] | null; error: PostgrestError | null; }>'.
  Types of property 'then' are incompatible.
    Type '<TResult1 = PostgrestSingleResponse<SelectQueryError<"Invalid Relationships cannot infer result type">[]>, TResult2 = never>(onfulfilled?: ((value: PostgrestSingleResponse<SelectQueryError<"Invalid Relationships cannot infer result type">[]>) => TResult1 | PromiseLike<...>) | null | undefined, onrejected?: ((reason:...' is not assignable to type '<TResult1 = { data: { action: string; created_at: string | null; details: Json; id: string; type: string; user_id: string; }[] | null; error: PostgrestError | null; }, TResult2 = never>(onfulfilled?: ((value: { ...; }) => TResult1 | PromiseLike<...>) | null | undefined, onrejected?: ((reason: any) => TResult2 | Prom...'.
      Types of parameters 'onfulfilled' and 'onfulfilled' are incompatible.
        Types of parameters 'value' and 'value' are incompatible.
          Type 'PostgrestSingleResponse<SelectQueryError<"Invalid Relationships cannot infer result type">[]>' is not assignable to type '{ data: { action: string; created_at: string | null; details: Json; id: string; type: string; user_id: string; }[] | null; error: PostgrestError | null; }'.
            Type 'PostgrestResponseSuccess<SelectQueryError<"Invalid Relationships cannot infer result type">[]>' is not assignable to type '{ data: { action: string; created_at: string | null; details: Json; id: string; type: string; user_id: string; }[] | null; error: PostgrestError | null; }'.
              Types of property 'data' are incompatible.
                Type 'SelectQueryError<"Invalid Relationships cannot infer result type">[]' is not assignable to type '{ action: string; created_at: string | null; details: Json; id: string; type: string; user_id: string; }[]'.
                  Type '{ error: true; } & String' is missing the following properties from type '{ action: string; created_at: string | null; details: Json; id: string; type: string; user_id: string; }': action, created_at, details, id, and 2 more.

[7m 44[0m         Object.entries(filters)
[7m   [0m [91m        ~~~~~~~~~~~~~~~~~~~~~~~[0m
[7m 45[0m           .reduce(
[7m   [0m [91m~~~~~~~~~~~~~~~~~~[0m
[7m...[0m 
[7m 53[0m           .order('created_at', { ascending: order === 'asc' })
[7m   [0m [91m~~~~~~~~~~~~~~~~~~~~~~~~~~~~~~~~~~~~~~~~~~~~~~~~~~~~~~~~~~~~~~[0m
[7m 54[0m           .limit(limit)
[7m   [0m [91m~~~~~~~~~~~~~~~~~~~~~~~[0m

  [96msrc/utils/supabaseClient.ts[0m:[93m5[0m:[93m7[0m
    [7m5[0m   fn: () => PromiseLike<{ data: T | null; error: E | null }>
    [7m [0m [96m      ~~~~~~~~~~~~~~~~~~~~~~~~~~~~~~~~~~~~~~~~~~~~~~~~~~~~~~[0m
    The expected type comes from the return type of this signature.

[96msrc/hooks/useRecentActivity.ts[0m:[93m47[0m:[93m15[0m - [91merror[0m[90m TS2589: [0mType instantiation is excessively deep and possibly infinite.

[7m47[0m               q.eq(column as keyof ActivityRow, value as never),
[7m  [0m [91m              ~~~~~~~~~~~~~~~~~~~~~~~~~~~~~~~~~~~~~~~~~~~~~~~~~[0m

[96msrc/hooks/useRecentActivity.ts[0m:[93m49[0m:[93m21[0m - [91merror[0m[90m TS2344: [0mType '"activity_log"' does not satisfy the constraint 'never'.

[7m49[0m               .from<'activity_log', ActivityRow>('activity_log')
[7m  [0m [91m                    ~~~~~~~~~~~~~~[0m

[96msrc/lib/__mocks__/supabase.ts[0m:[93m26[0m:[93m9[0m - [91merror[0m[90m TS2683: [0m'this' implicitly has type 'any' because it does not have a type annotation.

[7m26[0m     if (this.mockResolvedValue) {
[7m  [0m [91m        ~~~~[0m

  [96msrc/lib/__mocks__/supabase.ts[0m:[93m24[0m:[93m15[0m
    [7m24[0m   then: vi.fn(function (onFulfilled, onRejected) {
    [7m  [0m [96m              ~~~~~~~~[0m
    An outer value of 'this' is shadowed by this container.

[96msrc/lib/__mocks__/supabase.ts[0m:[93m27[0m:[93m32[0m - [91merror[0m[90m TS2683: [0m'this' implicitly has type 'any' because it does not have a type annotation.

[7m27[0m         return Promise.resolve(this.mockResolvedValue).then(onFulfilled, onRejected);
[7m  [0m [91m                               ~~~~[0m

  [96msrc/lib/__mocks__/supabase.ts[0m:[93m24[0m:[93m15[0m
    [7m24[0m   then: vi.fn(function (onFulfilled, onRejected) {
    [7m  [0m [96m              ~~~~~~~~[0m
    An outer value of 'this' is shadowed by this container.

[96msrc/lib/__mocks__/supabase.ts[0m:[93m33[0m:[93m35[0m - [91merror[0m[90m TS7006: [0mParameter 'value' implicitly has an 'any' type.

[7m33[0m   mockResolvedValueOnce: function(value) {
[7m  [0m [91m                                  ~~~~~[0m

[96msrc/lib/__mocks__/supabase.ts[0m:[93m34[0m:[93m10[0m - [91merror[0m[90m TS2551: [0mProperty 'mockResolvedValue' does not exist on type '{ select: Mock<Procedure>; insert: Mock<Procedure>; update: Mock<Procedure>; delete: Mock<Procedure>; eq: Mock<Procedure>; ... 12 more ...; mockResolvedValueOnce: (value: any) => ...; }'. Did you mean 'mockResolvedValueOnce'?

[7m34[0m     this.mockResolvedValue = value;
[7m  [0m [91m         ~~~~~~~~~~~~~~~~~[0m

  [96msrc/lib/__mocks__/supabase.ts[0m:[93m33[0m:[93m3[0m
    [7m33[0m   mockResolvedValueOnce: function(value) {
    [7m  [0m [96m  ~~~~~~~~~~~~~~~~~~~~~~~~~~~~~~~~~~~~~~~~[0m
    [7m34[0m     this.mockResolvedValue = value;
    [7m  [0m [96m~~~~~~~~~~~~~~~~~~~~~~~~~~~~~~~~~~~[0m
    [7m35[0m     return this; // Return this to allow further chaining if needed, though usually it's the end
    [7m  [0m [96m~~~~~~~~~~~~~~~~~~~~~~~~~~~~~~~~~~~~~~~~~~~~~~~~~~~~~~~~~~~~~~~~~~~~~~~~~~~~~~~~~~~~~~~~~~~~~~~~[0m
    [7m36[0m   }
    [7m  [0m [96m~~~[0m
    'mockResolvedValueOnce' is declared here.

[96msrc/lib/__mocks__/supabase.ts[0m:[93m49[0m:[93m34[0m - [91merror[0m[90m TS2345: [0mArgument of type '(tableName: any) => { select: Mock<Procedure>; insert: Mock<Procedure>; update: Mock<Procedure>; delete: Mock<Procedure>; ... 13 more ...; mockResolvedValueOnce: (value: any) => { ...; }; }' is not assignable to parameter of type 'NormalizedProcedure<() => { select: Mock<Procedure>; insert: Mock<Procedure>; update: Mock<Procedure>; delete: Mock<Procedure>; ... 13 more ...; mockResolvedValueOnce: (value: any) => { ...; }; }>'.
  Target signature provides too few arguments. Expected 1 or more, but got 0.

[7m49[0m supabase.from.mockImplementation((tableName) => {
[7m  [0m [91m                                 ~~~~~~~~~~~~~~~~[0m

[96msrc/lib/__mocks__/supabase.ts[0m:[93m49[0m:[93m35[0m - [91merror[0m[90m TS7006: [0mParameter 'tableName' implicitly has an 'any' type.

[7m49[0m supabase.from.mockImplementation((tableName) => {
[7m  [0m [91m                                  ~~~~~~~~~[0m

[96msrc/lib/__mocks__/supabase.ts[0m:[93m65[0m:[93m39[0m - [91merror[0m[90m TS2345: [0mArgument of type '{ data: never[]; error: null; count: number; }' is not assignable to parameter of type '{ data: null; error: null; count: null; }'.
  Types of property 'data' are incompatible.
    Type 'never[]' is not assignable to type 'null'.

[7m65[0m   const newBuilder = mockQueryBuilder(defaultResponse);
[7m  [0m [91m                                      ~~~~~~~~~~~~~~~[0m

[96msrc/lib/__mocks__/supabase.ts[0m:[93m67[0m:[93m14[0m - [91merror[0m[90m TS2551: [0mProperty 'mockResolvedValue' does not exist on type '{ select: Mock<Procedure>; insert: Mock<Procedure>; update: Mock<Procedure>; delete: Mock<Procedure>; eq: Mock<Procedure>; ... 12 more ...; mockResolvedValueOnce: (value: any) => { ...; }; }'. Did you mean 'mockResolvedValueOnce'?

[7m67[0m   newBuilder.mockResolvedValue = function(value) { // Renamed to avoid conflict
[7m  [0m [91m             ~~~~~~~~~~~~~~~~~[0m

  [96msrc/lib/__mocks__/supabase.ts[0m:[93m33[0m:[93m3[0m
    [7m33[0m   mockResolvedValueOnce: function(value) {
    [7m  [0m [96m  ~~~~~~~~~~~~~~~~~~~~~~~~~~~~~~~~~~~~~~~~[0m
    [7m34[0m     this.mockResolvedValue = value;
    [7m  [0m [96m~~~~~~~~~~~~~~~~~~~~~~~~~~~~~~~~~~~[0m
    [7m35[0m     return this; // Return this to allow further chaining if needed, though usually it's the end
    [7m  [0m [96m~~~~~~~~~~~~~~~~~~~~~~~~~~~~~~~~~~~~~~~~~~~~~~~~~~~~~~~~~~~~~~~~~~~~~~~~~~~~~~~~~~~~~~~~~~~~~~~~[0m
    [7m36[0m   }
    [7m  [0m [96m~~~[0m
    'mockResolvedValueOnce' is declared here.

[96msrc/lib/__mocks__/supabase.ts[0m:[93m67[0m:[93m43[0m - [91merror[0m[90m TS7006: [0mParameter 'value' implicitly has an 'any' type.

[7m67[0m   newBuilder.mockResolvedValue = function(value) { // Renamed to avoid conflict
[7m  [0m [91m                                          ~~~~~[0m

[96msrc/lib/__mocks__/supabase.ts[0m:[93m68[0m:[93m10[0m - [91merror[0m[90m TS2551: [0mProperty 'mockResolvedValue' does not exist on type '{ select: Mock<Procedure>; insert: Mock<Procedure>; update: Mock<Procedure>; delete: Mock<Procedure>; eq: Mock<Procedure>; ... 12 more ...; mockResolvedValueOnce: (value: any) => { ...; }; }'. Did you mean 'mockResolvedValueOnce'?

[7m68[0m     this.mockResolvedValue = value; // This sets the value on the builder instance
[7m  [0m [91m         ~~~~~~~~~~~~~~~~~[0m

  [96msrc/lib/__mocks__/supabase.ts[0m:[93m33[0m:[93m3[0m
    [7m33[0m   mockResolvedValueOnce: function(value) {
    [7m  [0m [96m  ~~~~~~~~~~~~~~~~~~~~~~~~~~~~~~~~~~~~~~~~[0m
    [7m34[0m     this.mockResolvedValue = value;
    [7m  [0m [96m~~~~~~~~~~~~~~~~~~~~~~~~~~~~~~~~~~~[0m
    [7m35[0m     return this; // Return this to allow further chaining if needed, though usually it's the end
    [7m  [0m [96m~~~~~~~~~~~~~~~~~~~~~~~~~~~~~~~~~~~~~~~~~~~~~~~~~~~~~~~~~~~~~~~~~~~~~~~~~~~~~~~~~~~~~~~~~~~~~~~~[0m
    [7m36[0m   }
    [7m  [0m [96m~~~[0m
    'mockResolvedValueOnce' is declared here.

[96msrc/pages/admin-dashboard/components/PerformanceMetrics.tsx[0m:[93m36[0m:[93m26[0m - [91merror[0m[90m TS7006: [0mParameter 'status' implicitly has an 'any' type.

[7m36[0m   const getStatusColor = status => {
[7m  [0m [91m                         ~~~~~~[0m

[96msrc/pages/admin-dashboard/components/PerformanceMetrics.tsx[0m:[93m45[0m:[93m23[0m - [91merror[0m[90m TS7006: [0mParameter 'status' implicitly has an 'any' type.

[7m45[0m   const getStatusBg = status => {
[7m  [0m [91m                      ~~~~~~[0m

[96msrc/pages/admin-dashboard/components/PerformanceMetrics.tsx[0m:[93m54[0m:[93m30[0m - [91merror[0m[90m TS7006: [0mParameter 'status' implicitly has an 'any' type.

[7m54[0m   const getStatusIndicator = status => {
[7m  [0m [91m                             ~~~~~~[0m

[96msrc/pages/admin-dashboard/components/PerformanceMetrics.tsx[0m:[93m63[0m:[93m26[0m - [91merror[0m[90m TS7006: [0mParameter 'status' implicitly has an 'any' type.

[7m63[0m   const getStatusLabel = status => {
[7m  [0m [91m                         ~~~~~~[0m

[96msrc/pages/admin-dashboard/components/PerformanceMetrics.tsx[0m:[93m103[0m:[93m47[0m - [91merror[0m[90m TS2322: [0mType 'string' is not assignable to type '"Menu" | "X" | "Activity" | "AlertCircle" | "AlertTriangle" | "ArrowDown" | "ArrowLeft" | "ArrowRight" | "ArrowUp" | "ArrowUpDown" | "Award" | "BarChart3" | "Bell" | "Bold" | ... 102 more ... | "Zap"'.

[7m103[0m                     <Icon aria-hidden="true"  name={metric.icon} size={16} className={getStatusColor(metric.status)} />
[7m   [0m [91m                                              ~~~~[0m

  [96msrc/components/AppIcon.tsx[0m:[93m143[0m:[93m3[0m
    [7m143[0m   name: IconName;
    [7m   [0m [96m  ~~~~[0m
    The expected type comes from property 'name' which is declared here on type 'IntrinsicAttributes & IconProps'

[96msrc/pages/admin-dashboard/components/PopularCoursesChart.tsx[0m:[93m13[0m:[93m26[0m - [91merror[0m[90m TS7031: [0mBinding element 'active' implicitly has an 'any' type.

[7m13[0m const CustomTooltip = ({ active, payload, label }) => {
[7m  [0m [91m                         ~~~~~~[0m

[96msrc/pages/admin-dashboard/components/PopularCoursesChart.tsx[0m:[93m13[0m:[93m34[0m - [91merror[0m[90m TS7031: [0mBinding element 'payload' implicitly has an 'any' type.

[7m13[0m const CustomTooltip = ({ active, payload, label }) => {
[7m  [0m [91m                                 ~~~~~~~[0m

[96msrc/pages/admin-dashboard/components/PopularCoursesChart.tsx[0m:[93m13[0m:[93m43[0m - [91merror[0m[90m TS7031: [0mBinding element 'label' implicitly has an 'any' type.

[7m13[0m const CustomTooltip = ({ active, payload, label }) => {
[7m  [0m [91m                                          ~~~~~[0m

[96msrc/pages/admin-dashboard/components/PopularCoursesChart.tsx[0m:[93m222[0m:[93m30[0m - [91merror[0m[90m TS7006: [0mParameter 'value' implicitly has an 'any' type.

[7m222[0m               tickFormatter={value => value.toLocaleString('fr-FR')}
[7m   [0m [91m                             ~~~~~[0m

[96msrc/pages/admin-dashboard/components/PopularCoursesChart.tsx[0m:[93m224[0m:[93m32[0m - [91merror[0m[90m TS2739: [0mType '{}' is missing the following properties from type '{ active: any; payload: any; label: any; }': active, payload, label

[7m224[0m             <Tooltip content={<CustomTooltip />} />
[7m   [0m [91m                               ~~~~~~~~~~~~~[0m

[96msrc/pages/admin-dashboard/components/RecentActivity.tsx[0m:[93m18[0m:[93m19[0m - [91merror[0m[90m TS7006: [0mParameter 'date' implicitly has an 'any' type.

[7m18[0m const timeSince = date => {
[7m  [0m [91m                  ~~~~[0m

[96msrc/pages/admin-dashboard/components/RecentActivity.tsx[0m:[93m19[0m:[93m31[0m - [91merror[0m[90m TS2362: [0mThe left-hand side of an arithmetic operation must be of type 'any', 'number', 'bigint' or an enum type.

[7m19[0m   const seconds = Math.floor((new Date() - new Date(date)) / 1000);
[7m  [0m [91m                              ~~~~~~~~~~[0m

[96msrc/pages/admin-dashboard/components/RecentActivity.tsx[0m:[93m19[0m:[93m44[0m - [91merror[0m[90m TS2363: [0mThe right-hand side of an arithmetic operation must be of type 'any', 'number', 'bigint' or an enum type.

[7m19[0m   const seconds = Math.floor((new Date() - new Date(date)) / 1000);
[7m  [0m [91m                                           ~~~~~~~~~~~~~~[0m

[96msrc/pages/admin-dashboard/components/RecentActivity.tsx[0m:[93m34[0m:[93m30[0m - [91merror[0m[90m TS7006: [0mParameter 'type' implicitly has an 'any' type.

[7m34[0m const getActivityTypeProps = type => {
[7m  [0m [91m                             ~~~~[0m

[96msrc/pages/admin-dashboard/components/RecentActivity.tsx[0m:[93m134[0m:[93m41[0m - [91merror[0m[90m TS2339: [0mProperty 'full_name' does not exist on type 'SelectQueryError<"could not find the relation between activity_log and profiles">'.

[7m134[0m             ? { name: activity.profiles.full_name, avatar: activity.profiles.avatar_url }
[7m   [0m [91m                                        ~~~~~~~~~[0m

[96msrc/pages/admin-dashboard/components/RecentActivity.tsx[0m:[93m134[0m:[93m78[0m - [91merror[0m[90m TS2339: [0mProperty 'avatar_url' does not exist on type 'SelectQueryError<"could not find the relation between activity_log and profiles">'.

[7m134[0m             ? { name: activity.profiles.full_name, avatar: activity.profiles.avatar_url }
[7m   [0m [91m                                                                             ~~~~~~~~~~[0m

[96msrc/pages/admin-dashboard/components/RecentActivity.tsx[0m:[93m216[0m:[93m43[0m - [91merror[0m[90m TS2322: [0mType 'string' is not assignable to type '"Menu" | "X" | "Activity" | "AlertCircle" | "AlertTriangle" | "ArrowDown" | "ArrowLeft" | "ArrowRight" | "ArrowUp" | "ArrowUpDown" | "Award" | "BarChart3" | "Bell" | "Bold" | ... 102 more ... | "Zap"'.

[7m216[0m                 <Icon aria-hidden="true"  name={activity.icon} size={16} className={activity.iconColor} />
[7m   [0m [91m                                          ~~~~[0m

  [96msrc/components/AppIcon.tsx[0m:[93m143[0m:[93m3[0m
    [7m143[0m   name: IconName;
    [7m   [0m [96m  ~~~~[0m
    The expected type comes from property 'name' which is declared here on type 'IntrinsicAttributes & IconProps'

[96msrc/pages/admin-dashboard/components/UserEngagementChart.tsx[0m:[93m38[0m:[93m25[0m - [91merror[0m[90m TS7006: [0mParameter 'date' implicitly has an 'any' type.

[7m38[0m const getStartOfWeek = (date) => {
[7m  [0m [91m                        ~~~~[0m

[96msrc/pages/admin-dashboard/components/UserEngagementChart.tsx[0m:[93m56[0m:[93m40[0m - [91merror[0m[90m TS7006: [0mParameter 'currentTimeRange' implicitly has an 'any' type.

[7m56[0m     const fetchEngagementData = async (currentTimeRange) => {
[7m  [0m [91m                                       ~~~~~~~~~~~~~~~~[0m

[96msrc/pages/admin-dashboard/components/UserEngagementChart.tsx[0m:[93m102[0m:[93m13[0m - [91merror[0m[90m TS7034: [0mVariable 'processedData' implicitly has type 'any[]' in some locations where its type cannot be determined.

[7m102[0m         let processedData = [];
[7m   [0m [91m            ~~~~~~~~~~~~~[0m

[96msrc/pages/admin-dashboard/components/UserEngagementChart.tsx[0m:[93m111[0m:[93m35[0m - [91merror[0m[90m TS2769: [0mNo overload matches this call.
  Overload 1 of 4, '(value: string | number | Date): Date', gave the following error.
    Argument of type 'string | null' is not assignable to parameter of type 'string | number | Date'.
      Type 'null' is not assignable to type 'string | number | Date'.
  Overload 2 of 4, '(value: string | number): Date', gave the following error.
    Argument of type 'string | null' is not assignable to parameter of type 'string | number'.
      Type 'null' is not assignable to type 'string | number'.

[7m111[0m             const hour = new Date(session.started_at).getHours();
[7m   [0m [91m                                  ~~~~~~~~~~~~~~~~~~[0m


[96msrc/pages/admin-dashboard/components/UserEngagementChart.tsx[0m:[93m112[0m:[93m13[0m - [91merror[0m[90m TS7005: [0mVariable 'processedData' implicitly has an 'any[]' type.

[7m112[0m             processedData[hour].sessions++;
[7m   [0m [91m            ~~~~~~~~~~~~~[0m

[96msrc/pages/admin-dashboard/components/UserEngagementChart.tsx[0m:[93m113[0m:[93m13[0m - [91merror[0m[90m TS7005: [0mVariable 'processedData' implicitly has an 'any[]' type.

[7m113[0m             processedData[hour].usersSet.add(session.user_id);
[7m   [0m [91m            ~~~~~~~~~~~~~[0m

[96msrc/pages/admin-dashboard/components/UserEngagementChart.tsx[0m:[93m128[0m:[93m42[0m - [91merror[0m[90m TS2769: [0mNo overload matches this call.
  Overload 1 of 4, '(value: string | number | Date): Date', gave the following error.
    Argument of type 'string | null' is not assignable to parameter of type 'string | number | Date'.
      Type 'null' is not assignable to type 'string | number | Date'.
  Overload 2 of 4, '(value: string | number): Date', gave the following error.
    Argument of type 'string | null' is not assignable to parameter of type 'string | number'.
      Type 'null' is not assignable to type 'string | number'.

[7m128[0m             const sessionDate = new Date(session.started_at);
[7m   [0m [91m                                         ~~~~~~~~~~~~~~~~~~[0m


[96msrc/pages/admin-dashboard/components/UserEngagementChart.tsx[0m:[93m130[0m:[93m28[0m - [91merror[0m[90m TS7005: [0mVariable 'processedData' implicitly has an 'any[]' type.

[7m130[0m             const bucket = processedData.find(b => b.dateObj.toISOString().split('T')[0] === sessionDayStr);
[7m   [0m [91m                           ~~~~~~~~~~~~~[0m

[96msrc/pages/admin-dashboard/components/UserEngagementChart.tsx[0m:[93m147[0m:[93m42[0m - [91merror[0m[90m TS2769: [0mNo overload matches this call.
  Overload 1 of 4, '(value: string | number | Date): Date', gave the following error.
    Argument of type 'string | null' is not assignable to parameter of type 'string | number | Date'.
      Type 'null' is not assignable to type 'string | number | Date'.
  Overload 2 of 4, '(value: string | number): Date', gave the following error.
    Argument of type 'string | null' is not assignable to parameter of type 'string | number'.
      Type 'null' is not assignable to type 'string | number'.

[7m147[0m             const sessionDate = new Date(session.started_at);
[7m   [0m [91m                                         ~~~~~~~~~~~~~~~~~~[0m


[96msrc/pages/admin-dashboard/components/UserEngagementChart.tsx[0m:[93m149[0m:[93m28[0m - [91merror[0m[90m TS7005: [0mVariable 'processedData' implicitly has an 'any[]' type.

[7m149[0m             const bucket = processedData.find(b => b.dateObj.toISOString().split('T')[0] === sessionDayStr);
[7m   [0m [91m                           ~~~~~~~~~~~~~[0m

[96msrc/pages/admin-dashboard/components/UserEngagementChart.tsx[0m:[93m170[0m:[93m40[0m - [91merror[0m[90m TS2362: [0mThe left-hand side of an arithmetic operation must be of type 'any', 'number', 'bigint' or an enum type.

[7m170[0m            processedData.sort((a,b) => a.weekStart - b.weekStart);
[7m   [0m [91m                                       ~~~~~~~~~~~[0m

[96msrc/pages/admin-dashboard/components/UserEngagementChart.tsx[0m:[93m170[0m:[93m54[0m - [91merror[0m[90m TS2363: [0mThe right-hand side of an arithmetic operation must be of type 'any', 'number', 'bigint' or an enum type.

[7m170[0m            processedData.sort((a,b) => a.weekStart - b.weekStart);
[7m   [0m [91m                                                     ~~~~~~~~~~~[0m

[96msrc/pages/admin-dashboard/components/UserEngagementChart.tsx[0m:[93m175[0m:[93m42[0m - [91merror[0m[90m TS2769: [0mNo overload matches this call.
  Overload 1 of 4, '(value: string | number | Date): Date', gave the following error.
    Argument of type 'string | null' is not assignable to parameter of type 'string | number | Date'.
      Type 'null' is not assignable to type 'string | number | Date'.
  Overload 2 of 4, '(value: string | number): Date', gave the following error.
    Argument of type 'string | null' is not assignable to parameter of type 'string | number'.
      Type 'null' is not assignable to type 'string | number'.

[7m175[0m             const sessionDate = new Date(session.started_at);
[7m   [0m [91m                                         ~~~~~~~~~~~~~~~~~~[0m


[96msrc/pages/admin-dashboard/components/UserEngagementChart.tsx[0m:[93m178[0m:[93m34[0m - [91merror[0m[90m TS7005: [0mVariable 'processedData' implicitly has an 'any[]' type.

[7m178[0m               if (sessionDate >= processedData[i].weekStart) {
[7m   [0m [91m                                 ~~~~~~~~~~~~~[0m

[96msrc/pages/admin-dashboard/components/UserEngagementChart.tsx[0m:[93m179[0m:[93m17[0m - [91merror[0m[90m TS7005: [0mVariable 'processedData' implicitly has an 'any[]' type.

[7m179[0m                 processedData[i].sessions++;
[7m   [0m [91m                ~~~~~~~~~~~~~[0m

[96msrc/pages/admin-dashboard/components/UserEngagementChart.tsx[0m:[93m180[0m:[93m17[0m - [91merror[0m[90m TS7005: [0mVariable 'processedData' implicitly has an 'any[]' type.

[7m180[0m                 processedData[i].usersSet.add(session.user_id);
[7m   [0m [91m                ~~~~~~~~~~~~~[0m

[96msrc/pages/admin-dashboard/components/UserEngagementChart.tsx[0m:[93m187[0m:[93m27[0m - [91merror[0m[90m TS7005: [0mVariable 'processedData' implicitly has an 'any[]' type.

[7m187[0m         const finalData = processedData.map(bucket => ({
[7m   [0m [91m                          ~~~~~~~~~~~~~[0m

[96msrc/pages/admin-dashboard/components/UserEngagementChart.tsx[0m:[93m275[0m:[93m30[0m - [91merror[0m[90m TS7006: [0mParameter 'value' implicitly has an 'any' type.

[7m275[0m               tickFormatter={value => value.toLocaleString('fr-FR')}
[7m   [0m [91m                             ~~~~~[0m

[96msrc/pages/admin-dashboard/index.tsx[0m:[93m42[0m:[93m32[0m - [91merror[0m[90m TS2322: [0mType '"distinct"' is not assignable to type '"exact" | "planned" | "estimated" | undefined'.

[7m42[0m           .select('user_id', { count: 'distinct' })
[7m  [0m [91m                               ~~~~~[0m

[96msrc/pages/admin-dashboard/index.tsx[0m:[93m67[0m:[93m55[0m - [91merror[0m[90m TS18047: [0m'curr.duration_minutes' is possibly 'null'.

[7m67[0m           ? validSessions.reduce((acc, curr) => acc + curr.duration_minutes, 0) / validSessions.length
[7m  [0m [91m                                                      ~~~~~~~~~~~~~~~~~~~~~[0m

[96msrc/pages/admin-dashboard/index.tsx[0m:[93m135[0m:[93m103[0m - [91merror[0m[90m TS2554: [0mExpected 0 arguments, but got 1.

[7m135[0m       value: dashboardMetrics.revenue === "N/A" ? "N/A" : `Ã”Ã©Â¼${dashboardMetrics.revenue.toLocaleString('fr-FR')}`, // Placeholder
[7m   [0m [91m                                                                                                      ~~~~~~~[0m

[96msrc/pages/admin-dashboard/index.tsx[0m:[93m236[0m:[93m47[0m - [91merror[0m[90m TS2322: [0mType 'string' is not assignable to type '"Menu" | "X" | "Activity" | "AlertCircle" | "AlertTriangle" | "ArrowDown" | "ArrowLeft" | "ArrowRight" | "ArrowUp" | "ArrowUpDown" | "Award" | "BarChart3" | "Bell" | "Bold" | ... 102 more ... | "Zap"'.

[7m236[0m                     <Icon aria-hidden="true"  name={stat.icon} size={24} color='white' />
[7m   [0m [91m                                              ~~~~[0m

  [96msrc/components/AppIcon.tsx[0m:[93m143[0m:[93m3[0m
    [7m143[0m   name: IconName;
    [7m   [0m [96m  ~~~~[0m
    The expected type comes from property 'name' which is declared here on type 'IntrinsicAttributes & IconProps'

[96msrc/pages/auth/components/GoogleAuthButton.tsx[0m:[93m24[0m:[93m46[0m - [91merror[0m[90m TS18046: [0m'error' is of type 'unknown'.

[7m24[0m       console.error('Google sign-in error:', error.message);
[7m  [0m [91m                                             ~~~~~[0m

[96msrc/pages/auth/components/LoginForm.tsx[0m:[93m28[0m:[93m26[0m - [91merror[0m[90m TS7006: [0mParameter 'data' implicitly has an 'any' type.

[7m28[0m   const onSubmit = async data => {
[7m  [0m [91m                         ~~~~[0m

[96msrc/pages/auth/components/LoginForm.tsx[0m:[93m39[0m:[93m19[0m - [91merror[0m[90m TS2339: [0mProperty 'session' does not exist on type 'AuthResponse'.
  Property 'session' does not exist on type '{ data: { user: User | null; session: Session | null; }; error: null; }'.

[7m39[0m       if (result?.session?.user) {
[7m  [0m [91m                  ~~~~~~~[0m

[96msrc/pages/auth/components/LoginForm.tsx[0m:[93m41[0m:[93m22[0m - [91merror[0m[90m TS2339: [0mProperty 'session' does not exist on type 'AuthResponse'.
  Property 'session' does not exist on type '{ data: { user: User | null; session: Session | null; }; error: null; }'.

[7m41[0m           id: result.session.user.id,
[7m  [0m [91m                     ~~~~~~~[0m

[96msrc/pages/auth/components/LoginForm.tsx[0m:[93m42[0m:[93m25[0m - [91merror[0m[90m TS2339: [0mProperty 'session' does not exist on type 'AuthResponse'.
  Property 'session' does not exist on type '{ data: { user: User | null; session: Session | null; }; error: null; }'.

[7m42[0m           email: result.session.user.email,
[7m  [0m [91m                        ~~~~~~~[0m

[96msrc/pages/auth/components/LoginForm.tsx[0m:[93m43[0m:[93m24[0m - [91merror[0m[90m TS2339: [0mProperty 'session' does not exist on type 'AuthResponse'.
  Property 'session' does not exist on type '{ data: { user: User | null; session: Session | null; }; error: null; }'.

[7m43[0m           role: result.session.user.user_metadata?.role || 'student',
[7m  [0m [91m                       ~~~~~~~[0m

[96msrc/pages/auth/components/LoginForm.tsx[0m:[93m44[0m:[93m24[0m - [91merror[0m[90m TS2339: [0mProperty 'session' does not exist on type 'AuthResponse'.
  Property 'session' does not exist on type '{ data: { user: User | null; session: Session | null; }; error: null; }'.

[7m44[0m           name: result.session.user.user_metadata?.full_name || 'User',
[7m  [0m [91m                       ~~~~~~~[0m

[96msrc/pages/auth/components/LoginForm.tsx[0m:[93m48[0m:[93m37[0m - [91merror[0m[90m TS18046: [0m'error' is of type 'unknown'.

[7m48[0m       console.error('Login error:', error.message);
[7m  [0m [91m                                    ~~~~~[0m

[96msrc/pages/auth/components/LoginForm.tsx[0m:[93m51[0m:[93m28[0m - [91merror[0m[90m TS18046: [0m'error' is of type 'unknown'.

[7m51[0m       const errorMessage = error.message || 'Email ou mot de passe incorrect';
[7m  [0m [91m                           ~~~~~[0m

[96msrc/pages/auth/components/LoginForm.tsx[0m:[93m53[0m:[93m24[0m - [91merror[0m[90m TS18046: [0m'error' is of type 'unknown'.

[7m53[0m       setAuthErrorCode(error.code || '');
[7m  [0m [91m                       ~~~~~[0m

[96msrc/pages/auth/components/LoginForm.tsx[0m:[93m69[0m:[93m9[0m - [91merror[0m[90m TS2322: [0mType 'string | FieldError | Merge<FieldError, FieldErrorsImpl<any>> | undefined' is not assignable to type 'string | undefined'.
  Type 'FieldError' is not assignable to type 'string'.

[7m69[0m         error={errors.email?.message}
[7m  [0m [91m        ~~~~~[0m

  [96msrc/components/ui/TextInput.tsx[0m:[93m5[0m:[93m3[0m
    [7m5[0m   error?: string;
    [7m [0m [96m  ~~~~~[0m
    The expected type comes from property 'error' which is declared here on type 'IntrinsicAttributes & TextInputProps'

[96msrc/pages/auth/components/LoginForm.tsx[0m:[93m86[0m:[93m9[0m - [91merror[0m[90m TS2322: [0mType 'string | FieldError | Merge<FieldError, FieldErrorsImpl<any>> | undefined' is not assignable to type 'string | undefined'.
  Type 'FieldError' is not assignable to type 'string'.

[7m86[0m         error={errors.password?.message}
[7m  [0m [91m        ~~~~~[0m

  [96msrc/components/ui/TextInput.tsx[0m:[93m5[0m:[93m3[0m
    [7m5[0m   error?: string;
    [7m [0m [96m  ~~~~~[0m
    The expected type comes from property 'error' which is declared here on type 'IntrinsicAttributes & TextInputProps'

[96msrc/pages/auth/components/RegisterForm.tsx[0m:[93m21[0m:[93m26[0m - [91merror[0m[90m TS7006: [0mParameter 'data' implicitly has an 'any' type.

[7m21[0m   const onSubmit = async data => {
[7m  [0m [91m                         ~~~~[0m

[96msrc/pages/auth/components/RegisterForm.tsx[0m:[93m38[0m:[93m44[0m - [91merror[0m[90m TS18046: [0m'error' is of type 'unknown'.

[7m38[0m       console.error('Registration error:', error.message);
[7m  [0m [91m                                           ~~~~~[0m

[96msrc/pages/auth/components/RegisterForm.tsx[0m:[93m40[0m:[93m20[0m - [91merror[0m[90m TS18046: [0m'error' is of type 'unknown'.

[7m40[0m       setAuthError(error.message || "Erreur lors de l'inscription");
[7m  [0m [91m                   ~~~~~[0m

[96msrc/pages/auth/components/RegisterForm.tsx[0m:[93m79[0m:[93m15[0m - [91merror[0m[90m TS2322: [0mType 'string | FieldError | Merge<FieldError, FieldErrorsImpl<any>> | undefined' is not assignable to type 'ReactNode'.
  Type 'FieldError' is not assignable to type 'ReactNode'.
    Type 'FieldError' is missing the following properties from type 'ReactPortal': children, props, key

[7m79[0m               {errors.firstName.message}
[7m  [0m [91m              ~~~~~~~~~~~~~~~~~~~~~~~~~~[0m

[96msrc/pages/auth/components/RegisterForm.tsx[0m:[93m109[0m:[93m15[0m - [91merror[0m[90m TS2322: [0mType 'string | FieldError | Merge<FieldError, FieldErrorsImpl<any>> | undefined' is not assignable to type 'ReactNode'.
  Type 'FieldError' is not assignable to type 'ReactNode'.
    Type 'FieldError' is missing the following properties from type 'ReactPortal': children, props, key

[7m109[0m               {errors.lastName.message}
[7m   [0m [91m              ~~~~~~~~~~~~~~~~~~~~~~~~~[0m

[96msrc/pages/auth/components/RegisterForm.tsx[0m:[93m146[0m:[93m13[0m - [91merror[0m[90m TS2322: [0mType 'string | FieldError | Merge<FieldError, FieldErrorsImpl<any>> | undefined' is not assignable to type 'ReactNode'.
  Type 'FieldError' is not assignable to type 'ReactNode'.
    Type 'FieldError' is missing the following properties from type 'ReactPortal': children, props, key

[7m146[0m             {errors.email.message}
[7m   [0m [91m            ~~~~~~~~~~~~~~~~~~~~~~[0m

[96msrc/pages/auth/components/RegisterForm.tsx[0m:[93m187[0m:[93m13[0m - [91merror[0m[90m TS2322: [0mType 'string | FieldError | Merge<FieldError, FieldErrorsImpl<any>> | undefined' is not assignable to type 'ReactNode'.
  Type 'FieldError' is not assignable to type 'ReactNode'.
    Type 'FieldError' is missing the following properties from type 'ReactPortal': children, props, key

[7m187[0m             {errors.password.message}
[7m   [0m [91m            ~~~~~~~~~~~~~~~~~~~~~~~~~[0m

[96msrc/pages/auth/components/RegisterForm.tsx[0m:[93m223[0m:[93m13[0m - [91merror[0m[90m TS2322: [0mType 'string | FieldError | Merge<FieldError, FieldErrorsImpl<any>> | undefined' is not assignable to type 'ReactNode'.
  Type 'FieldError' is not assignable to type 'ReactNode'.
    Type 'FieldError' is missing the following properties from type 'ReactPortal': children, props, key

[7m223[0m             {errors.confirmPassword.message}
[7m   [0m [91m            ~~~~~~~~~~~~~~~~~~~~~~~~~~~~~~~~[0m

[96msrc/pages/auth/components/RegisterForm.tsx[0m:[93m271[0m:[93m15[0m - [91merror[0m[90m TS2322: [0mType 'string | FieldError | Merge<FieldError, FieldErrorsImpl<any>> | undefined' is not assignable to type 'ReactNode'.
  Type 'FieldError' is not assignable to type 'ReactNode'.
    Type 'FieldError' is missing the following properties from type 'ReactPortal': children, props, key

[7m271[0m               {errors.terms.message}
[7m   [0m [91m              ~~~~~~~~~~~~~~~~~~~~~~[0m

[96msrc/pages/auth/index.tsx[0m:[93m35[0m:[93m29[0m - [91merror[0m[90m TS7006: [0mParameter 'userData' implicitly has an 'any' type.

[7m35[0m   const handleAuthSuccess = userData => {
[7m  [0m [91m                            ~~~~~~~~[0m

[96msrc/pages/cms/components/BulkOperations.tsx[0m:[93m117[0m:[93m23[0m - [91merror[0m[90m TS2322: [0mType 'string' is not assignable to type '"Menu" | "X" | "Activity" | "AlertCircle" | "AlertTriangle" | "ArrowDown" | "ArrowLeft" | "ArrowRight" | "ArrowUp" | "ArrowUpDown" | "Award" | "BarChart3" | "Bell" | "Bold" | ... 102 more ... | "Zap"'.

[7m117[0m                       name={operation.icon}
[7m   [0m [91m                      ~~~~[0m

  [96msrc/components/AppIcon.tsx[0m:[93m143[0m:[93m3[0m
    [7m143[0m   name: IconName;
    [7m   [0m [96m  ~~~~[0m
    The expected type comes from property 'name' which is declared here on type 'IntrinsicAttributes & IconProps'

[96msrc/pages/cms/components/BulkOperations.tsx[0m:[93m163[0m:[93m19[0m - [91merror[0m[90m TS2322: [0mType 'string' is not assignable to type '"Menu" | "X" | "Activity" | "AlertCircle" | "AlertTriangle" | "ArrowDown" | "ArrowLeft" | "ArrowRight" | "ArrowUp" | "ArrowUpDown" | "Award" | "BarChart3" | "Bell" | "Bold" | ... 102 more ... | "Zap"'.

[7m163[0m                   name={selectedOp.icon}
[7m   [0m [91m                  ~~~~[0m

  [96msrc/components/AppIcon.tsx[0m:[93m143[0m:[93m3[0m
    [7m143[0m   name: IconName;
    [7m   [0m [96m  ~~~~[0m
    The expected type comes from property 'name' which is declared here on type 'IntrinsicAttributes & IconProps'

[96msrc/pages/cms/components/BulkOperations.tsx[0m:[93m224[0m:[93m43[0m - [91merror[0m[90m TS2322: [0mType 'string' is not assignable to type '"Menu" | "X" | "Activity" | "AlertCircle" | "AlertTriangle" | "ArrowDown" | "ArrowLeft" | "ArrowRight" | "ArrowUp" | "ArrowUpDown" | "Award" | "BarChart3" | "Bell" | "Bold" | ... 102 more ... | "Zap"'.

[7m224[0m                 <Icon aria-hidden="true"  name={selectedOp.icon} size={16} className='mr-2' />
[7m   [0m [91m                                          ~~~~[0m

  [96msrc/components/AppIcon.tsx[0m:[93m143[0m:[93m3[0m
    [7m143[0m   name: IconName;
    [7m   [0m [96m  ~~~~[0m
    The expected type comes from property 'name' which is declared here on type 'IntrinsicAttributes & IconProps'

[96msrc/pages/cms/components/CourseEditor.tsx[0m:[93m46[0m:[93m10[0m - [91merror[0m[90m TS18048: [0m'formData.title' is possibly 'undefined'.

[7m46[0m     if (!formData.title.trim()) {
[7m  [0m [91m         ~~~~~~~~~~~~~~[0m

[96msrc/pages/cms/components/CourseEditor.tsx[0m:[93m50[0m:[93m10[0m - [91merror[0m[90m TS18048: [0m'formData.description' is possibly 'undefined'.

[7m50[0m     if (!formData.description.trim()) {
[7m  [0m [91m         ~~~~~~~~~~~~~~~~~~~~[0m

[96msrc/pages/cms/components/CourseEditor.tsx[0m:[93m54[0m:[93m9[0m - [91merror[0m[90m TS18048: [0m'formData.price' is possibly 'undefined'.

[7m54[0m     if (formData.price < 0) {
[7m  [0m [91m        ~~~~~~~~~~~~~~[0m

[96msrc/pages/cms/components/CourseEditor.tsx[0m:[93m66[0m:[93m20[0m - [91merror[0m[90m TS2345: [0mArgument of type '{ id?: string; title?: string | undefined; description?: string | undefined; price?: number; thumbnail?: string; status?: string; prerequisites?: string; learningObjectives?: string; difficulty?: string; estimatedDuration?: number; tags?: string[]; enrollments?: number; rating?: number; }' is not assignable to parameter of type 'CourseRow'.
  Types of property 'title' are incompatible.
    Type 'string | undefined' is not assignable to type 'string'.
      Type 'undefined' is not assignable to type 'string'.

[7m66[0m       await onSave({ ...course, ...formData });
[7m  [0m [91m                   ~~~~~~~~~~~~~~~~~~~~~~~~~~[0m

[96msrc/pages/cms/components/CourseEditor.tsx[0m:[93m72[0m:[93m39[0m - [91merror[0m[90m TS7006: [0mParameter 'event' implicitly has an 'any' type.

[7m72[0m   const handleThumbnailUpload = async event => {
[7m  [0m [91m                                      ~~~~~[0m

[96msrc/pages/cms/components/CourseEditor.tsx[0m:[93m152[0m:[93m19[0m - [91merror[0m[90m TS2322: [0mType 'string | null' is not assignable to type 'string | undefined'.
  Type 'null' is not assignable to type 'string | undefined'.

[7m152[0m                   error={errors.title}
[7m   [0m [91m                  ~~~~~[0m

  [96msrc/components/ui/TextInput.tsx[0m:[93m5[0m:[93m3[0m
    [7m5[0m   error?: string;
    [7m [0m [96m  ~~~~~[0m
    The expected type comes from property 'error' which is declared here on type 'IntrinsicAttributes & TextInputProps'

[96msrc/pages/cms/components/CourseEditor.tsx[0m:[93m179[0m:[93m21[0m - [91merror[0m[90m TS2322: [0mType 'string | null' is not assignable to type 'string | undefined'.
  Type 'null' is not assignable to type 'string | undefined'.

[7m179[0m                     error={errors.price}
[7m   [0m [91m                    ~~~~~[0m

  [96msrc/components/ui/TextInput.tsx[0m:[93m5[0m:[93m3[0m
    [7m5[0m   error?: string;
    [7m [0m [96m  ~~~~~[0m
    The expected type comes from property 'error' which is declared here on type 'IntrinsicAttributes & TextInputProps'

[96msrc/pages/cms/components/CourseEditor.tsx[0m:[93m330[0m:[93m31[0m - [91merror[0m[90m TS2339: [0mProperty 'modules' does not exist on type 'CourseRow'.

[7m330[0m                       {course.modules?.length || 0}
[7m   [0m [91m                              ~~~~~~~[0m

[96msrc/pages/cms/components/CourseEditor.tsx[0m:[93m348[0m:[93m43[0m - [91merror[0m[90m TS2554: [0mExpected 0 arguments, but got 1.

[7m348[0m                   onClick={() => onDelete(course.id)}
[7m   [0m [91m                                          ~~~~~~~~~[0m

[96msrc/pages/cms/components/LessonEditor.tsx[0m:[93m40[0m:[93m10[0m - [91merror[0m[90m TS18048: [0m'formData.title' is possibly 'undefined'.

[7m40[0m     if (!formData.title.trim()) {
[7m  [0m [91m         ~~~~~~~~~~~~~~[0m

[96msrc/pages/cms/components/LessonEditor.tsx[0m:[93m44[0m:[93m10[0m - [91merror[0m[90m TS18048: [0m'formData.content' is possibly 'undefined'.

[7m44[0m     if (!formData.content.trim()) {
[7m  [0m [91m         ~~~~~~~~~~~~~~~~[0m

[96msrc/pages/cms/components/LessonEditor.tsx[0m:[93m48[0m:[93m9[0m - [91merror[0m[90m TS18048: [0m'formData.duration' is possibly 'undefined'.

[7m48[0m     if (formData.duration <= 0) {
[7m  [0m [91m        ~~~~~~~~~~~~~~~~~[0m

[96msrc/pages/cms/components/LessonEditor.tsx[0m:[93m58[0m:[93m14[0m - [91merror[0m[90m TS2345: [0mArgument of type '{ id?: string; title?: string | undefined; content?: string; duration?: number; videoUrl?: string; status?: string; order?: number | undefined; hasQuiz?: boolean; allowComments?: boolean; isPreview?: boolean; completions?: number; }' is not assignable to parameter of type 'LessonRow'.
  Types of property 'title' are incompatible.
    Type 'string | undefined' is not assignable to type 'string'.
      Type 'undefined' is not assignable to type 'string'.

[7m58[0m       onSave({ ...lesson, ...formData });
[7m  [0m [91m             ~~~~~~~~~~~~~~~~~~~~~~~~~~[0m

[96msrc/pages/cms/components/LessonEditor.tsx[0m:[93m62[0m:[93m35[0m - [91merror[0m[90m TS7006: [0mParameter 'event' implicitly has an 'any' type.

[7m62[0m   const handleVideoUpload = async event => {
[7m  [0m [91m                                  ~~~~~[0m

[96msrc/pages/cms/components/LessonEditor.tsx[0m:[93m76[0m:[93m25[0m - [91merror[0m[90m TS7006: [0mParameter 'text' implicitly has an 'any' type.

[7m76[0m   const formatContent = text => {
[7m  [0m [91m                        ~~~~[0m

[96msrc/pages/cms/components/LessonEditor.tsx[0m:[93m77[0m:[93m34[0m - [91merror[0m[90m TS7006: [0mParameter 'line' implicitly has an 'any' type.

[7m77[0m     return text.split('\n').map((line, index) => (
[7m  [0m [91m                                 ~~~~[0m

[96msrc/pages/cms/components/LessonEditor.tsx[0m:[93m77[0m:[93m40[0m - [91merror[0m[90m TS7006: [0mParameter 'index' implicitly has an 'any' type.

[7m77[0m     return text.split('\n').map((line, index) => (
[7m  [0m [91m                                       ~~~~~[0m

[96msrc/pages/cms/components/LessonEditor.tsx[0m:[93m147[0m:[93m43[0m - [91merror[0m[90m TS2322: [0mType 'string' is not assignable to type '"Menu" | "X" | "Activity" | "AlertCircle" | "AlertTriangle" | "ArrowDown" | "ArrowLeft" | "ArrowRight" | "ArrowUp" | "ArrowUpDown" | "Award" | "BarChart3" | "Bell" | "Bold" | ... 102 more ... | "Zap"'.

[7m147[0m                 <Icon aria-hidden="true"  name={tab.icon} size={16} className='mr-2' />
[7m   [0m [91m                                          ~~~~[0m

  [96msrc/components/AppIcon.tsx[0m:[93m143[0m:[93m3[0m
    [7m143[0m   name: IconName;
    [7m   [0m [96m  ~~~~[0m
    The expected type comes from property 'name' which is declared here on type 'IntrinsicAttributes & IconProps'

[96msrc/pages/cms/components/LessonEditor.tsx[0m:[93m589[0m:[93m43[0m - [91merror[0m[90m TS2554: [0mExpected 0 arguments, but got 1.

[7m589[0m                   onClick={() => onDelete(lesson.id)}
[7m   [0m [91m                                          ~~~~~~~~~[0m

[96msrc/pages/cms/components/MediaLibrary.tsx[0m:[93m40[0m:[93m28[0m - [91merror[0m[90m TS7006: [0mParameter 'tab' implicitly has an 'any' type.

[7m40[0m   const fetchMedia = async tab => {
[7m  [0m [91m                           ~~~[0m

[96msrc/pages/cms/components/MediaLibrary.tsx[0m:[93m42[0m:[93m43[0m - [91merror[0m[90m TS7053: [0mElement implicitly has an 'any' type because expression of type 'any' can't be used to index type '{ readonly images: "course-images"; readonly videos: "lesson-videos"; readonly documents: "documents"; }'.

[7m42[0m       const files = await listBucketFiles(BUCKETS[tab]);
[7m  [0m [91m                                          ~~~~~~~~~~~~[0m

[96msrc/pages/cms/components/MediaLibrary.tsx[0m:[93m46[0m:[93m27[0m - [91merror[0m[90m TS7053: [0mElement implicitly has an 'any' type because expression of type 'any' can't be used to index type '{ readonly images: "course-images"; readonly videos: "lesson-videos"; readonly documents: "documents"; }'.

[7m46[0m         url: getPublicUrl(BUCKETS[tab], f.name),
[7m  [0m [91m                          ~~~~~~~~~~~~[0m

[96msrc/pages/cms/components/MediaLibrary.tsx[0m:[93m47[0m:[93m37[0m - [91merror[0m[90m TS2339: [0mProperty 'size' does not exist on type 'FileObject'.

[7m47[0m         size: f.metadata?.size || f.size || 0,
[7m  [0m [91m                                    ~~~~[0m

[96msrc/pages/cms/components/MediaLibrary.tsx[0m:[93m64[0m:[93m34[0m - [91merror[0m[90m TS7006: [0mParameter 'event' implicitly has an 'any' type.

[7m64[0m   const handleFileUpload = async event => {
[7m  [0m [91m                                 ~~~~~[0m

[96msrc/pages/cms/components/MediaLibrary.tsx[0m:[93m70[0m:[93m44[0m - [91merror[0m[90m TS7053: [0mElement implicitly has an 'any' type because expression of type 'string' can't be used to index type '{ readonly images: "course-images"; readonly videos: "lesson-videos"; readonly documents: "documents"; }'.
  No index signature with a parameter of type 'string' was found on type '{ readonly images: "course-images"; readonly videos: "lesson-videos"; readonly documents: "documents"; }'.

[7m70[0m           files.map(file => uploadToBucket(BUCKETS[activeTab], file))
[7m  [0m [91m                                           ~~~~~~~~~~~~~~~~~~[0m

[96msrc/pages/cms/components/MediaLibrary.tsx[0m:[93m70[0m:[93m64[0m - [91merror[0m[90m TS2345: [0mArgument of type 'unknown' is not assignable to parameter of type 'File'.

[7m70[0m           files.map(file => uploadToBucket(BUCKETS[activeTab], file))
[7m  [0m [91m                                                               ~~~~[0m

[96msrc/pages/cms/components/MediaLibrary.tsx[0m:[93m80[0m:[93m28[0m - [91merror[0m[90m TS7006: [0mParameter 'item' implicitly has an 'any' type.

[7m80[0m   const handleItemSelect = item => {
[7m  [0m [91m                           ~~~~[0m

[96msrc/pages/cms/components/MediaLibrary.tsx[0m:[93m90[0m:[93m19[0m - [91merror[0m[90m TS2345: [0mArgument of type 'MediaItem[]' is not assignable to parameter of type 'MediaItem'.
  Type 'MediaItem[]' is missing the following properties from type 'MediaItem': id, name, url, size, and 2 more.

[7m90[0m     onSelectMedia(selectedMedia);
[7m  [0m [91m                  ~~~~~~~~~~~~~[0m

[96msrc/pages/cms/components/MediaLibrary.tsx[0m:[93m97[0m:[93m27[0m - [91merror[0m[90m TS7006: [0mParameter 'item' implicitly has an 'any' type.

[7m97[0m   const renderMediaItem = item => {
[7m  [0m [91m                          ~~~~[0m

[96msrc/pages/cms/components/MediaLibrary.tsx[0m:[93m185[0m:[93m43[0m - [91merror[0m[90m TS2322: [0mType 'string' is not assignable to type '"Menu" | "X" | "Activity" | "AlertCircle" | "AlertTriangle" | "ArrowDown" | "ArrowLeft" | "ArrowRight" | "ArrowUp" | "ArrowUpDown" | "Award" | "BarChart3" | "Bell" | "Bold" | ... 102 more ... | "Zap"'.

[7m185[0m                 <Icon aria-hidden="true"  name={tab.icon} size={16} className='mr-2' />
[7m   [0m [91m                                          ~~~~[0m

  [96msrc/components/AppIcon.tsx[0m:[93m143[0m:[93m3[0m
    [7m143[0m   name: IconName;
    [7m   [0m [96m  ~~~~[0m
    The expected type comes from property 'name' which is declared here on type 'IntrinsicAttributes & IconProps'

[96msrc/pages/cms/components/MediaLibrary.tsx[0m:[93m253[0m:[93m17[0m - [91merror[0m[90m TS2322: [0mType 'string' is not assignable to type '"Menu" | "X" | "Activity" | "AlertCircle" | "AlertTriangle" | "ArrowDown" | "ArrowLeft" | "ArrowRight" | "ArrowUp" | "ArrowUpDown" | "Award" | "BarChart3" | "Bell" | "Bold" | ... 102 more ... | "Zap"'.

[7m253[0m                 name={tabs.find(t => t.id === activeTab)?.icon || 'File'}
[7m   [0m [91m                ~~~~[0m

  [96msrc/components/AppIcon.tsx[0m:[93m143[0m:[93m3[0m
    [7m143[0m   name: IconName;
    [7m   [0m [96m  ~~~~[0m
    The expected type comes from property 'name' which is declared here on type 'IntrinsicAttributes & IconProps'

[96msrc/pages/cms/components/ModuleEditor.tsx[0m:[93m36[0m:[93m10[0m - [91merror[0m[90m TS18048: [0m'formData.title' is possibly 'undefined'.

[7m36[0m     if (!formData.title.trim()) {
[7m  [0m [91m         ~~~~~~~~~~~~~~[0m

[96msrc/pages/cms/components/ModuleEditor.tsx[0m:[93m40[0m:[93m10[0m - [91merror[0m[90m TS18048: [0m'formData.description' is possibly 'undefined'.

[7m40[0m     if (!formData.description.trim()) {
[7m  [0m [91m         ~~~~~~~~~~~~~~~~~~~~[0m

[96msrc/pages/cms/components/ModuleEditor.tsx[0m:[93m52[0m:[93m20[0m - [91merror[0m[90m TS2345: [0mArgument of type '{ id?: string; title?: string | undefined; description?: string | undefined; order?: number | undefined; learningObjectives?: string; estimatedDuration?: number; isOptional?: boolean; lessons?: LessonRow[]; }' is not assignable to parameter of type 'ModuleRow'.
  Types of property 'title' are incompatible.
    Type 'string | undefined' is not assignable to type 'string'.
      Type 'undefined' is not assignable to type 'string'.

[7m52[0m       await onSave({ ...module, ...formData });
[7m  [0m [91m                   ~~~~~~~~~~~~~~~~~~~~~~~~~~[0m

[96msrc/pages/cms/components/ModuleEditor.tsx[0m:[93m345[0m:[93m43[0m - [91merror[0m[90m TS2554: [0mExpected 0 arguments, but got 1.

[7m345[0m                   onClick={() => onDelete(module.id)}
[7m   [0m [91m                                          ~~~~~~~~~[0m

[96msrc/pages/cms/index.tsx[0m:[93m95[0m:[93m11[0m - [91merror[0m[90m TS7034: [0mVariable 'savedCourse' implicitly has type 'any' in some locations where its type cannot be determined.

[7m95[0m       let savedCourse;
[7m  [0m [91m          ~~~~~~~~~~~[0m

[96msrc/pages/cms/index.tsx[0m:[93m97[0m:[93m61[0m - [91merror[0m[90m TS2554: [0mExpected 1 arguments, but got 2.

[7m97[0m         savedCourse = await updateCourse(updatedContent.id, updatedContent);
[7m  [0m [91m                                                            ~~~~~~~~~~~~~~[0m

[96msrc/pages/cms/index.tsx[0m:[93m98[0m:[93m56[0m - [91merror[0m[90m TS7005: [0mVariable 'savedCourse' implicitly has an 'any' type.

[7m98[0m         setContentData(prev => prev.map(c => (c.id === savedCourse.id ? savedCourse : c)));
[7m  [0m [91m                                                       ~~~~~~~~~~~[0m

[96msrc/pages/cms/index.tsx[0m:[93m98[0m:[93m73[0m - [91merror[0m[90m TS7005: [0mVariable 'savedCourse' implicitly has an 'any' type.

[7m98[0m         setContentData(prev => prev.map(c => (c.id === savedCourse.id ? savedCourse : c)));
[7m  [0m [91m                                                                        ~~~~~~~~~~~[0m

[96msrc/pages/cms/index.tsx[0m:[93m101[0m:[93m42[0m - [91merror[0m[90m TS2345: [0mArgument of type 'CmsContentItem' is not assignable to parameter of type '{ category?: string | null | undefined; cover_image_url?: string | null | undefined; created_at?: string | null | undefined; description?: string | null | undefined; difficulty?: string | null | undefined; ... 5 more ...; updated_at?: string | ... 1 more ... | undefined; }'.
  Property 'slug' is missing in type 'CmsLesson' but required in type '{ category?: string | null | undefined; cover_image_url?: string | null | undefined; created_at?: string | null | undefined; description?: string | null | undefined; difficulty?: string | null | undefined; ... 5 more ...; updated_at?: string | ... 1 more ... | undefined; }'.

[7m101[0m         savedCourse = await createCourse(updatedContent);
[7m   [0m [91m                                         ~~~~~~~~~~~~~~[0m

  [96msrc/types/database.types.ts[0m:[93m837[0m:[93m11[0m
    [7m837[0m           slug: string
    [7m   [0m [96m          ~~~~[0m
    'slug' is declared here.

[96msrc/pages/cms/index.tsx[0m:[93m102[0m:[93m42[0m - [91merror[0m[90m TS7005: [0mVariable 'savedCourse' implicitly has an 'any' type.

[7m102[0m         setContentData(prev => [...prev, savedCourse]);
[7m   [0m [91m                                         ~~~~~~~~~~~[0m

[96msrc/pages/cms/index.tsx[0m:[93m105[0m:[93m26[0m - [91merror[0m[90m TS2345: [0mArgument of type '{ category: string | null; cover_image_url: string | null; created_at: string | null; description: string | null; difficulty: string | null; id: string; is_published: boolean | null; slug: string; thumbnail_url: string | null; title: string; updated_at: string | null; }' is not assignable to parameter of type 'SetStateAction<CmsContentItem | null>'.
  Property 'type' is missing in type '{ category: string | null; cover_image_url: string | null; created_at: string | null; description: string | null; difficulty: string | null; id: string; is_published: boolean | null; slug: string; thumbnail_url: string | null; title: string; updated_at: string | null; }' but required in type 'CmsCourse'.

[7m105[0m       setSelectedContent(savedCourse);
[7m   [0m [91m                         ~~~~~~~~~~~[0m

  [96msrc/pages/cms/index.tsx[0m:[93m38[0m:[93m3[0m
    [7m38[0m   type: 'course';
    [7m  [0m [96m  ~~~~[0m
    'type' is declared here.

[96msrc/pages/cms/index.tsx[0m:[93m130[0m:[93m32[0m - [91merror[0m[90m TS7006: [0mParameter 'operation' implicitly has an 'any' type.

[7m130[0m   const handleBulkOperation = (operation, items) => {
[7m   [0m [91m                               ~~~~~~~~~[0m

[96msrc/pages/cms/index.tsx[0m:[93m130[0m:[93m43[0m - [91merror[0m[90m TS7006: [0mParameter 'items' implicitly has an 'any' type.

[7m130[0m   const handleBulkOperation = (operation, items) => {
[7m   [0m [91m                                          ~~~~~[0m

[96msrc/pages/cms/index.tsx[0m:[93m157[0m:[93m13[0m - [91merror[0m[90m TS2322: [0mType 'CmsContentItem' is not assignable to type 'CourseRow | null'.
  Property 'description' is missing in type 'CmsLesson' but required in type 'CourseRow'.

[7m157[0m             course={selectedContent}
[7m   [0m [91m            ~~~~~~[0m

  [96msrc/types/courseRow.ts[0m:[93m4[0m:[93m3[0m
    [7m4[0m   description: string;
    [7m [0m [96m  ~~~~~~~~~~~[0m
    'description' is declared here.
  [96msrc/pages/cms/components/CourseEditor.tsx[0m:[93m13[0m:[93m3[0m
    [7m13[0m   course: CourseRow | null;
    [7m  [0m [96m  ~~~~~~[0m
    The expected type comes from property 'course' which is declared here on type 'IntrinsicAttributes & CourseEditorProps'

[96msrc/pages/cms/index.tsx[0m:[93m158[0m:[93m13[0m - [91merror[0m[90m TS2322: [0mType '(updatedContent: CmsContentItem) => Promise<void>' is not assignable to type '(data: CourseRow) => void'.
  Types of parameters 'updatedContent' and 'data' are incompatible.
    Type 'CourseRow' is not assignable to type 'CmsContentItem'.
      Property 'type' is missing in type 'CourseRow' but required in type 'CmsCourse'.

[7m158[0m             onSave={handleSaveContent}
[7m   [0m [91m            ~~~~~~[0m

  [96msrc/pages/cms/index.tsx[0m:[93m38[0m:[93m3[0m
    [7m38[0m   type: 'course';
    [7m  [0m [96m  ~~~~[0m
    'type' is declared here.
  [96msrc/pages/cms/components/CourseEditor.tsx[0m:[93m14[0m:[93m3[0m
    [7m14[0m   onSave: (data: CourseRow) => void;
    [7m  [0m [96m  ~~~~~~[0m
    The expected type comes from property 'onSave' which is declared here on type 'IntrinsicAttributes & CourseEditorProps'

[96msrc/pages/cms/index.tsx[0m:[93m159[0m:[93m13[0m - [91merror[0m[90m TS2322: [0mType '(contentId: string) => Promise<void>' is not assignable to type '() => void'.
  Target signature provides too few arguments. Expected 1 or more, but got 0.

[7m159[0m             onDelete={handleDeleteContent}
[7m   [0m [91m            ~~~~~~~~[0m

  [96msrc/pages/cms/components/CourseEditor.tsx[0m:[93m15[0m:[93m3[0m
    [7m15[0m   onDelete: () => void;
    [7m  [0m [96m  ~~~~~~~~[0m
    The expected type comes from property 'onDelete' which is declared here on type 'IntrinsicAttributes & CourseEditorProps'

[96msrc/pages/cms/index.tsx[0m:[93m165[0m:[93m13[0m - [91merror[0m[90m TS2322: [0mType 'CmsContentItem' is not assignable to type 'ModuleRow | null'.
  Type 'CmsLesson' is missing the following properties from type 'ModuleRow': description, order

[7m165[0m             module={selectedContent}
[7m   [0m [91m            ~~~~~~[0m

  [96msrc/pages/cms/components/ModuleEditor.tsx[0m:[93m8[0m:[93m3[0m
    [7m8[0m   module: ModuleRow | null;
    [7m [0m [96m  ~~~~~~[0m
    The expected type comes from property 'module' which is declared here on type 'IntrinsicAttributes & ModuleEditorProps'

[96msrc/pages/cms/index.tsx[0m:[93m166[0m:[93m13[0m - [91merror[0m[90m TS2322: [0mType '(updatedContent: CmsContentItem) => Promise<void>' is not assignable to type '(data: ModuleRow) => void'.
  Types of parameters 'updatedContent' and 'data' are incompatible.
    Type 'ModuleRow' is not assignable to type 'CmsContentItem'.
      Property 'type' is missing in type 'ModuleRow' but required in type 'CmsModule'.

[7m166[0m             onSave={handleSaveContent}
[7m   [0m [91m            ~~~~~~[0m

  [96msrc/pages/cms/index.tsx[0m:[93m30[0m:[93m3[0m
    [7m30[0m   type: 'module';
    [7m  [0m [96m  ~~~~[0m
    'type' is declared here.
  [96msrc/pages/cms/components/ModuleEditor.tsx[0m:[93m9[0m:[93m3[0m
    [7m9[0m   onSave: (data: ModuleRow) => void;
    [7m [0m [96m  ~~~~~~[0m
    The expected type comes from property 'onSave' which is declared here on type 'IntrinsicAttributes & ModuleEditorProps'

[96msrc/pages/cms/index.tsx[0m:[93m167[0m:[93m13[0m - [91merror[0m[90m TS2322: [0mType '(contentId: string) => Promise<void>' is not assignable to type '() => void'.
  Target signature provides too few arguments. Expected 1 or more, but got 0.

[7m167[0m             onDelete={handleDeleteContent}
[7m   [0m [91m            ~~~~~~~~[0m

  [96msrc/pages/cms/components/ModuleEditor.tsx[0m:[93m10[0m:[93m3[0m
    [7m10[0m   onDelete: () => void;
    [7m  [0m [96m  ~~~~~~~~[0m
    The expected type comes from property 'onDelete' which is declared here on type 'IntrinsicAttributes & ModuleEditorProps'

[96msrc/pages/cms/index.tsx[0m:[93m173[0m:[93m13[0m - [91merror[0m[90m TS2322: [0mType 'CmsContentItem' is not assignable to type 'LessonRow | null'.
  Property 'order' is missing in type 'CmsLesson' but required in type 'LessonRow'.

[7m173[0m             lesson={selectedContent}
[7m   [0m [91m            ~~~~~~[0m

  [96msrc/types/lessonRow.ts[0m:[93m8[0m:[93m3[0m
    [7m8[0m   order: number;
    [7m [0m [96m  ~~~~~[0m
    'order' is declared here.
  [96msrc/pages/cms/components/LessonEditor.tsx[0m:[93m8[0m:[93m3[0m
    [7m8[0m   lesson: LessonRow | null;
    [7m [0m [96m  ~~~~~~[0m
    The expected type comes from property 'lesson' which is declared here on type 'IntrinsicAttributes & LessonEditorProps'

[96msrc/pages/cms/index.tsx[0m:[93m174[0m:[93m13[0m - [91merror[0m[90m TS2322: [0mType '(updatedContent: CmsContentItem) => Promise<void>' is not assignable to type '(data: LessonRow) => void'.
  Types of parameters 'updatedContent' and 'data' are incompatible.
    Type 'LessonRow' is not assignable to type 'CmsContentItem'.
      Property 'type' is missing in type 'LessonRow' but required in type 'CmsLesson'.

[7m174[0m             onSave={handleSaveContent}
[7m   [0m [91m            ~~~~~~[0m

  [96msrc/pages/cms/index.tsx[0m:[93m21[0m:[93m3[0m
    [7m21[0m   type: 'lesson';
    [7m  [0m [96m  ~~~~[0m
    'type' is declared here.
  [96msrc/pages/cms/components/LessonEditor.tsx[0m:[93m9[0m:[93m3[0m
    [7m9[0m   onSave: (data: LessonRow) => void;
    [7m [0m [96m  ~~~~~~[0m
    The expected type comes from property 'onSave' which is declared here on type 'IntrinsicAttributes & LessonEditorProps'

[96msrc/pages/cms/index.tsx[0m:[93m175[0m:[93m13[0m - [91merror[0m[90m TS2322: [0mType '(contentId: string) => Promise<void>' is not assignable to type '() => void'.
  Target signature provides too few arguments. Expected 1 or more, but got 0.

[7m175[0m             onDelete={handleDeleteContent}
[7m   [0m [91m            ~~~~~~~~[0m

  [96msrc/pages/cms/components/LessonEditor.tsx[0m:[93m10[0m:[93m3[0m
    [7m10[0m   onDelete: () => void;
    [7m  [0m [96m  ~~~~~~~~[0m
    The expected type comes from property 'onDelete' which is declared here on type 'IntrinsicAttributes & LessonEditorProps'

[96msrc/pages/cms/index.tsx[0m:[93m227[0m:[93m17[0m - [91merror[0m[90m TS2322: [0mType 'CourseWithContent[]' is not assignable to type 'ContentNode[]'.
  Property 'type' is missing in type 'CourseWithContent' but required in type 'ContentNode'.

[7m227[0m                 contentData={contentData}
[7m   [0m [91m                ~~~~~~~~~~~[0m

  [96msrc/pages/cms/components/ContentTree.tsx[0m:[93m9[0m:[93m3[0m
    [7m9[0m   type: 'course' | 'module' | 'lesson';
    [7m [0m [96m  ~~~~[0m
    'type' is declared here.
  [96msrc/pages/cms/components/ContentTree.tsx[0m:[93m22[0m:[93m3[0m
    [7m22[0m   contentData: ContentNode[];
    [7m  [0m [96m  ~~~~~~~~~~~[0m
    The expected type comes from property 'contentData' which is declared here on type 'IntrinsicAttributes & ContentTreeProps'

[96msrc/pages/cms/index.tsx[0m:[93m229[0m:[93m17[0m - [91merror[0m[90m TS2322: [0mType 'CmsContentItem | null' is not assignable to type 'ContentNode | null'.
  Type 'CmsLesson' is not assignable to type 'ContentNode'.
    Types of property 'id' are incompatible.
      Type 'string | undefined' is not assignable to type 'string'.
        Type 'undefined' is not assignable to type 'string'.

[7m229[0m                 selectedContent={selectedContent}
[7m   [0m [91m                ~~~~~~~~~~~~~~~[0m

  [96msrc/pages/cms/components/ContentTree.tsx[0m:[93m24[0m:[93m3[0m
    [7m24[0m   selectedContent: ContentNode | null;
    [7m  [0m [96m  ~~~~~~~~~~~~~~~[0m
    The expected type comes from property 'selectedContent' which is declared here on type 'IntrinsicAttributes & ContentTreeProps'

[96msrc/pages/cms/index.tsx[0m:[93m231[0m:[93m17[0m - [91merror[0m[90m TS2322: [0mType '(content: CmsContentItem) => void' is not assignable to type '(item: ContentNode) => void'.
  Types of parameters 'content' and 'item' are incompatible.
    Type 'ContentNode' is not assignable to type 'CmsContentItem'.
      Type 'ContentNode' is not assignable to type 'CmsCourse'.
        Types of property 'type' are incompatible.
          Type '"module" | "lesson" | "course"' is not assignable to type '"course"'.
            Type '"module"' is not assignable to type '"course"'.

[7m231[0m                 onContentSelect={handleContentSelect}
[7m   [0m [91m                ~~~~~~~~~~~~~~~[0m

  [96msrc/pages/cms/components/ContentTree.tsx[0m:[93m26[0m:[93m3[0m
    [7m26[0m   onContentSelect: (item: ContentNode) => void;
    [7m  [0m [96m  ~~~~~~~~~~~~~~~[0m
    The expected type comes from property 'onContentSelect' which is declared here on type 'IntrinsicAttributes & ContentTreeProps'

[96msrc/pages/cms/index.tsx[0m:[93m233[0m:[93m55[0m - [91merror[0m[90m TS2345: [0mArgument of type 'ContentNode[]' is not assignable to parameter of type 'SetStateAction<CourseWithContent[]>'.
  Type 'ContentNode[]' is not assignable to type 'CourseWithContent[]'.
    Type 'ContentNode' is not assignable to type 'CourseWithContent'.
      Type 'ContentNode' is missing the following properties from type '{ category: string | null; cover_image_url: string | null; created_at: string | null; description: string | null; difficulty: string | null; id: string; is_published: boolean | null; slug: string; thumbnail_url: string | null; title: string; updated_at: string | null; }': category, cover_image_url, created_at, difficulty, and 4 more.

[7m233[0m                 onReorder={newOrder => setContentData(newOrder)}
[7m   [0m [91m                                                      ~~~~~~~~[0m

[96msrc/pages/lesson-viewer/components/LessonNavigation.tsx[0m:[93m32[0m:[93m24[0m - [91merror[0m[90m TS7006: [0mParameter 'moduleId' implicitly has an 'any' type.

[7m32[0m   const toggleModule = moduleId => {
[7m  [0m [91m                       ~~~~~~~~[0m

[96msrc/pages/lesson-viewer/components/LessonNavigation.tsx[0m:[93m42[0m:[93m28[0m - [91merror[0m[90m TS7006: [0mParameter 'lessons' implicitly has an 'any' type.

[7m42[0m   const getTotalDuration = lessons => {
[7m  [0m [91m                           ~~~~~~~[0m

[96msrc/pages/lesson-viewer/components/LessonNavigation.tsx[0m:[93m43[0m:[93m28[0m - [91merror[0m[90m TS7006: [0mParameter 'total' implicitly has an 'any' type.

[7m43[0m     return lessons.reduce((total, lesson) => {
[7m  [0m [91m                           ~~~~~[0m

[96msrc/pages/lesson-viewer/components/LessonNavigation.tsx[0m:[93m43[0m:[93m35[0m - [91merror[0m[90m TS7006: [0mParameter 'lesson' implicitly has an 'any' type.

[7m43[0m     return lessons.reduce((total, lesson) => {
[7m  [0m [91m                                  ~~~~~~[0m

[96msrc/pages/lesson-viewer/components/LessonNavigation.tsx[0m:[93m49[0m:[93m29[0m - [91merror[0m[90m TS7006: [0mParameter 'lessons' implicitly has an 'any' type.

[7m49[0m   const getCompletedCount = lessons => {
[7m  [0m [91m                            ~~~~~~~[0m

[96msrc/pages/lesson-viewer/components/LessonNavigation.tsx[0m:[93m50[0m:[93m27[0m - [91merror[0m[90m TS7006: [0mParameter 'lesson' implicitly has an 'any' type.

[7m50[0m     return lessons.filter(lesson => lesson.completed).length;
[7m  [0m [91m                          ~~~~~~[0m

[96msrc/pages/lesson-viewer/components/LessonNavigation.tsx[0m:[93m128[0m:[93m45[0m - [91merror[0m[90m TS2345: [0mArgument of type 'string' is not assignable to parameter of type 'number'.

[7m128[0m                   name={expandedModules.has(module.id) ? 'ChevronDown' : 'ChevronRight'}
[7m   [0m [91m                                            ~~~~~~~~~[0m

[96msrc/pages/lesson-viewer/components/LessonNavigation.tsx[0m:[93m147[0m:[93m36[0m - [91merror[0m[90m TS2345: [0mArgument of type 'string' is not assignable to parameter of type 'number'.

[7m147[0m               {expandedModules.has(module.id) && (
[7m   [0m [91m                                   ~~~~~~~~~[0m

[96msrc/pages/lesson-viewer/components/NoteTaking.tsx[0m:[93m30[0m:[93m28[0m - [91merror[0m[90m TS7006: [0mParameter 'e' implicitly has an 'any' type.

[7m30[0m   const handleSubmitNote = e => {
[7m  [0m [91m                           ~[0m

[96msrc/pages/lesson-viewer/components/NoteTaking.tsx[0m:[93m52[0m:[93m27[0m - [91merror[0m[90m TS7006: [0mParameter 'timestamp' implicitly has an 'any' type.

[7m52[0m   const formatTimestamp = timestamp => {
[7m  [0m [91m                          ~~~~~~~~~[0m

[96msrc/pages/lesson-viewer/components/NoteTaking.tsx[0m:[93m125[0m:[93m43[0m - [91merror[0m[90m TS2322: [0mType 'string' is not assignable to type '"Menu" | "X" | "Activity" | "AlertCircle" | "AlertTriangle" | "ArrowDown" | "ArrowLeft" | "ArrowRight" | "ArrowUp" | "ArrowUpDown" | "Award" | "BarChart3" | "Bell" | "Bold" | ... 102 more ... | "Zap"'.

[7m125[0m                 <Icon aria-hidden="true"  name={filter.icon} size={12} className='mr-1' />
[7m   [0m [91m                                          ~~~~[0m

  [96msrc/components/AppIcon.tsx[0m:[93m143[0m:[93m3[0m
    [7m143[0m   name: IconName;
    [7m   [0m [96m  ~~~~[0m
    The expected type comes from property 'name' which is declared here on type 'IntrinsicAttributes & IconProps'

[96msrc/pages/lesson-viewer/components/TextContent.tsx[0m:[93m28[0m:[93m33[0m - [91merror[0m[90m TS2339: [0mProperty 'scrollTop' does not exist on type 'never'.

[7m28[0m       const scrollTop = element.scrollTop;
[7m  [0m [91m                                ~~~~~~~~~[0m

[96msrc/pages/lesson-viewer/components/TextContent.tsx[0m:[93m29[0m:[93m36[0m - [91merror[0m[90m TS2339: [0mProperty 'scrollHeight' does not exist on type 'never'.

[7m29[0m       const scrollHeight = element.scrollHeight - element.clientHeight;
[7m  [0m [91m                                   ~~~~~~~~~~~~[0m

[96msrc/pages/lesson-viewer/components/TextContent.tsx[0m:[93m29[0m:[93m59[0m - [91merror[0m[90m TS2339: [0mProperty 'clientHeight' does not exist on type 'never'.

[7m29[0m       const scrollHeight = element.scrollHeight - element.clientHeight;
[7m  [0m [91m                                                          ~~~~~~~~~~~~[0m

[96msrc/pages/lesson-viewer/components/TextContent.tsx[0m:[93m38[0m:[93m15[0m - [91merror[0m[90m TS2339: [0mProperty 'addEventListener' does not exist on type 'never'.

[7m38[0m       element.addEventListener('scroll', handleScroll);
[7m  [0m [91m              ~~~~~~~~~~~~~~~~[0m

[96msrc/pages/lesson-viewer/components/TextContent.tsx[0m:[93m39[0m:[93m28[0m - [91merror[0m[90m TS2339: [0mProperty 'removeEventListener' does not exist on type 'never'.

[7m39[0m       return () => element.removeEventListener('scroll', handleScroll);
[7m  [0m [91m                           ~~~~~~~~~~~~~~~~~~~[0m

[96msrc/pages/lesson-viewer/components/TextContent.tsx[0m:[93m47[0m:[93m36[0m - [91merror[0m[90m TS2339: [0mProperty 'scrollTop' does not exist on type 'never'.

[7m47[0m     const scrollPosition = element.scrollTop;
[7m  [0m [91m                                   ~~~~~~~~~[0m

[96msrc/pages/lesson-viewer/components/TextContent.tsx[0m:[93m58[0m:[93m24[0m - [91merror[0m[90m TS7006: [0mParameter 'bookmark' implicitly has an 'any' type.

[7m58[0m   const goToBookmark = bookmark => {
[7m  [0m [91m                       ~~~~~~~~[0m

[96msrc/pages/lesson-viewer/components/TextContent.tsx[0m:[93m61[0m:[93m15[0m - [91merror[0m[90m TS2339: [0mProperty 'scrollTo' does not exist on type 'never'.

[7m61[0m       element.scrollTo({ top: bookmark.position, behavior: 'smooth' });
[7m  [0m [91m              ~~~~~~~~[0m

[96msrc/pages/lesson-viewer/components/TextContent.tsx[0m:[93m65[0m:[93m26[0m - [91merror[0m[90m TS7006: [0mParameter 'bookmarkId' implicitly has an 'any' type.

[7m65[0m   const removeBookmark = bookmarkId => {
[7m  [0m [91m                         ~~~~~~~~~~[0m

[96msrc/pages/lesson-viewer/components/TextContent.tsx[0m:[93m83[0m:[93m24[0m - [91merror[0m[90m TS7006: [0mParameter 'text' implicitly has an 'any' type.

[7m83[0m   const parseContent = text => {
[7m  [0m [91m                       ~~~~[0m

[96msrc/pages/lesson-viewer/components/TextContent.tsx[0m:[93m84[0m:[93m34[0m - [91merror[0m[90m TS7006: [0mParameter 'line' implicitly has an 'any' type.

[7m84[0m     return text.split('\n').map((line, index) => {
[7m  [0m [91m                                 ~~~~[0m

[96msrc/pages/lesson-viewer/components/TextContent.tsx[0m:[93m84[0m:[93m40[0m - [91merror[0m[90m TS7006: [0mParameter 'index' implicitly has an 'any' type.

[7m84[0m     return text.split('\n').map((line, index) => {
[7m  [0m [91m                                       ~~~~~[0m

[96msrc/pages/lesson-viewer/components/TextContent.tsx[0m:[93m191[0m:[93m50[0m - [91merror[0m[90m TS7053: [0mElement implicitly has an 'any' type because expression of type 'string' can't be used to index type '{ light: string; dark: string; sepia: string; }'.
  No index signature with a parameter of type 'string' was found on type '{ light: string; dark: string; sepia: string; }'.

[7m191[0m           className={`flex-1 overflow-auto p-8 ${themeClasses[theme]} ${fontSizeClasses[fontSize]}`}
[7m   [0m [91m                                                 ~~~~~~~~~~~~~~~~~~~[0m

[96msrc/pages/lesson-viewer/components/TextContent.tsx[0m:[93m191[0m:[93m73[0m - [91merror[0m[90m TS7053: [0mElement implicitly has an 'any' type because expression of type 'string' can't be used to index type '{ sm: string; base: string; lg: string; xl: string; }'.
  No index signature with a parameter of type 'string' was found on type '{ sm: string; base: string; lg: string; xl: string; }'.

[7m191[0m           className={`flex-1 overflow-auto p-8 ${themeClasses[theme]} ${fontSizeClasses[fontSize]}`}
[7m   [0m [91m                                                                        ~~~~~~~~~~~~~~~~~~~~~~~~~[0m

[96msrc/pages/lesson-viewer/components/VideoPlayer.tsx[0m:[93m29[0m:[93m51[0m - [91merror[0m[90m TS2339: [0mProperty 'currentTime' does not exist on type 'never'.

[7m29[0m     const updateTime = () => setCurrentTime(video.currentTime);
[7m  [0m [91m                                                  ~~~~~~~~~~~[0m

[96msrc/pages/lesson-viewer/components/VideoPlayer.tsx[0m:[93m30[0m:[93m52[0m - [91merror[0m[90m TS2339: [0mProperty 'duration' does not exist on type 'never'.

[7m30[0m     const updateDuration = () => setDuration(video.duration);
[7m  [0m [91m                                                   ~~~~~~~~[0m

[96msrc/pages/lesson-viewer/components/VideoPlayer.tsx[0m:[93m33[0m:[93m33[0m - [91merror[0m[90m TS2339: [0mProperty 'currentTime' does not exist on type 'never'.

[7m33[0m         const progress = (video.currentTime / duration) * 100;
[7m  [0m [91m                                ~~~~~~~~~~~[0m

[96msrc/pages/lesson-viewer/components/VideoPlayer.tsx[0m:[93m38[0m:[93m11[0m - [91merror[0m[90m TS2339: [0mProperty 'addEventListener' does not exist on type 'never'.

[7m38[0m     video.addEventListener('timeupdate', updateTime);
[7m  [0m [91m          ~~~~~~~~~~~~~~~~[0m

[96msrc/pages/lesson-viewer/components/VideoPlayer.tsx[0m:[93m39[0m:[93m11[0m - [91merror[0m[90m TS2339: [0mProperty 'addEventListener' does not exist on type 'never'.

[7m39[0m     video.addEventListener('timeupdate', handleProgress);
[7m  [0m [91m          ~~~~~~~~~~~~~~~~[0m

[96msrc/pages/lesson-viewer/components/VideoPlayer.tsx[0m:[93m40[0m:[93m11[0m - [91merror[0m[90m TS2339: [0mProperty 'addEventListener' does not exist on type 'never'.

[7m40[0m     video.addEventListener('loadedmetadata', updateDuration);
[7m  [0m [91m          ~~~~~~~~~~~~~~~~[0m

[96msrc/pages/lesson-viewer/components/VideoPlayer.tsx[0m:[93m43[0m:[93m13[0m - [91merror[0m[90m TS2339: [0mProperty 'removeEventListener' does not exist on type 'never'.

[7m43[0m       video.removeEventListener('timeupdate', updateTime);
[7m  [0m [91m            ~~~~~~~~~~~~~~~~~~~[0m

[96msrc/pages/lesson-viewer/components/VideoPlayer.tsx[0m:[93m44[0m:[93m13[0m - [91merror[0m[90m TS2339: [0mProperty 'removeEventListener' does not exist on type 'never'.

[7m44[0m       video.removeEventListener('timeupdate', handleProgress);
[7m  [0m [91m            ~~~~~~~~~~~~~~~~~~~[0m

[96msrc/pages/lesson-viewer/components/VideoPlayer.tsx[0m:[93m45[0m:[93m13[0m - [91merror[0m[90m TS2339: [0mProperty 'removeEventListener' does not exist on type 'never'.

[7m45[0m       video.removeEventListener('loadedmetadata', updateDuration);
[7m  [0m [91m            ~~~~~~~~~~~~~~~~~~~[0m

[96msrc/pages/lesson-viewer/components/VideoPlayer.tsx[0m:[93m52[0m:[93m7[0m - [91merror[0m[90m TS18047: [0m'video' is possibly 'null'.

[7m52[0m       video.pause();
[7m  [0m [91m      ~~~~~[0m

[96msrc/pages/lesson-viewer/components/VideoPlayer.tsx[0m:[93m54[0m:[93m7[0m - [91merror[0m[90m TS18047: [0m'video' is possibly 'null'.

[7m54[0m       video.play();
[7m  [0m [91m      ~~~~~[0m

[96msrc/pages/lesson-viewer/components/VideoPlayer.tsx[0m:[93m59[0m:[93m22[0m - [91merror[0m[90m TS7006: [0mParameter 'e' implicitly has an 'any' type.

[7m59[0m   const handleSeek = e => {
[7m  [0m [91m                     ~[0m

[96msrc/pages/lesson-viewer/components/VideoPlayer.tsx[0m:[93m63[0m:[93m5[0m - [91merror[0m[90m TS18047: [0m'video' is possibly 'null'.

[7m63[0m     video.currentTime = pos * duration;
[7m  [0m [91m    ~~~~~[0m

[96msrc/pages/lesson-viewer/components/VideoPlayer.tsx[0m:[93m66[0m:[93m30[0m - [91merror[0m[90m TS7006: [0mParameter 'e' implicitly has an 'any' type.

[7m66[0m   const handleVolumeChange = e => {
[7m  [0m [91m                             ~[0m

[96msrc/pages/lesson-viewer/components/VideoPlayer.tsx[0m:[93m69[0m:[93m5[0m - [91merror[0m[90m TS18047: [0m'videoRef.current' is possibly 'null'.

[7m69[0m     videoRef.current.volume = newVolume;
[7m  [0m [91m    ~~~~~~~~~~~~~~~~[0m

[96msrc/pages/lesson-viewer/components/VideoPlayer.tsx[0m:[93m72[0m:[93m36[0m - [91merror[0m[90m TS7006: [0mParameter 'rate' implicitly has an 'any' type.

[7m72[0m   const handlePlaybackRateChange = rate => {
[7m  [0m [91m                                   ~~~~[0m

[96msrc/pages/lesson-viewer/components/VideoPlayer.tsx[0m:[93m74[0m:[93m5[0m - [91merror[0m[90m TS18047: [0m'videoRef.current' is possibly 'null'.

[7m74[0m     videoRef.current.playbackRate = rate;
[7m  [0m [91m    ~~~~~~~~~~~~~~~~[0m

[96msrc/pages/lesson-viewer/components/VideoPlayer.tsx[0m:[93m77[0m:[93m22[0m - [91merror[0m[90m TS7006: [0mParameter 'time' implicitly has an 'any' type.

[7m77[0m   const formatTime = time => {
[7m  [0m [91m                     ~~~~[0m

[96msrc/pages/lesson-viewer/components/VideoPlayer.tsx[0m:[93m83[0m:[93m20[0m - [91merror[0m[90m TS7006: [0mParameter 'seconds' implicitly has an 'any' type.

[7m83[0m   const skipTime = seconds => {
[7m  [0m [91m                   ~~~~~~~[0m

[96msrc/pages/lesson-viewer/components/VideoPlayer.tsx[0m:[93m85[0m:[93m5[0m - [91merror[0m[90m TS18047: [0m'video' is possibly 'null'.

[7m85[0m     video.currentTime = Math.max(0, Math.min(duration, video.currentTime + seconds));
[7m  [0m [91m    ~~~~~[0m

[96msrc/pages/lesson-viewer/components/VideoPlayer.tsx[0m:[93m85[0m:[93m56[0m - [91merror[0m[90m TS18047: [0m'video' is possibly 'null'.

[7m85[0m     video.currentTime = Math.max(0, Math.min(duration, video.currentTime + seconds));
[7m  [0m [91m                                                       ~~~~~[0m

[96msrc/pages/lesson-viewer/components/VideoPlayer.tsx[0m:[93m94[0m:[93m11[0m - [91merror[0m[90m TS2322: [0mType 'string | null' is not assignable to type 'string | undefined'.
  Type 'null' is not assignable to type 'string | undefined'.

[7m94[0m           src={videoUrl}
[7m  [0m [91m          ~~~[0m

  [96m../../node_modules/.pnpm/@types+react@18.3.23/node_modules/@types/react/index.d.ts[0m:[93m3469[0m:[93m9[0m
    [7m3469[0m         src?: string | undefined;
    [7m    [0m [96m        ~~~[0m
    The expected type comes from property 'src' which is declared here on type 'DetailedHTMLProps<VideoHTMLAttributes<HTMLVideoElement>, HTMLVideoElement>'

[96msrc/pages/lesson-viewer/index.tsx[0m:[93m86[0m:[93m28[0m - [91merror[0m[90m TS2339: [0mProperty 'type' does not exist on type '{ content: Json; created_at: string | null; duration: number | null; id: string; is_published: boolean | null; lesson_order: number; module_id: string | null; title: string; updated_at: string | null; }'.

[7m86[0m           type: lessonData.type || 'video',
[7m  [0m [91m                           ~~~~[0m

[96msrc/pages/lesson-viewer/index.tsx[0m:[93m87[0m:[93m11[0m - [91merror[0m[90m TS2322: [0mType 'string | number' is not assignable to type 'string'.
  Type 'number' is not assignable to type 'string'.

[7m87[0m           duration: lessonData.duration || '',
[7m  [0m [91m          ~~~~~~~~[0m

[96msrc/pages/lesson-viewer/index.tsx[0m:[93m88[0m:[93m32[0m - [91merror[0m[90m TS2339: [0mProperty 'xp_reward' does not exist on type '{ content: Json; created_at: string | null; duration: number | null; id: string; is_published: boolean | null; lesson_order: number; module_id: string | null; title: string; updated_at: string | null; }'.

[7m88[0m           xpReward: lessonData.xp_reward || 0,
[7m  [0m [91m                               ~~~~~~~~~[0m

[96msrc/pages/lesson-viewer/index.tsx[0m:[93m89[0m:[93m21[0m - [91merror[0m[90m TS2322: [0mType 'string | null' is not assignable to type 'string'.
  Type 'null' is not assignable to type 'string'.

[7m89[0m           module: { id: lessonData.module_id, title: '', course: { id: '', title: '' } },
[7m  [0m [91m                    ~~[0m

  [96msrc/pages/lesson-viewer/index.tsx[0m:[93m50[0m:[93m13[0m
    [7m50[0m   module: { id: string; title: string; course: { id: string; title: string } };
    [7m  [0m [96m            ~~[0m
    The expected type comes from property 'id' which is declared here on type '{ id: string; title: string; course: { id: string; title: string; }; }'

[96msrc/pages/lesson-viewer/index.tsx[0m:[93m91[0m:[93m34[0m - [91merror[0m[90m TS2339: [0mProperty 'video_url' does not exist on type '{ content: Json; created_at: string | null; duration: number | null; id: string; is_published: boolean | null; lesson_order: number; module_id: string | null; title: string; updated_at: string | null; }'.

[7m91[0m             videoUrl: lessonData.video_url,
[7m  [0m [91m                                 ~~~~~~~~~[0m

[96msrc/pages/lesson-viewer/index.tsx[0m:[93m92[0m:[93m36[0m - [91merror[0m[90m TS2339: [0mProperty 'transcript' does not exist on type '{ content: Json; created_at: string | null; duration: number | null; id: string; is_published: boolean | null; lesson_order: number; module_id: string | null; title: string; updated_at: string | null; }'.

[7m92[0m             transcript: lessonData.transcript,
[7m  [0m [91m                                   ~~~~~~~~~~[0m

[96msrc/pages/lesson-viewer/index.tsx[0m:[93m93[0m:[93m37[0m - [91merror[0m[90m TS2339: [0mProperty 'text_content' does not exist on type '{ content: Json; created_at: string | null; duration: number | null; id: string; is_published: boolean | null; lesson_order: number; module_id: string | null; title: string; updated_at: string | null; }'.

[7m93[0m             textContent: lessonData.text_content,
[7m  [0m [91m                                    ~~~~~~~~~~~~[0m

[96msrc/pages/lesson-viewer/index.tsx[0m:[93m95[0m:[93m33[0m - [91merror[0m[90m TS2339: [0mProperty 'resources' does not exist on type '{ content: Json; created_at: string | null; duration: number | null; id: string; is_published: boolean | null; lesson_order: number; module_id: string | null; title: string; updated_at: string | null; }'.

[7m95[0m           resources: lessonData.resources || [],
[7m  [0m [91m                                ~~~~~~~~~[0m

[96msrc/pages/lesson-viewer/index.tsx[0m:[93m108[0m:[93m11[0m - [91merror[0m[90m TS2345: [0mArgument of type '{ id: string; title: string; lessons: { id: string; title: string; duration: string | number; completed: false; current: false; }[]; }[]' is not assignable to parameter of type 'SetStateAction<ModuleItem[]>'.
  Type '{ id: string; title: string; lessons: { id: string; title: string; duration: string | number; completed: false; current: false; }[]; }[]' is not assignable to type 'ModuleItem[]'.
    Type '{ id: string; title: string; lessons: { id: string; title: string; duration: string | number; completed: false; current: false; }[]; }' is not assignable to type 'ModuleItem'.
      Types of property 'lessons' are incompatible.
        Type '{ id: string; title: string; duration: string | number; completed: false; current: false; }[]' is not assignable to type 'LessonItem[]'.
          Type '{ id: string; title: string; duration: string | number; completed: false; current: false; }' is not assignable to type 'LessonItem'.
            Types of property 'duration' are incompatible.
              Type 'string | number' is not assignable to type 'string'.
                Type 'number' is not assignable to type 'string'.

[7m108[0m           modulesData.map(m => ({
[7m   [0m [91m          ~~~~~~~~~~~~~~~~~~~~~~~[0m
[7m109[0m             id: m.id,
[7m   [0m [91m~~~~~~~~~~~~~~~~~~~~~[0m
[7m...[0m 
[7m117[0m             })),
[7m   [0m [91m~~~~~~~~~~~~~~~~[0m
[7m118[0m           }))
[7m   [0m [91m~~~~~~~~~~~~~[0m

[96msrc/pages/lesson-viewer/index.tsx[0m:[93m142[0m:[93m25[0m - [91merror[0m[90m TS7006: [0mParameter 'note' implicitly has an 'any' type.

[7m142[0m   const handleAddNote = note => {
[7m   [0m [91m                        ~~~~[0m

[96msrc/pages/lesson-viewer/index.tsx[0m:[93m154[0m:[93m9[0m - [91merror[0m[90m TS18047: [0m'selection' is possibly 'null'.

[7m154[0m     if (selection.toString().length > 0) {
[7m   [0m [91m        ~~~~~~~~~[0m

[96msrc/pages/lesson-viewer/index.tsx[0m:[93m155[0m:[93m23[0m - [91merror[0m[90m TS18047: [0m'selection' is possibly 'null'.

[7m155[0m       setSelectedText(selection.toString());
[7m   [0m [91m                      ~~~~~~~~~[0m

[96msrc/pages/lesson-viewer/index.tsx[0m:[93m240[0m:[93m19[0m - [91merror[0m[90m TS2322: [0mType 'string | null' is not assignable to type 'string'.
  Type 'null' is not assignable to type 'string'.

[7m240[0m                   content={currentLesson.content.textContent}
[7m   [0m [91m                  ~~~~~~~[0m

  [96msrc/pages/lesson-viewer/components/TextContent.tsx[0m:[93m12[0m:[93m3[0m
    [7m12[0m   content: string;
    [7m  [0m [96m  ~~~~~~~[0m
    The expected type comes from property 'content' which is declared here on type 'IntrinsicAttributes & TextContentProps'

[96msrc/pages/program-overview/components/CourseCard.tsx[0m:[93m27[0m:[93m9[0m - [91merror[0m[90m TS18048: [0m'progress' is possibly 'undefined'.

[7m27[0m     if (progress > 0) return 'bg-primary';
[7m  [0m [91m        ~~~~~~~~[0m

[96msrc/pages/program-overview/components/CourseCard.tsx[0m:[93m90[0m:[93m38[0m - [91merror[0m[90m TS2345: [0mArgument of type 'number | undefined' is not assignable to parameter of type 'number'.
  Type 'undefined' is not assignable to type 'number'.

[7m90[0m                       i < Math.floor(course.rating)
[7m  [0m [91m                                     ~~~~~~~~~~~~~[0m

[96msrc/pages/program-overview/components/CourseCard.tsx[0m:[93m145[0m:[93m10[0m - [91merror[0m[90m TS18048: [0m'course.prerequisites.length' is possibly 'undefined'.

[7m145[0m         {course.prerequisites?.length > 0 && (
[7m   [0m [91m         ~~~~~~~~~~~~~~~~~~~~~~~~~~~~[0m

[96msrc/pages/program-overview/components/CourseCard.tsx[0m:[93m149[0m:[93m16[0m - [91merror[0m[90m TS18048: [0m'course.prerequisites' is possibly 'undefined'.

[7m149[0m               {course.prerequisites.map((prereq, index) => (
[7m   [0m [91m               ~~~~~~~~~~~~~~~~~~~~[0m

[96msrc/pages/program-overview/components/CourseCard.tsx[0m:[93m162[0m:[93m10[0m - [91merror[0m[90m TS18048: [0m'course.tags.length' is possibly 'undefined'.

[7m162[0m         {course.tags?.length > 0 && (
[7m   [0m [91m         ~~~~~~~~~~~~~~~~~~~[0m

[96msrc/pages/program-overview/components/CourseCard.tsx[0m:[93m165[0m:[93m16[0m - [91merror[0m[90m TS18048: [0m'course.tags' is possibly 'undefined'.

[7m165[0m               {course.tags.slice(0, 3).map((tag, index) => (
[7m   [0m [91m               ~~~~~~~~~~~[0m

[96msrc/pages/program-overview/components/CourseCard.tsx[0m:[93m173[0m:[93m16[0m - [91merror[0m[90m TS18048: [0m'course.tags' is possibly 'undefined'.

[7m173[0m               {course.tags.length > 3 && (
[7m   [0m [91m               ~~~~~~~~~~~[0m

[96msrc/pages/program-overview/components/CourseCard.tsx[0m:[93m175[0m:[93m21[0m - [91merror[0m[90m TS18048: [0m'course.tags' is possibly 'undefined'.

[7m175[0m                   +{course.tags.length - 3}
[7m   [0m [91m                    ~~~~~~~~~~~[0m

[96msrc/pages/program-overview/components/CourseCard.tsx[0m:[93m200[0m:[93m12[0m - [91merror[0m[90m TS18048: [0m'course.previewLessons' is possibly 'undefined'.

[7m200[0m           {course.previewLessons > 0 && (
[7m   [0m [91m           ~~~~~~~~~~~~~~~~~~~~~[0m

[96msrc/pages/program-overview/components/CoursePathway.tsx[0m:[93m15[0m:[93m10[0m - [91merror[0m[90m TS7053: [0mElement implicitly has an 'any' type because expression of type 'string' can't be used to index type '{}'.
  No index signature with a parameter of type 'string' was found on type '{}'.

[7m15[0m     if (!acc[level]) {
[7m  [0m [91m         ~~~~~~~~~~[0m

[96msrc/pages/program-overview/components/CoursePathway.tsx[0m:[93m16[0m:[93m7[0m - [91merror[0m[90m TS7053: [0mElement implicitly has an 'any' type because expression of type 'string' can't be used to index type '{}'.
  No index signature with a parameter of type 'string' was found on type '{}'.

[7m16[0m       acc[level] = [];
[7m  [0m [91m      ~~~~~~~~~~[0m

[96msrc/pages/program-overview/components/CoursePathway.tsx[0m:[93m18[0m:[93m5[0m - [91merror[0m[90m TS7053: [0mElement implicitly has an 'any' type because expression of type 'string' can't be used to index type '{}'.
  No index signature with a parameter of type 'string' was found on type '{}'.

[7m18[0m     acc[level].push(course);
[7m  [0m [91m    ~~~~~~~~~~[0m

[96msrc/pages/program-overview/components/CoursePathway.tsx[0m:[93m23[0m:[93m57[0m - [91merror[0m[90m TS7053: [0mElement implicitly has an 'any' type because expression of type 'string' can't be used to index type '{}'.
  No index signature with a parameter of type 'string' was found on type '{}'.

[7m23[0m   const orderedGroups = difficultyOrder.filter(level => groupedCourses[level]);
[7m  [0m [91m                                                        ~~~~~~~~~~~~~~~~~~~~~[0m

[96msrc/pages/program-overview/components/CoursePathway.tsx[0m:[93m40[0m:[93m9[0m - [91merror[0m[90m TS18048: [0m'progress' is possibly 'undefined'.

[7m40[0m     if (progress > 0) return 'bg-primary';
[7m  [0m [91m        ~~~~~~~~[0m

[96msrc/pages/program-overview/components/CoursePathway.tsx[0m:[93m54[0m:[93m17[0m - [91merror[0m[90m TS2322: [0mType '"Play" | "Zap" | "Crown"' is not assignable to type '"Menu" | "X" | "Activity" | "AlertCircle" | "AlertTriangle" | "ArrowDown" | "ArrowLeft" | "ArrowRight" | "ArrowUp" | "ArrowUpDown" | "Award" | "BarChart3" | "Bell" | "Bold" | ... 102 more ... | "Zap"'.
  Type '"Crown"' is not assignable to type '"Menu" | "X" | "Activity" | "AlertCircle" | "AlertTriangle" | "ArrowDown" | "ArrowLeft" | "ArrowRight" | "ArrowUp" | "ArrowUpDown" | "Award" | "BarChart3" | "Bell" | "Bold" | ... 102 more ... | "Zap"'.

[7m54[0m                 name={
[7m  [0m [91m                ~~~~[0m

  [96msrc/components/AppIcon.tsx[0m:[93m143[0m:[93m3[0m
    [7m143[0m   name: IconName;
    [7m   [0m [96m  ~~~~[0m
    The expected type comes from property 'name' which is declared here on type 'IntrinsicAttributes & IconProps'

[96msrc/pages/program-overview/components/CoursePathway.tsx[0m:[93m68[0m:[93m18[0m - [91merror[0m[90m TS7053: [0mElement implicitly has an 'any' type because expression of type 'string' can't be used to index type '{}'.
  No index signature with a parameter of type 'string' was found on type '{}'.

[7m68[0m                 {groupedCourses[difficulty].length} cours disponible
[7m  [0m [91m                 ~~~~~~~~~~~~~~~~~~~~~~~~~~[0m

[96msrc/pages/program-overview/components/CoursePathway.tsx[0m:[93m69[0m:[93m18[0m - [91merror[0m[90m TS7053: [0mElement implicitly has an 'any' type because expression of type 'string' can't be used to index type '{}'.
  No index signature with a parameter of type 'string' was found on type '{}'.

[7m69[0m                 {groupedCourses[difficulty].length > 1 ? 's' : ''}
[7m  [0m [91m                 ~~~~~~~~~~~~~~~~~~~~~~~~~~[0m

[96msrc/pages/program-overview/components/CoursePathway.tsx[0m:[93m82[0m:[93m16[0m - [91merror[0m[90m TS7053: [0mElement implicitly has an 'any' type because expression of type 'string' can't be used to index type '{}'.
  No index signature with a parameter of type 'string' was found on type '{}'.

[7m82[0m               {groupedCourses[difficulty].map((course, courseIndex) => (
[7m  [0m [91m               ~~~~~~~~~~~~~~~~~~~~~~~~~~[0m

[96msrc/pages/program-overview/components/CoursePathway.tsx[0m:[93m82[0m:[93m48[0m - [91merror[0m[90m TS7006: [0mParameter 'course' implicitly has an 'any' type.

[7m82[0m               {groupedCourses[difficulty].map((course, courseIndex) => (
[7m  [0m [91m                                               ~~~~~~[0m

[96msrc/pages/program-overview/components/CoursePathway.tsx[0m:[93m82[0m:[93m56[0m - [91merror[0m[90m TS7006: [0mParameter 'courseIndex' implicitly has an 'any' type.

[7m82[0m               {groupedCourses[difficulty].map((course, courseIndex) => (
[7m  [0m [91m                                                       ~~~~~~~~~~~[0m

[96msrc/pages/program-overview/components/CoursePathway.tsx[0m:[93m85[0m:[93m34[0m - [91merror[0m[90m TS7053: [0mElement implicitly has an 'any' type because expression of type 'string' can't be used to index type '{}'.
  No index signature with a parameter of type 'string' was found on type '{}'.

[7m85[0m                   {courseIndex < groupedCourses[difficulty].length - 1 && (
[7m  [0m [91m                                 ~~~~~~~~~~~~~~~~~~~~~~~~~~[0m

[96msrc/pages/program-overview/components/CoursePathway.tsx[0m:[93m195[0m:[93m56[0m - [91merror[0m[90m TS7006: [0mParameter 'prereq' implicitly has an 'any' type.

[7m195[0m                             {course.prerequisites.map((prereq, index) => (
[7m   [0m [91m                                                       ~~~~~~[0m

[96msrc/pages/program-overview/components/CoursePathway.tsx[0m:[93m195[0m:[93m64[0m - [91merror[0m[90m TS7006: [0mParameter 'index' implicitly has an 'any' type.

[7m195[0m                             {course.prerequisites.map((prereq, index) => (
[7m   [0m [91m                                                               ~~~~~[0m

[96msrc/pages/program-overview/components/FilterSidebar.tsx[0m:[93m35[0m:[93m31[0m - [91merror[0m[90m TS7006: [0mParameter 'filterType' implicitly has an 'any' type.

[7m35[0m   const handleFilterToggle = (filterType, value) => {
[7m  [0m [91m                              ~~~~~~~~~~[0m

[96msrc/pages/program-overview/components/FilterSidebar.tsx[0m:[93m35[0m:[93m43[0m - [91merror[0m[90m TS7006: [0mParameter 'value' implicitly has an 'any' type.

[7m35[0m   const handleFilterToggle = (filterType, value) => {
[7m  [0m [91m                                          ~~~~~[0m

[96msrc/pages/program-overview/components/FilterSidebar.tsx[0m:[93m36[0m:[93m28[0m - [91merror[0m[90m TS7053: [0mElement implicitly has an 'any' type because expression of type 'any' can't be used to index type '{ skillLevel: string[]; duration: string[]; category: string[]; status: string[]; }'.

[7m36[0m     const currentFilters = filters[filterType];
[7m  [0m [91m                           ~~~~~~~~~~~~~~~~~~~[0m

[96msrc/pages/program-overview/components/FilterSidebar.tsx[0m:[93m38[0m:[93m31[0m - [91merror[0m[90m TS7006: [0mParameter 'item' implicitly has an 'any' type.

[7m38[0m       ? currentFilters.filter(item => item !== value)
[7m  [0m [91m                              ~~~~[0m

[96msrc/pages/program-overview/components/FilterSidebar.tsx[0m:[93m130[0m:[93m52[0m - [91merror[0m[90m TS2345: [0mArgument of type 'string | undefined' is not assignable to parameter of type 'string'.
  Type 'undefined' is not assignable to type 'string'.

[7m130[0m                 checked={filters.category.includes(category)}
[7m   [0m [91m                                                   ~~~~~~~~[0m

[96msrc/pages/program-overview/index.tsx[0m:[93m68[0m:[93m30[0m - [91merror[0m[90m TS7006: [0mParameter 'newFilters' implicitly has an 'any' type.

[7m68[0m   const handleFilterChange = newFilters => {
[7m  [0m [91m                             ~~~~~~~~~~[0m

[96msrc/pages/public-homepage/components/BenefitsSection.tsx[0m:[93m63[0m:[93m27[0m - [91merror[0m[90m TS7006: [0mParameter 'color' implicitly has an 'any' type.

[7m63[0m   const getColorClasses = color => {
[7m  [0m [91m                          ~~~~~[0m

[96msrc/pages/public-homepage/components/BenefitsSection.tsx[0m:[93m90[0m:[93m12[0m - [91merror[0m[90m TS7053: [0mElement implicitly has an 'any' type because expression of type 'any' can't be used to index type '{ primary: { bg: string; border: string; icon: string; badge: string; }; accent: { bg: string; border: string; icon: string; badge: string; }; warning: { bg: string; border: string; icon: string; badge: string; }; success: { ...; }; }'.

[7m90[0m     return colors[color] || colors.primary;
[7m  [0m [91m           ~~~~~~~~~~~~~[0m

[96msrc/pages/public-homepage/components/BenefitsSection.tsx[0m:[93m155[0m:[93m47[0m - [91merror[0m[90m TS2322: [0mType 'string' is not assignable to type '"Menu" | "X" | "Activity" | "AlertCircle" | "AlertTriangle" | "ArrowDown" | "ArrowLeft" | "ArrowRight" | "ArrowUp" | "ArrowUpDown" | "Award" | "BarChart3" | "Bell" | "Bold" | ... 102 more ... | "Zap"'.

[7m155[0m                     <Icon aria-hidden="true"  name={benefit.icon} size={24} className={colorClasses.icon} />
[7m   [0m [91m                                              ~~~~[0m

  [96msrc/components/AppIcon.tsx[0m:[93m143[0m:[93m3[0m
    [7m143[0m   name: IconName;
    [7m   [0m [96m  ~~~~[0m
    The expected type comes from property 'name' which is declared here on type 'IntrinsicAttributes & IconProps'

[96msrc/pages/public-homepage/components/DataVisualization.tsx[0m:[93m115[0m:[93m34[0m - [91merror[0m[90m TS18046: [0m'theme.boxShadow' is of type 'unknown'.

[7m115[0m                       boxShadow: theme.boxShadow.medium,
[7m   [0m [91m                                 ~~~~~~~~~~~~~~~[0m

[96msrc/pages/public-homepage/components/DataVisualization.tsx[0m:[93m157[0m:[93m34[0m - [91merror[0m[90m TS18046: [0m'theme.boxShadow' is of type 'unknown'.

[7m157[0m                       boxShadow: theme.boxShadow.medium,
[7m   [0m [91m                                 ~~~~~~~~~~~~~~~[0m

[96msrc/pages/public-homepage/components/Footer.tsx[0m:[93m89[0m:[93m47[0m - [91merror[0m[90m TS2322: [0mType 'string' is not assignable to type '"Menu" | "X" | "Activity" | "AlertCircle" | "AlertTriangle" | "ArrowDown" | "ArrowLeft" | "ArrowRight" | "ArrowUp" | "ArrowUpDown" | "Award" | "BarChart3" | "Bell" | "Bold" | ... 102 more ... | "Zap"'.

[7m89[0m                     <Icon aria-hidden="true"  name={social.icon} size={18} />
[7m  [0m [91m                                              ~~~~[0m

  [96msrc/components/AppIcon.tsx[0m:[93m143[0m:[93m3[0m
    [7m143[0m   name: IconName;
    [7m   [0m [96m  ~~~~[0m
    The expected type comes from property 'name' which is declared here on type 'IntrinsicAttributes & IconProps'

[96msrc/pages/public-homepage/components/ProgramOverview.tsx[0m:[93m101[0m:[93m30[0m - [91merror[0m[90m TS7006: [0mParameter 'difficulty' implicitly has an 'any' type.

[7m101[0m   const getDifficultyColor = difficulty => {
[7m   [0m [91m                             ~~~~~~~~~~[0m

[96msrc/pages/user-dashboard/components/ProgressChart.tsx[0m:[93m54[0m:[93m28[0m - [91merror[0m[90m TS7031: [0mBinding element 'active' implicitly has an 'any' type.

[7m54[0m   const CustomTooltip = ({ active, payload, label }) => {
[7m  [0m [91m                           ~~~~~~[0m

[96msrc/pages/user-dashboard/components/ProgressChart.tsx[0m:[93m54[0m:[93m36[0m - [91merror[0m[90m TS7031: [0mBinding element 'payload' implicitly has an 'any' type.

[7m54[0m   const CustomTooltip = ({ active, payload, label }) => {
[7m  [0m [91m                                   ~~~~~~~[0m

[96msrc/pages/user-dashboard/components/ProgressChart.tsx[0m:[93m54[0m:[93m45[0m - [91merror[0m[90m TS7031: [0mBinding element 'label' implicitly has an 'any' type.

[7m54[0m   const CustomTooltip = ({ active, payload, label }) => {
[7m  [0m [91m                                            ~~~~~[0m

[96msrc/pages/user-dashboard/components/ProgressChart.tsx[0m:[93m59[0m:[93m25[0m - [91merror[0m[90m TS7006: [0mParameter 'entry' implicitly has an 'any' type.

[7m59[0m           {payload.map((entry, index) => (
[7m  [0m [91m                        ~~~~~[0m

[96msrc/pages/user-dashboard/components/ProgressChart.tsx[0m:[93m59[0m:[93m32[0m - [91merror[0m[90m TS7006: [0mParameter 'index' implicitly has an 'any' type.

[7m59[0m           {payload.map((entry, index) => (
[7m  [0m [91m                               ~~~~~[0m

[96msrc/pages/user-dashboard/components/ProgressChart.tsx[0m:[93m124[0m:[93m41[0m - [91merror[0m[90m TS2322: [0mType 'string' is not assignable to type '"Menu" | "X" | "Activity" | "AlertCircle" | "AlertTriangle" | "ArrowDown" | "ArrowLeft" | "ArrowRight" | "ArrowUp" | "ArrowUpDown" | "Award" | "BarChart3" | "Bell" | "Bold" | ... 102 more ... | "Zap"'.

[7m124[0m               <Icon aria-hidden="true"  name={tab.icon} size={16} />
[7m   [0m [91m                                        ~~~~[0m

  [96msrc/components/AppIcon.tsx[0m:[93m143[0m:[93m3[0m
    [7m143[0m   name: IconName;
    [7m   [0m [96m  ~~~~[0m
    The expected type comes from property 'name' which is declared here on type 'IntrinsicAttributes & IconProps'

[96msrc/pages/user-dashboard/components/ProgressChart.tsx[0m:[93m137[0m:[93m32[0m - [91merror[0m[90m TS2739: [0mType '{}' is missing the following properties from type '{ active: any; payload: any; label: any; }': active, payload, label

[7m137[0m             <Tooltip content={<CustomTooltip />} />
[7m   [0m [91m                               ~~~~~~~~~~~~~[0m

[96msrc/pages/user-dashboard/components/QuickActions.tsx[0m:[93m39[0m:[93m41[0m - [91merror[0m[90m TS2322: [0mType 'string' is not assignable to type '"Menu" | "X" | "Activity" | "AlertCircle" | "AlertTriangle" | "ArrowDown" | "ArrowLeft" | "ArrowRight" | "ArrowUp" | "ArrowUpDown" | "Award" | "BarChart3" | "Bell" | "Bold" | ... 102 more ... | "Zap"'.

[7m39[0m               <Icon aria-hidden="true"  name={action.icon} size={20} color='white' />
[7m  [0m [91m                                        ~~~~[0m

  [96msrc/components/AppIcon.tsx[0m:[93m143[0m:[93m3[0m
    [7m143[0m   name: IconName;
    [7m   [0m [96m  ~~~~[0m
    The expected type comes from property 'name' which is declared here on type 'IntrinsicAttributes & IconProps'

[96msrc/pages/user-dashboard/components/QuickActions.tsx[0m:[93m64[0m:[93m39[0m - [91merror[0m[90m TS2322: [0mType 'string' is not assignable to type '"Menu" | "X" | "Activity" | "AlertCircle" | "AlertTriangle" | "ArrowDown" | "ArrowLeft" | "ArrowRight" | "ArrowUp" | "ArrowUpDown" | "Award" | "BarChart3" | "Bell" | "Bold" | ... 102 more ... | "Zap"'.

[7m64[0m             <Icon aria-hidden="true"  name={action.icon} size={20} color='white' />
[7m  [0m [91m                                      ~~~~[0m

  [96msrc/components/AppIcon.tsx[0m:[93m143[0m:[93m3[0m
    [7m143[0m   name: IconName;
    [7m   [0m [96m  ~~~~[0m
    The expected type comes from property 'name' which is declared here on type 'IntrinsicAttributes & IconProps'

[96msrc/pages/user-dashboard/components/RecentActivity.tsx[0m:[93m35[0m:[93m33[0m - [91merror[0m[90m TS2322: [0mType 'string' is not assignable to type '"Menu" | "X" | "Activity" | "AlertCircle" | "AlertTriangle" | "ArrowDown" | "ArrowLeft" | "ArrowRight" | "ArrowUp" | "ArrowUpDown" | "Award" | "BarChart3" | "Bell" | "Bold" | ... 102 more ... | "Zap"'.

[7m35[0m       <Icon aria-hidden="true"  name={activity.icon} size={20} />
[7m  [0m [91m                                ~~~~[0m

  [96msrc/components/AppIcon.tsx[0m:[93m143[0m:[93m3[0m
    [7m143[0m   name: IconName;
    [7m   [0m [96m  ~~~~[0m
    The expected type comes from property 'name' which is declared here on type 'IntrinsicAttributes & IconProps'

[96msrc/pages/user-dashboard/index.tsx[0m:[93m22[0m:[93m11[0m - [91merror[0m[90m TS2339: [0mProperty 'coursesWithProgress' does not exist on type 'CourseContextValue'.

[7m22[0m   const { coursesWithProgress: courses, isLoading } = useCourses();
[7m  [0m [91m          ~~~~~~~~~~~~~~~~~~~[0m

[96msrc/pages/user-dashboard/index.tsx[0m:[93m40[0m:[93m7[0m - [91merror[0m[90m TS7006: [0mParameter 'course' implicitly has an 'any' type.

[7m40[0m       course => course.progress.completed > 0 && course.progress.completed < course.progress.total
[7m  [0m [91m      ~~~~~~[0m

[96msrc/pages/user-dashboard/index.tsx[0m:[93m50[0m:[93m42[0m - [91merror[0m[90m TS7006: [0mParameter 'course' implicitly has an 'any' type.

[7m50[0m     const unstartedCourse = courses.find(course => course.progress.completed === 0);
[7m  [0m [91m                                         ~~~~~~[0m

[96msrc/pages/user-dashboard/index.tsx[0m:[93m75[0m:[93m38[0m - [91merror[0m[90m TS7006: [0mParameter 'c' implicitly has an 'any' type.

[7m75[0m     completedCourses: courses.filter(c => c.progress.completed > 0 && c.progress.completed === c.progress.total).length,
[7m  [0m [91m                                     ~[0m

[96msrc/pages/user-dashboard/index.tsx[0m:[93m76[0m:[93m35[0m - [91merror[0m[90m TS7006: [0mParameter 'acc' implicitly has an 'any' type.

[7m76[0m     totalLessons: courses.reduce((acc, course) => acc + (course.progress?.total || 0), 0),
[7m  [0m [91m                                  ~~~[0m

[96msrc/pages/user-dashboard/index.tsx[0m:[93m76[0m:[93m40[0m - [91merror[0m[90m TS7006: [0mParameter 'course' implicitly has an 'any' type.

[7m76[0m     totalLessons: courses.reduce((acc, course) => acc + (course.progress?.total || 0), 0),
[7m  [0m [91m                                       ~~~~~~[0m

[96msrc/pages/user-dashboard/index.tsx[0m:[93m77[0m:[93m39[0m - [91merror[0m[90m TS7006: [0mParameter 'acc' implicitly has an 'any' type.

[7m77[0m     completedLessons: courses.reduce((acc, course) => acc + (course.progress?.completed || 0), 0),
[7m  [0m [91m                                      ~~~[0m

[96msrc/pages/user-dashboard/index.tsx[0m:[93m77[0m:[93m44[0m - [91merror[0m[90m TS7006: [0mParameter 'course' implicitly has an 'any' type.

[7m77[0m     completedLessons: courses.reduce((acc, course) => acc + (course.progress?.completed || 0), 0),
[7m  [0m [91m                                           ~~~~~~[0m

[96msrc/pages/user-dashboard/index.tsx[0m:[93m167[0m:[93m31[0m - [91merror[0m[90m TS2322: [0mType '{ action: string; created_at: string | null; details: Json; id: string; type: string; user_id: string; }[]' is not assignable to type 'Activity[]'.
  Type '{ action: string; created_at: string | null; details: Json; id: string; type: string; user_id: string; }' is missing the following properties from type 'Activity': title, description, icon, timestamp

[7m167[0m               <RecentActivity activities={activities} />
[7m   [0m [91m                              ~~~~~~~~~~[0m

  [96msrc/pages/user-dashboard/components/RecentActivity.tsx[0m:[93m25[0m:[93m3[0m
    [7m25[0m   activities?: Activity[];
    [7m  [0m [96m  ~~~~~~~~~~[0m
    The expected type comes from property 'activities' which is declared here on type 'IntrinsicAttributes & RecentActivityProps'

[96msrc/pages/user-dashboard/index.tsx[0m:[93m187[0m:[93m34[0m - [91merror[0m[90m TS7006: [0mParameter 'course' implicitly has an 'any' type.

[7m187[0m                     {courses.map(course => {
[7m   [0m [91m                                 ~~~~~~[0m

[96msrc/pages/user-dashboard/index.tsx[0m:[93m245[0m:[93m36[0m - [91merror[0m[90m TS2322: [0mType '{ created_at: string | null; description: string | null; earned: boolean | null; icon: string | null; id: string; rarity: string | null; title: string; user_id: string | null; xp_reward: number | null; }[]' is not assignable to type 'Achievement[]'.
  Property 'xpReward' is missing in type '{ created_at: string | null; description: string | null; earned: boolean | null; icon: string | null; id: string; rarity: string | null; title: string; user_id: string | null; xp_reward: number | null; }' but required in type 'Achievement'.

[7m245[0m               <AchievementCarousel achievements={achievements} />
[7m   [0m [91m                                   ~~~~~~~~~~~~[0m

  [96msrc/pages/user-dashboard/components/AchievementCarousel.tsx[0m:[93m11[0m:[93m3[0m
    [7m11[0m   xpReward: number;
    [7m  [0m [96m  ~~~~~~~~[0m
    'xpReward' is declared here.
  [96msrc/pages/user-dashboard/components/AchievementCarousel.tsx[0m:[93m16[0m:[93m3[0m
    [7m16[0m   achievements?: Achievement[];
    [7m  [0m [96m  ~~~~~~~~~~~~[0m
    The expected type comes from property 'achievements' which is declared here on type 'IntrinsicAttributes & AchievementCarouselProps'

[96msrc/pages/user-management-admin/components/BulkActionsBar.tsx[0m:[93m62[0m:[93m29[0m - [91merror[0m[90m TS7006: [0mParameter 'actionId' implicitly has an 'any' type.

[7m62[0m   const handleActionClick = actionId => {
[7m  [0m [91m                            ~~~~~~~~[0m

[96msrc/pages/user-management-admin/components/BulkActionsBar.tsx[0m:[93m101[0m:[93m25[0m - [91merror[0m[90m TS2322: [0mType 'string' is not assignable to type '"Menu" | "X" | "Activity" | "AlertCircle" | "AlertTriangle" | "ArrowDown" | "ArrowLeft" | "ArrowRight" | "ArrowUp" | "ArrowUpDown" | "Award" | "BarChart3" | "Bell" | "Bold" | ... 102 more ... | "Zap"'.

[7m101[0m                         name={action.icon}
[7m   [0m [91m                        ~~~~[0m

  [96msrc/components/AppIcon.tsx[0m:[93m143[0m:[93m3[0m
    [7m143[0m   name: IconName;
    [7m   [0m [96m  ~~~~[0m
    The expected type comes from property 'name' which is declared here on type 'IntrinsicAttributes & IconProps'

[96msrc/pages/user-management-admin/components/CreateUserModal.tsx[0m:[93m32[0m:[93m29[0m - [91merror[0m[90m TS7006: [0mParameter 'e' implicitly has an 'any' type.

[7m32[0m   const handleInputChange = e => {
[7m  [0m [91m                            ~[0m

[96msrc/pages/user-management-admin/components/CreateUserModal.tsx[0m:[93m40[0m:[93m9[0m - [91merror[0m[90m TS7053: [0mElement implicitly has an 'any' type because expression of type 'any' can't be used to index type '{}'.

[7m40[0m     if (errors[name]) {
[7m  [0m [91m        ~~~~~~~~~~~~[0m

[96msrc/pages/user-management-admin/components/CreateUserModal.tsx[0m:[93m48[0m:[93m30[0m - [91merror[0m[90m TS7006: [0mParameter 'course' implicitly has an 'any' type.

[7m48[0m   const handleCourseToggle = course => {
[7m  [0m [91m                             ~~~~~~[0m

[96msrc/pages/user-management-admin/components/CreateUserModal.tsx[0m:[93m49[0m:[93m17[0m - [91merror[0m[90m TS2345: [0mArgument of type '(prev: { name: string; email: string; role: string; status: string; phone: string; location: string; initialCourses: never[]; }) => { initialCourses: any[]; name: string; email: string; role: string; status: string; phone: string; location: string; }' is not assignable to parameter of type 'SetStateAction<{ name: string; email: string; role: string; status: string; phone: string; location: string; initialCourses: never[]; }>'.
  Type '(prev: { name: string; email: string; role: string; status: string; phone: string; location: string; initialCourses: never[]; }) => { initialCourses: any[]; name: string; email: string; role: string; status: string; phone: string; location: string; }' is not assignable to type '(prevState: { name: string; email: string; role: string; status: string; phone: string; location: string; initialCourses: never[]; }) => { name: string; email: string; role: string; status: string; phone: string; location: string; initialCourses: never[]; }'.
    Call signature return types '{ initialCourses: any[]; name: string; email: string; role: string; status: string; phone: string; location: string; }' and '{ name: string; email: string; role: string; status: string; phone: string; location: string; initialCourses: never[]; }' are incompatible.
      The types of 'initialCourses' are incompatible between these types.
        Type 'any[]' is not assignable to type 'never[]'.
          Type 'any' is not assignable to type 'never'.

[7m 49[0m     setFormData(prev => ({
[7m   [0m [91m                ~~~~~~~~~~[0m
[7m 50[0m       ...prev,
[7m   [0m [91m~~~~~~~~~~~~~~[0m
[7m...[0m 
[7m 53[0m         : [...prev.initialCourses, course],
[7m   [0m [91m~~~~~~~~~~~~~~~~~~~~~~~~~~~~~~~~~~~~~~~~~~~[0m
[7m 54[0m     }));
[7m   [0m [91m~~~~~~[0m

[96msrc/pages/user-management-admin/components/CreateUserModal.tsx[0m:[93m51[0m:[93m52[0m - [91merror[0m[90m TS2345: [0mArgument of type 'any' is not assignable to parameter of type 'never'.

[7m51[0m       initialCourses: prev.initialCourses.includes(course)
[7m  [0m [91m                                                   ~~~~~~[0m

[96msrc/pages/user-management-admin/components/CreateUserModal.tsx[0m:[93m61[0m:[93m17[0m - [91merror[0m[90m TS2339: [0mProperty 'name' does not exist on type '{}'.

[7m61[0m       newErrors.name = 'Le nom est requis';
[7m  [0m [91m                ~~~~[0m

[96msrc/pages/user-management-admin/components/CreateUserModal.tsx[0m:[93m65[0m:[93m17[0m - [91merror[0m[90m TS2339: [0mProperty 'email' does not exist on type '{}'.

[7m65[0m       newErrors.email = "L'email est requis";
[7m  [0m [91m                ~~~~~[0m

[96msrc/pages/user-management-admin/components/CreateUserModal.tsx[0m:[93m67[0m:[93m17[0m - [91merror[0m[90m TS2339: [0mProperty 'email' does not exist on type '{}'.

[7m67[0m       newErrors.email = "Format d'email invalide";
[7m  [0m [91m                ~~~~~[0m

[96msrc/pages/user-management-admin/components/CreateUserModal.tsx[0m:[93m71[0m:[93m17[0m - [91merror[0m[90m TS2339: [0mProperty 'phone' does not exist on type '{}'.

[7m71[0m       newErrors.phone = 'Le tâ”œÂ®lâ”œÂ®phone est requis';
[7m  [0m [91m                ~~~~~[0m

[96msrc/pages/user-management-admin/components/CreateUserModal.tsx[0m:[93m75[0m:[93m17[0m - [91merror[0m[90m TS2339: [0mProperty 'location' does not exist on type '{}'.

[7m75[0m       newErrors.location = 'La localisation est requise';
[7m  [0m [91m                ~~~~~~~~[0m

[96msrc/pages/user-management-admin/components/CreateUserModal.tsx[0m:[93m82[0m:[93m30[0m - [91merror[0m[90m TS7006: [0mParameter 'e' implicitly has an 'any' type.

[7m82[0m   const handleSubmit = async e => {
[7m  [0m [91m                             ~[0m

[96msrc/pages/user-management-admin/components/CreateUserModal.tsx[0m:[93m149[0m:[93m28[0m - [91merror[0m[90m TS2339: [0mProperty 'name' does not exist on type '{}'.

[7m149[0m                     errors.name ? 'border-error' : 'border-border'
[7m   [0m [91m                           ~~~~[0m

[96msrc/pages/user-management-admin/components/CreateUserModal.tsx[0m:[93m153[0m:[93m25[0m - [91merror[0m[90m TS2339: [0mProperty 'name' does not exist on type '{}'.

[7m153[0m                 {errors.name && <p className='mt-1 text-sm text-error'>{errors.name}</p>}
[7m   [0m [91m                        ~~~~[0m

[96msrc/pages/user-management-admin/components/CreateUserModal.tsx[0m:[93m153[0m:[93m80[0m - [91merror[0m[90m TS2339: [0mProperty 'name' does not exist on type '{}'.

[7m153[0m                 {errors.name && <p className='mt-1 text-sm text-error'>{errors.name}</p>}
[7m   [0m [91m                                                                               ~~~~[0m

[96msrc/pages/user-management-admin/components/CreateUserModal.tsx[0m:[93m166[0m:[93m28[0m - [91merror[0m[90m TS2339: [0mProperty 'email' does not exist on type '{}'.

[7m166[0m                     errors.email ? 'border-error' : 'border-border'
[7m   [0m [91m                           ~~~~~[0m

[96msrc/pages/user-management-admin/components/CreateUserModal.tsx[0m:[93m170[0m:[93m25[0m - [91merror[0m[90m TS2339: [0mProperty 'email' does not exist on type '{}'.

[7m170[0m                 {errors.email && <p className='mt-1 text-sm text-error'>{errors.email}</p>}
[7m   [0m [91m                        ~~~~~[0m

[96msrc/pages/user-management-admin/components/CreateUserModal.tsx[0m:[93m170[0m:[93m81[0m - [91merror[0m[90m TS2339: [0mProperty 'email' does not exist on type '{}'.

[7m170[0m                 {errors.email && <p className='mt-1 text-sm text-error'>{errors.email}</p>}
[7m   [0m [91m                                                                                ~~~~~[0m

[96msrc/pages/user-management-admin/components/CreateUserModal.tsx[0m:[93m183[0m:[93m28[0m - [91merror[0m[90m TS2339: [0mProperty 'phone' does not exist on type '{}'.

[7m183[0m                     errors.phone ? 'border-error' : 'border-border'
[7m   [0m [91m                           ~~~~~[0m

[96msrc/pages/user-management-admin/components/CreateUserModal.tsx[0m:[93m187[0m:[93m25[0m - [91merror[0m[90m TS2339: [0mProperty 'phone' does not exist on type '{}'.

[7m187[0m                 {errors.phone && <p className='mt-1 text-sm text-error'>{errors.phone}</p>}
[7m   [0m [91m                        ~~~~~[0m

[96msrc/pages/user-management-admin/components/CreateUserModal.tsx[0m:[93m187[0m:[93m81[0m - [91merror[0m[90m TS2339: [0mProperty 'phone' does not exist on type '{}'.

[7m187[0m                 {errors.phone && <p className='mt-1 text-sm text-error'>{errors.phone}</p>}
[7m   [0m [91m                                                                                ~~~~~[0m

[96msrc/pages/user-management-admin/components/CreateUserModal.tsx[0m:[93m200[0m:[93m28[0m - [91merror[0m[90m TS2339: [0mProperty 'location' does not exist on type '{}'.

[7m200[0m                     errors.location ? 'border-error' : 'border-border'
[7m   [0m [91m                           ~~~~~~~~[0m

[96msrc/pages/user-management-admin/components/CreateUserModal.tsx[0m:[93m204[0m:[93m25[0m - [91merror[0m[90m TS2339: [0mProperty 'location' does not exist on type '{}'.

[7m204[0m                 {errors.location && <p className='mt-1 text-sm text-error'>{errors.location}</p>}
[7m   [0m [91m                        ~~~~~~~~[0m

[96msrc/pages/user-management-admin/components/CreateUserModal.tsx[0m:[93m204[0m:[93m84[0m - [91merror[0m[90m TS2339: [0mProperty 'location' does not exist on type '{}'.

[7m204[0m                 {errors.location && <p className='mt-1 text-sm text-error'>{errors.location}</p>}
[7m   [0m [91m                                                                                   ~~~~~~~~[0m

[96msrc/pages/user-management-admin/components/CreateUserModal.tsx[0m:[93m258[0m:[93m63[0m - [91merror[0m[90m TS2345: [0mArgument of type 'string' is not assignable to parameter of type 'never'.

[7m258[0m                     checked={formData.initialCourses.includes(course)}
[7m   [0m [91m                                                              ~~~~~~[0m

[96msrc/pages/user-management-admin/components/UserDetailsPanel.tsx[0m:[93m15[0m:[93m26[0m - [91merror[0m[90m TS7006: [0mParameter 'status' implicitly has an 'any' type.

[7m15[0m   const getStatusBadge = status => {
[7m  [0m [91m                         ~~~~~~[0m

[96msrc/pages/user-management-admin/components/UserDetailsPanel.tsx[0m:[93m22[0m:[93m20[0m - [91merror[0m[90m TS7053: [0mElement implicitly has an 'any' type because expression of type 'any' can't be used to index type '{ active: { color: string; label: string; icon: string; }; inactive: { color: string; label: string; icon: string; }; pending: { color: string; label: string; icon: string; }; }'.

[7m22[0m     const config = statusConfig[status] || statusConfig.pending;
[7m  [0m [91m                   ~~~~~~~~~~~~~~~~~~~~[0m

[96msrc/pages/user-management-admin/components/UserDetailsPanel.tsx[0m:[93m33[0m:[93m24[0m - [91merror[0m[90m TS7006: [0mParameter 'role' implicitly has an 'any' type.

[7m33[0m   const getRoleBadge = role => {
[7m  [0m [91m                       ~~~~[0m

[96msrc/pages/user-management-admin/components/UserDetailsPanel.tsx[0m:[93m39[0m:[93m20[0m - [91merror[0m[90m TS7053: [0mElement implicitly has an 'any' type because expression of type 'any' can't be used to index type '{ admin: { color: string; label: string; icon: string; }; student: { color: string; label: string; icon: string; }; }'.

[7m39[0m     const config = roleConfig[role] || roleConfig.student;
[7m  [0m [91m                   ~~~~~~~~~~~~~~~~[0m

[96msrc/pages/user-management-admin/components/UserDetailsPanel.tsx[0m:[93m50[0m:[93m22[0m - [91merror[0m[90m TS7006: [0mParameter 'dateString' implicitly has an 'any' type.

[7m50[0m   const formatDate = dateString => {
[7m  [0m [91m                     ~~~~~~~~~~[0m

[96msrc/pages/user-management-admin/components/UserDetailsPanel.tsx[0m:[93m111[0m:[93m13[0m - [91merror[0m[90m TS2322: [0mType 'unknown' is not assignable to type 'string | undefined'.

[7m111[0m             src={user.avatar}
[7m   [0m [91m            ~~~[0m

  [96msrc/components/AppImage.tsx[0m:[93m6[0m:[93m3[0m
    [7m6[0m   src?: string;
    [7m [0m [96m  ~~~[0m
    The expected type comes from property 'src' which is declared here on type 'IntrinsicAttributes & AppImageProps'

[96msrc/pages/user-management-admin/components/UserDetailsPanel.tsx[0m:[93m112[0m:[93m13[0m - [91merror[0m[90m TS2322: [0mType 'unknown' is not assignable to type 'string | undefined'.

[7m112[0m             alt={user.name}
[7m   [0m [91m            ~~~[0m

  [96msrc/components/AppImage.tsx[0m:[93m7[0m:[93m3[0m
    [7m7[0m   alt?: string;
    [7m [0m [96m  ~~~[0m
    The expected type comes from property 'alt' which is declared here on type 'IntrinsicAttributes & AppImageProps'

[96msrc/pages/user-management-admin/components/UserDetailsPanel.tsx[0m:[93m116[0m:[93m69[0m - [91merror[0m[90m TS2322: [0mType 'unknown' is not assignable to type 'ReactNode'.

[7m116[0m             <h4 className='text-xl font-semibold text-text-primary'>{user.name}</h4>
[7m   [0m [91m                                                                    ~~~~~~~~~~~[0m

  [96m../../node_modules/.pnpm/@types+react@18.3.23/node_modules/@types/react/index.d.ts[0m:[93m2398[0m:[93m9[0m
    [7m2398[0m         children?: ReactNode | undefined;
    [7m    [0m [96m        ~~~~~~~~[0m
    The expected type comes from property 'children' which is declared here on type 'DetailedHTMLProps<HTMLAttributes<HTMLHeadingElement>, HTMLHeadingElement>'

[96msrc/pages/user-management-admin/components/UserDetailsPanel.tsx[0m:[93m117[0m:[93m48[0m - [91merror[0m[90m TS2322: [0mType 'unknown' is not assignable to type 'ReactNode'.

[7m117[0m             <p className='text-text-secondary'>{user.email}</p>
[7m   [0m [91m                                               ~~~~~~~~~~~~[0m

  [96m../../node_modules/.pnpm/@types+react@18.3.23/node_modules/@types/react/index.d.ts[0m:[93m2398[0m:[93m9[0m
    [7m2398[0m         children?: ReactNode | undefined;
    [7m    [0m [96m        ~~~~~~~~[0m
    The expected type comes from property 'children' which is declared here on type 'DetailedHTMLProps<HTMLAttributes<HTMLParagraphElement>, HTMLParagraphElement>'

[96msrc/pages/user-management-admin/components/UserDetailsPanel.tsx[0m:[93m154[0m:[93m41[0m - [91merror[0m[90m TS2322: [0mType 'string' is not assignable to type '"Menu" | "X" | "Activity" | "AlertCircle" | "AlertTriangle" | "ArrowDown" | "ArrowLeft" | "ArrowRight" | "ArrowUp" | "ArrowUpDown" | "Award" | "BarChart3" | "Bell" | "Bold" | ... 102 more ... | "Zap"'.

[7m154[0m               <Icon aria-hidden="true"  name={tab.icon} size={16} className='mr-1' />
[7m   [0m [91m                                        ~~~~[0m

  [96msrc/components/AppIcon.tsx[0m:[93m143[0m:[93m3[0m
    [7m143[0m   name: IconName;
    [7m   [0m [96m  ~~~~[0m
    The expected type comes from property 'name' which is declared here on type 'IntrinsicAttributes & IconProps'

[96msrc/pages/user-management-admin/components/UserDetailsPanel.tsx[0m:[93m168[0m:[93m66[0m - [91merror[0m[90m TS2322: [0mType 'unknown' is not assignable to type 'ReactNode'.

[7m168[0m                 <div className='text-2xl font-bold text-primary'>{user.level}</div>
[7m   [0m [91m                                                                 ~~~~~~~~~~~~[0m

  [96m../../node_modules/.pnpm/@types+react@18.3.23/node_modules/@types/react/index.d.ts[0m:[93m2398[0m:[93m9[0m
    [7m2398[0m         children?: ReactNode | undefined;
    [7m    [0m [96m        ~~~~~~~~[0m
    The expected type comes from property 'children' which is declared here on type 'DetailedHTMLProps<HTMLAttributes<HTMLDivElement>, HTMLDivElement>'

[96msrc/pages/user-management-admin/components/UserDetailsPanel.tsx[0m:[93m172[0m:[93m66[0m - [91merror[0m[90m TS2322: [0mType 'unknown' is not assignable to type 'ReactNode'.

[7m172[0m                 <div className='text-2xl font-bold text-success'>{user.xpPoints}</div>
[7m   [0m [91m                                                                 ~~~~~~~~~~~~~~~[0m

  [96m../../node_modules/.pnpm/@types+react@18.3.23/node_modules/@types/react/index.d.ts[0m:[93m2398[0m:[93m9[0m
    [7m2398[0m         children?: ReactNode | undefined;
    [7m    [0m [96m        ~~~~~~~~[0m
    The expected type comes from property 'children' which is declared here on type 'DetailedHTMLProps<HTMLAttributes<HTMLDivElement>, HTMLDivElement>'

[96msrc/pages/user-management-admin/components/UserDetailsPanel.tsx[0m:[93m176[0m:[93m66[0m - [91merror[0m[90m TS2322: [0mType 'unknown' is not assignable to type 'ReactNode'.

[7m176[0m                 <div className='text-2xl font-bold text-warning'>{user.streak}</div>
[7m   [0m [91m                                                                 ~~~~~~~~~~~~~[0m

  [96m../../node_modules/.pnpm/@types+react@18.3.23/node_modules/@types/react/index.d.ts[0m:[93m2398[0m:[93m9[0m
    [7m2398[0m         children?: ReactNode | undefined;
    [7m    [0m [96m        ~~~~~~~~[0m
    The expected type comes from property 'children' which is declared here on type 'DetailedHTMLProps<HTMLAttributes<HTMLDivElement>, HTMLDivElement>'

[96msrc/pages/user-management-admin/components/UserDetailsPanel.tsx[0m:[93m180[0m:[93m65[0m - [91merror[0m[90m TS2322: [0mType 'unknown' is not assignable to type 'ReactNode'.

[7m180[0m                 <div className='text-2xl font-bold text-accent'>{user.achievements}</div>
[7m   [0m [91m                                                                ~~~~~~~~~~~~~~~~~~~[0m

  [96m../../node_modules/.pnpm/@types+react@18.3.23/node_modules/@types/react/index.d.ts[0m:[93m2398[0m:[93m9[0m
    [7m2398[0m         children?: ReactNode | undefined;
    [7m    [0m [96m        ~~~~~~~~[0m
    The expected type comes from property 'children' which is declared here on type 'DetailedHTMLProps<HTMLAttributes<HTMLDivElement>, HTMLDivElement>'

[96msrc/pages/user-management-admin/components/UserDetailsPanel.tsx[0m:[93m189[0m:[93m50[0m - [91merror[0m[90m TS2322: [0mType 'unknown' is not assignable to type 'ReactNode'.

[7m189[0m                 <p className='text-text-primary'>{user.location}</p>
[7m   [0m [91m                                                 ~~~~~~~~~~~~~~~[0m

  [96m../../node_modules/.pnpm/@types+react@18.3.23/node_modules/@types/react/index.d.ts[0m:[93m2398[0m:[93m9[0m
    [7m2398[0m         children?: ReactNode | undefined;
    [7m    [0m [96m        ~~~~~~~~[0m
    The expected type comes from property 'children' which is declared here on type 'DetailedHTMLProps<HTMLAttributes<HTMLParagraphElement>, HTMLParagraphElement>'

[96msrc/pages/user-management-admin/components/UserDetailsPanel.tsx[0m:[93m193[0m:[93m50[0m - [91merror[0m[90m TS2322: [0mType 'unknown' is not assignable to type 'ReactNode'.

[7m193[0m                 <p className='text-text-primary'>{user.phone}</p>
[7m   [0m [91m                                                 ~~~~~~~~~~~~[0m

  [96m../../node_modules/.pnpm/@types+react@18.3.23/node_modules/@types/react/index.d.ts[0m:[93m2398[0m:[93m9[0m
    [7m2398[0m         children?: ReactNode | undefined;
    [7m    [0m [96m        ~~~~~~~~[0m
    The expected type comes from property 'children' which is declared here on type 'DetailedHTMLProps<HTMLAttributes<HTMLParagraphElement>, HTMLParagraphElement>'

[96msrc/pages/user-management-admin/components/UserDetailsPanel.tsx[0m:[93m213[0m:[93m61[0m - [91merror[0m[90m TS2322: [0mType 'unknown' is not assignable to type 'ReactNode'.

[7m213[0m                 <span className='text-sm text-text-primary'>{user.courseProgress}%</span>
[7m   [0m [91m                                                            ~~~~~~~~~~~~~~~~~~~~~[0m

[96msrc/pages/user-management-admin/components/UserDetailsPanel.tsx[0m:[93m226[0m:[93m70[0m - [91merror[0m[90m TS2322: [0mType 'unknown' is not assignable to type 'ReactNode'.

[7m226[0m                 <div className='text-xl font-bold text-text-primary'>{user.totalCourses}</div>
[7m   [0m [91m                                                                     ~~~~~~~~~~~~~~~~~~~[0m

  [96m../../node_modules/.pnpm/@types+react@18.3.23/node_modules/@types/react/index.d.ts[0m:[93m2398[0m:[93m9[0m
    [7m2398[0m         children?: ReactNode | undefined;
    [7m    [0m [96m        ~~~~~~~~[0m
    The expected type comes from property 'children' which is declared here on type 'DetailedHTMLProps<HTMLAttributes<HTMLDivElement>, HTMLDivElement>'

[96msrc/pages/user-management-admin/components/UserDetailsPanel.tsx[0m:[93m230[0m:[93m65[0m - [91merror[0m[90m TS2322: [0mType 'unknown' is not assignable to type 'ReactNode'.

[7m230[0m                 <div className='text-xl font-bold text-success'>{user.completedCourses}</div>
[7m   [0m [91m                                                                ~~~~~~~~~~~~~~~~~~~~~~~[0m

  [96m../../node_modules/.pnpm/@types+react@18.3.23/node_modules/@types/react/index.d.ts[0m:[93m2398[0m:[93m9[0m
    [7m2398[0m         children?: ReactNode | undefined;
    [7m    [0m [96m        ~~~~~~~~[0m
    The expected type comes from property 'children' which is declared here on type 'DetailedHTMLProps<HTMLAttributes<HTMLDivElement>, HTMLDivElement>'

[96msrc/pages/user-management-admin/components/UserDetailsPanel.tsx[0m:[93m239[0m:[93m18[0m - [91merror[0m[90m TS18046: [0m'user.enrolledCourses' is of type 'unknown'.

[7m239[0m                 {user.enrolledCourses.map((course, index) => (
[7m   [0m [91m                 ~~~~~~~~~~~~~~~~~~~~[0m

[96msrc/pages/user-management-admin/components/UserDetailsPanel.tsx[0m:[93m239[0m:[93m44[0m - [91merror[0m[90m TS7006: [0mParameter 'course' implicitly has an 'any' type.

[7m239[0m                 {user.enrolledCourses.map((course, index) => (
[7m   [0m [91m                                           ~~~~~~[0m

[96msrc/pages/user-management-admin/components/UserDetailsPanel.tsx[0m:[93m239[0m:[93m52[0m - [91merror[0m[90m TS7006: [0mParameter 'index' implicitly has an 'any' type.

[7m239[0m                 {user.enrolledCourses.map((course, index) => (
[7m   [0m [91m                                                   ~~~~~[0m

[96msrc/pages/user-management-admin/components/UserDetailsPanel.tsx[0m:[93m283[0m:[93m78[0m - [91merror[0m[90m TS2322: [0mType 'unknown' is not assignable to type 'ReactNode'.

[7m283[0m                 <p className='text-sm text-text-primary whitespace-pre-wrap'>{user.notes}</p>
[7m   [0m [91m                                                                             ~~~~~~~~~~~~[0m

  [96m../../node_modules/.pnpm/@types+react@18.3.23/node_modules/@types/react/index.d.ts[0m:[93m2398[0m:[93m9[0m
    [7m2398[0m         children?: ReactNode | undefined;
    [7m    [0m [96m        ~~~~~~~~[0m
    The expected type comes from property 'children' which is declared here on type 'DetailedHTMLProps<HTMLAttributes<HTMLParagraphElement>, HTMLParagraphElement>'

[96msrc/pages/user-management-admin/components/UserFilters.tsx[0m:[93m10[0m:[93m31[0m - [91merror[0m[90m TS7006: [0mParameter 'key' implicitly has an 'any' type.

[7m10[0m   const handleFilterChange = (key, value) => {
[7m  [0m [91m                              ~~~[0m

[96msrc/pages/user-management-admin/components/UserFilters.tsx[0m:[93m10[0m:[93m36[0m - [91merror[0m[90m TS7006: [0mParameter 'value' implicitly has an 'any' type.

[7m10[0m   const handleFilterChange = (key, value) => {
[7m  [0m [91m                                   ~~~~~[0m

[96msrc/pages/user-management-admin/components/UserFilters.tsx[0m:[93m148[0m:[93m31[0m - [91merror[0m[90m TS7053: [0mElement implicitly has an 'any' type because expression of type 'string' can't be used to index type '{ status: { active: string; inactive: string; pending: string; }; role: { student: string; admin: string; }; registrationDate: { today: string; week: string; month: string; quarter: string; year: string; }; activityLevel: { ...; }; courseProgress: { ...; }; }'.
  No index signature with a parameter of type 'string' was found on type '{ status: { active: string; inactive: string; pending: string; }; role: { student: string; admin: string; }; registrationDate: { today: string; week: string; month: string; quarter: string; year: string; }; activityLevel: { ...; }; courseProgress: { ...; }; }'.

[7m148[0m                 const label = filterLabels[key]?.[value] || value;
[7m   [0m [91m                              ~~~~~~~~~~~~~~~~~[0m

[96msrc/pages/user-management-admin/components/UserTable.tsx[0m:[93m26[0m:[93m23[0m - [91merror[0m[90m TS7006: [0mParameter 'key' implicitly has an 'any' type.

[7m26[0m   const getSortIcon = key => {
[7m  [0m [91m                      ~~~[0m

[96msrc/pages/user-management-admin/components/UserTable.tsx[0m:[93m31[0m:[93m26[0m - [91merror[0m[90m TS7006: [0mParameter 'status' implicitly has an 'any' type.

[7m31[0m   const getStatusBadge = status => {
[7m  [0m [91m                         ~~~~~~[0m

[96msrc/pages/user-management-admin/components/UserTable.tsx[0m:[93m38[0m:[93m20[0m - [91merror[0m[90m TS7053: [0mElement implicitly has an 'any' type because expression of type 'any' can't be used to index type '{ active: { color: string; label: string; }; inactive: { color: string; label: string; }; pending: { color: string; label: string; }; }'.

[7m38[0m     const config = statusConfig[status] || statusConfig.pending;
[7m  [0m [91m                   ~~~~~~~~~~~~~~~~~~~~[0m

[96msrc/pages/user-management-admin/components/UserTable.tsx[0m:[93m48[0m:[93m24[0m - [91merror[0m[90m TS7006: [0mParameter 'role' implicitly has an 'any' type.

[7m48[0m   const getRoleBadge = role => {
[7m  [0m [91m                       ~~~~[0m

[96msrc/pages/user-management-admin/components/UserTable.tsx[0m:[93m54[0m:[93m20[0m - [91merror[0m[90m TS7053: [0mElement implicitly has an 'any' type because expression of type 'any' can't be used to index type '{ admin: { color: string; label: string; }; student: { color: string; label: string; }; }'.

[7m54[0m     const config = roleConfig[role] || roleConfig.student;
[7m  [0m [91m                   ~~~~~~~~~~~~~~~~[0m

[96msrc/pages/user-management-admin/components/UserTable.tsx[0m:[93m64[0m:[93m22[0m - [91merror[0m[90m TS7006: [0mParameter 'dateString' implicitly has an 'any' type.

[7m64[0m   const formatDate = dateString => {
[7m  [0m [91m                     ~~~~~~~~~~[0m

[96msrc/pages/user-management-admin/components/UserTable.tsx[0m:[93m72[0m:[93m29[0m - [91merror[0m[90m TS7006: [0mParameter 'lastActivity' implicitly has an 'any' type.

[7m72[0m   const getActivityStatus = lastActivity => {
[7m  [0m [91m                            ~~~~~~~~~~~~[0m

[96msrc/pages/user-management-admin/components/UserTable.tsx[0m:[93m74[0m:[93m8[0m - [91merror[0m[90m TS2362: [0mThe left-hand side of an arithmetic operation must be of type 'any', 'number', 'bigint' or an enum type.

[7m74[0m       (new Date() - new Date(lastActivity)) / (1000 * 60 * 60 * 24)
[7m  [0m [91m       ~~~~~~~~~~[0m

[96msrc/pages/user-management-admin/components/UserTable.tsx[0m:[93m74[0m:[93m21[0m - [91merror[0m[90m TS2363: [0mThe right-hand side of an arithmetic operation must be of type 'any', 'number', 'bigint' or an enum type.

[7m74[0m       (new Date() - new Date(lastActivity)) / (1000 * 60 * 60 * 24)
[7m  [0m [91m                    ~~~~~~~~~~~~~~~~~~~~~~[0m

[96msrc/pages/user-management-admin/components/UserTable.tsx[0m:[93m97[0m:[93m19[0m - [91merror[0m[90m TS2322: [0mType '(checked: boolean) => void' is not assignable to type 'ChangeEventHandler<HTMLInputElement>'.
  Types of parameters 'checked' and 'event' are incompatible.
    Type 'ChangeEvent<HTMLInputElement>' is not assignable to type 'boolean'.

[7m97[0m                   onChange={onSelectAll}
[7m  [0m [91m                  ~~~~~~~~[0m

  [96m../../node_modules/.pnpm/@types+react@18.3.23/node_modules/@types/react/index.d.ts[0m:[93m3413[0m:[93m9[0m
    [7m3413[0m         onChange?: ChangeEventHandler<T> | undefined;
    [7m    [0m [96m        ~~~~~~~~[0m
    The expected type comes from property 'onChange' which is declared here on type 'DetailedHTMLProps<InputHTMLAttributes<HTMLInputElement>, HTMLInputElement>'

[96msrc/pages/user-management-admin/index.tsx[0m:[93m72[0m:[93m19[0m - [91merror[0m[90m TS2339: [0mProperty 'status' does not exist on type '{ avatar_url: string | null; company: string | null; created_at: string | null; current_streak: number | null; email: string; full_name: string | null; id: string; is_admin: boolean | null; ... 5 more ...; xp: number | null; }'.

[7m72[0m         status: p.status || 'active',
[7m  [0m [91m                  ~~~~~~[0m

[96msrc/pages/user-management-admin/index.tsx[0m:[93m75[0m:[93m27[0m - [91merror[0m[90m TS2339: [0mProperty 'course_progress' does not exist on type '{ avatar_url: string | null; company: string | null; created_at: string | null; current_streak: number | null; email: string; full_name: string | null; id: string; is_admin: boolean | null; ... 5 more ...; xp: number | null; }'.

[7m75[0m         courseProgress: p.course_progress || 0,
[7m  [0m [91m                          ~~~~~~~~~~~~~~~[0m

[96msrc/pages/user-management-admin/index.tsx[0m:[93m76[0m:[93m25[0m - [91merror[0m[90m TS2339: [0mProperty 'total_courses' does not exist on type '{ avatar_url: string | null; company: string | null; created_at: string | null; current_streak: number | null; email: string; full_name: string | null; id: string; is_admin: boolean | null; ... 5 more ...; xp: number | null; }'.

[7m76[0m         totalCourses: p.total_courses || 0,
[7m  [0m [91m                        ~~~~~~~~~~~~~[0m

[96msrc/pages/user-management-admin/index.tsx[0m:[93m77[0m:[93m29[0m - [91merror[0m[90m TS2339: [0mProperty 'completed_courses' does not exist on type '{ avatar_url: string | null; company: string | null; created_at: string | null; current_streak: number | null; email: string; full_name: string | null; id: string; is_admin: boolean | null; ... 5 more ...; xp: number | null; }'.

[7m77[0m         completedCourses: p.completed_courses || 0,
[7m  [0m [91m                            ~~~~~~~~~~~~~~~~~[0m

[96msrc/pages/user-management-admin/index.tsx[0m:[93m81[0m:[93m25[0m - [91merror[0m[90m TS2339: [0mProperty 'achievements' does not exist on type '{ avatar_url: string | null; company: string | null; created_at: string | null; current_streak: number | null; email: string; full_name: string | null; id: string; is_admin: boolean | null; ... 5 more ...; xp: number | null; }'.

[7m81[0m         achievements: p.achievements || 0,
[7m  [0m [91m                        ~~~~~~~~~~~~[0m

[96msrc/pages/user-management-admin/index.tsx[0m:[93m82[0m:[93m21[0m - [91merror[0m[90m TS2339: [0mProperty 'location' does not exist on type '{ avatar_url: string | null; company: string | null; created_at: string | null; current_streak: number | null; email: string; full_name: string | null; id: string; is_admin: boolean | null; ... 5 more ...; xp: number | null; }'.

[7m82[0m         location: p.location || '',
[7m  [0m [91m                    ~~~~~~~~[0m

[96msrc/pages/user-management-admin/index.tsx[0m:[93m84[0m:[93m18[0m - [91merror[0m[90m TS2339: [0mProperty 'notes' does not exist on type '{ avatar_url: string | null; company: string | null; created_at: string | null; current_streak: number | null; email: string; full_name: string | null; id: string; is_admin: boolean | null; ... 5 more ...; xp: number | null; }'.

[7m84[0m         notes: p.notes || '',
[7m  [0m [91m                 ~~~~~[0m

[96msrc/pages/user-management-admin/index.tsx[0m:[93m85[0m:[93m28[0m - [91merror[0m[90m TS2339: [0mProperty 'enrolled_courses' does not exist on type '{ avatar_url: string | null; company: string | null; created_at: string | null; current_streak: number | null; email: string; full_name: string | null; id: string; is_admin: boolean | null; ... 5 more ...; xp: number | null; }'.

[7m85[0m         enrolledCourses: p.enrolled_courses || [],
[7m  [0m [91m                           ~~~~~~~~~~~~~~~~[0m

[96msrc/pages/user-management-admin/index.tsx[0m:[93m87[0m:[93m16[0m - [91merror[0m[90m TS2345: [0mArgument of type '{ id: string; name: string; email: string; avatar: string; role: string; status: any; registrationDate: string; lastActivity: string | null; courseProgress: any; totalCourses: any; completedCourses: any; ... 7 more ...; enrolledCourses: any; }[]' is not assignable to parameter of type 'SetStateAction<AdminUser[]>'.
  Type '{ id: string; name: string; email: string; avatar: string; role: string; status: any; registrationDate: string; lastActivity: string | null; courseProgress: any; totalCourses: any; completedCourses: any; ... 7 more ...; enrolledCourses: any; }[]' is not assignable to type 'AdminUser[]'.
    Type '{ id: string; name: string; email: string; avatar: string; role: string; status: any; registrationDate: string; lastActivity: string | null; courseProgress: any; totalCourses: any; completedCourses: any; ... 7 more ...; enrolledCourses: any; }' is not assignable to type 'AdminUser'.
      Types of property 'role' are incompatible.
        Type 'string' is not assignable to type '"admin" | "student"'.

[7m87[0m       setUsers(mapped);
[7m  [0m [91m               ~~~~~~[0m

[96msrc/pages/user-management-admin/index.tsx[0m:[93m106[0m:[93m22[0m - [91merror[0m[90m TS7053: [0mElement implicitly has an 'any' type because expression of type 'string' can't be used to index type 'AdminUser'.
  No index signature with a parameter of type 'string' was found on type 'AdminUser'.

[7m106[0m         let aValue = a[sortConfig.key];
[7m   [0m [91m                     ~~~~~~~~~~~~~~~~~[0m

[96msrc/pages/user-management-admin/index.tsx[0m:[93m107[0m:[93m22[0m - [91merror[0m[90m TS7053: [0mElement implicitly has an 'any' type because expression of type 'string' can't be used to index type 'AdminUser'.
  No index signature with a parameter of type 'string' was found on type 'AdminUser'.

[7m107[0m         let bValue = b[sortConfig.key];
[7m   [0m [91m                     ~~~~~~~~~~~~~~~~~[0m

[96msrc/pages/user-management-admin/index.tsx[0m:[93m121[0m:[93m22[0m - [91merror[0m[90m TS7006: [0mParameter 'key' implicitly has an 'any' type.

[7m121[0m   const handleSort = key => {
[7m   [0m [91m                     ~~~[0m

[96msrc/pages/user-management-admin/index.tsx[0m:[93m128[0m:[93m28[0m - [91merror[0m[90m TS7006: [0mParameter 'userId' implicitly has an 'any' type.

[7m128[0m   const handleUserSelect = userId => {
[7m   [0m [91m                           ~~~~~~[0m

[96msrc/pages/user-management-admin/index.tsx[0m:[93m129[0m:[93m22[0m - [91merror[0m[90m TS2345: [0mArgument of type '(prev: never[]) => any[]' is not assignable to parameter of type 'SetStateAction<never[]>'.
  Type '(prev: never[]) => any[]' is not assignable to type '(prevState: never[]) => never[]'.
    Type 'any[]' is not assignable to type 'never[]'.
      Type 'any' is not assignable to type 'never'.

[7m129[0m     setSelectedUsers(prev =>
[7m   [0m [91m                     ~~~~~~~[0m
[7m130[0m       prev.includes(userId) ? prev.filter(id => id !== userId) : [...prev, userId]
[7m   [0m [91m~~~~~~~~~~~~~~~~~~~~~~~~~~~~~~~~~~~~~~~~~~~~~~~~~~~~~~~~~~~~~~~~~~~~~~~~~~~~~~~~~~[0m

[96msrc/pages/user-management-admin/index.tsx[0m:[93m130[0m:[93m21[0m - [91merror[0m[90m TS2345: [0mArgument of type 'any' is not assignable to parameter of type 'never'.

[7m130[0m       prev.includes(userId) ? prev.filter(id => id !== userId) : [...prev, userId]
[7m   [0m [91m                    ~~~~~~[0m

[96msrc/pages/user-management-admin/index.tsx[0m:[93m136[0m:[93m7[0m - [91merror[0m[90m TS2345: [0mArgument of type 'string[]' is not assignable to parameter of type 'SetStateAction<never[]>'.
  Type 'string[]' is not assignable to type 'never[]'.
    Type 'string' is not assignable to type 'never'.

[7m136[0m       selectedUsers.length === filteredUsers.length ? [] : filteredUsers.map(user => user.id)
[7m   [0m [91m      ~~~~~~~~~~~~~~~~~~~~~~~~~~~~~~~~~~~~~~~~~~~~~~~~~~~~~~~~~~~~~~~~~~~~~~~~~~~~~~~~~~~~~~~[0m

[96msrc/pages/user-management-admin/index.tsx[0m:[93m140[0m:[93m27[0m - [91merror[0m[90m TS7006: [0mParameter 'user' implicitly has an 'any' type.

[7m140[0m   const handleUserClick = user => {
[7m   [0m [91m                          ~~~~[0m

[96msrc/pages/user-management-admin/index.tsx[0m:[93m145[0m:[93m28[0m - [91merror[0m[90m TS7006: [0mParameter 'action' implicitly has an 'any' type.

[7m145[0m   const handleBulkAction = action => {
[7m   [0m [91m                           ~~~~~~[0m

[96msrc/pages/user-management-admin/index.tsx[0m:[93m281[0m:[93m48[0m - [91merror[0m[90m TS2322: [0mType 'Dispatch<SetStateAction<{ status: string; role: string; registrationDate: string; activityLevel: string; courseProgress: string; }>>' is not assignable to type 'Dispatch<SetStateAction<Record<string, string>>>'.
  Type 'SetStateAction<Record<string, string>>' is not assignable to type 'SetStateAction<{ status: string; role: string; registrationDate: string; activityLevel: string; courseProgress: string; }>'.
    Type 'Record<string, string>' is not assignable to type 'SetStateAction<{ status: string; role: string; registrationDate: string; activityLevel: string; courseProgress: string; }>'.
      Type 'Record<string, string>' is missing the following properties from type '{ status: string; role: string; registrationDate: string; activityLevel: string; courseProgress: string; }': status, role, registrationDate, activityLevel, courseProgress

[7m281[0m                 <UserFilters filters={filters} setFilters={setFilters} />
[7m   [0m [91m                                               ~~~~~~~~~~[0m

  [96msrc/pages/user-management-admin/components/UserFilters.tsx[0m:[93m6[0m:[93m3[0m
    [7m6[0m   setFilters: React.Dispatch<React.SetStateAction<Record<string, string>>>;
    [7m [0m [96m  ~~~~~~~~~~[0m
    The expected type comes from property 'setFilters' which is declared here on type 'IntrinsicAttributes & UserFiltersProps'

[96msrc/pages/user-management-admin/index.tsx[0m:[93m296[0m:[93m15[0m - [91merror[0m[90m TS2322: [0mType '{ key: string; direction: string; }' is not assignable to type '{ key: string; direction: "desc" | "asc"; }'.
  Types of property 'direction' are incompatible.
    Type 'string' is not assignable to type '"desc" | "asc"'.

[7m296[0m               sortConfig={sortConfig}
[7m   [0m [91m              ~~~~~~~~~~[0m

  [96msrc/pages/user-management-admin/components/UserTable.tsx[0m:[93m10[0m:[93m3[0m
    [7m10[0m   sortConfig: { key: string; direction: 'asc' | 'desc' };
    [7m  [0m [96m  ~~~~~~~~~~[0m
    The expected type comes from property 'sortConfig' which is declared here on type 'IntrinsicAttributes & UserTableProps'

[96msrc/pages/user-profile-management/components/LearningStatsTab.tsx[0m:[93m50[0m:[93m11[0m - [91merror[0m[90m TS2339: [0mProperty 'coursesWithProgress' does not exist on type 'CourseContextValue'.

[7m50[0m   const { coursesWithProgress: courses, isLoading: coursesLoading } = useCourses();
[7m  [0m [91m          ~~~~~~~~~~~~~~~~~~~[0m

[96msrc/pages/user-profile-management/components/LearningStatsTab.tsx[0m:[93m54[0m:[93m9[0m - [91merror[0m[90m TS2322: [0mType '{ hasData: boolean; completedLessonsCount: any; inProgressLessonsCount: any; totalLearningTime: number; coursesCompleted: any; weeklyData: { day: string; minutes: number; xp: number; lessons: number; }[]; subjectData: { ...; }[]; }' is not assignable to type 'Stats'.
  Types of property 'subjectData' are incompatible.
    Type '{ name: string; value: unknown; fill: string; }[]' is not assignable to type 'SubjectData[]'.
      Type '{ name: string; value: unknown; fill: string; }' is not assignable to type 'SubjectData'.
        Types of property 'value' are incompatible.
          Type 'unknown' is not assignable to type 'number'.

[7m54[0m   const stats: Stats = useMemo(() => {
[7m  [0m [91m        ~~~~~[0m

[96msrc/pages/user-profile-management/components/LearningStatsTab.tsx[0m:[93m68[0m:[93m42[0m - [91merror[0m[90m TS7006: [0mParameter 'course' implicitly has an 'any' type.

[7m68[0m     const userProgress = courses.flatMap(course =>
[7m  [0m [91m                                         ~~~~~~[0m

[96msrc/pages/user-profile-management/components/LearningStatsTab.tsx[0m:[93m69[0m:[93m29[0m - [91merror[0m[90m TS7006: [0mParameter 'lesson' implicitly has an 'any' type.

[7m69[0m         course.lessons?.map(lesson => lesson.progress).filter(p => p) || []
[7m  [0m [91m                            ~~~~~~[0m

[96msrc/pages/user-profile-management/components/LearningStatsTab.tsx[0m:[93m69[0m:[93m63[0m - [91merror[0m[90m TS7006: [0mParameter 'p' implicitly has an 'any' type.

[7m69[0m         course.lessons?.map(lesson => lesson.progress).filter(p => p) || []
[7m  [0m [91m                                                              ~[0m

[96msrc/pages/user-profile-management/components/LearningStatsTab.tsx[0m:[93m72[0m:[93m50[0m - [91merror[0m[90m TS7006: [0mParameter 'p' implicitly has an 'any' type.

[7m72[0m     const completedLessons = userProgress.filter(p => p?.status === 'completed');
[7m  [0m [91m                                                 ~[0m

[96msrc/pages/user-profile-management/components/LearningStatsTab.tsx[0m:[93m73[0m:[93m51[0m - [91merror[0m[90m TS7006: [0mParameter 'p' implicitly has an 'any' type.

[7m73[0m     const inProgressLessons = userProgress.filter(p => p?.status === 'in_progress');
[7m  [0m [91m                                                  ~[0m

[96msrc/pages/user-profile-management/components/LearningStatsTab.tsx[0m:[93m81[0m:[93m37[0m - [91merror[0m[90m TS2769: [0mNo overload matches this call.
  Overload 1 of 4, '(value: string | number | Date): Date', gave the following error.
    Argument of type 'string | null' is not assignable to parameter of type 'string | number | Date'.
      Type 'null' is not assignable to type 'string | number | Date'.
  Overload 2 of 4, '(value: string | number): Date', gave the following error.
    Argument of type 'string | null' is not assignable to parameter of type 'string | number'.
      Type 'null' is not assignable to type 'string | number'.

[7m81[0m       const activityDate = new Date(activity.created_at);
[7m  [0m [91m                                    ~~~~~~~~~~~~~~~~~~~[0m


[96msrc/pages/user-profile-management/components/LearningStatsTab.tsx[0m:[93m94[0m:[93m21[0m - [91merror[0m[90m TS7006: [0mParameter 'course' implicitly has an 'any' type.

[7m94[0m     courses.forEach(course => {
[7m  [0m [91m                    ~~~~~~[0m

[96msrc/pages/user-profile-management/components/LearningStatsTab.tsx[0m:[93m96[0m:[93m7[0m - [91merror[0m[90m TS7053: [0mElement implicitly has an 'any' type because expression of type 'any' can't be used to index type '{}'.

[7m96[0m       subjects[category] = (subjects[category] || 0) + 1;
[7m  [0m [91m      ~~~~~~~~~~~~~~~~~~[0m

[96msrc/pages/user-profile-management/components/LearningStatsTab.tsx[0m:[93m96[0m:[93m29[0m - [91merror[0m[90m TS7053: [0mElement implicitly has an 'any' type because expression of type 'any' can't be used to index type '{}'.

[7m96[0m       subjects[category] = (subjects[category] || 0) + 1;
[7m  [0m [91m                            ~~~~~~~~~~~~~~~~~~[0m

[96msrc/pages/user-profile-management/components/LearningStatsTab.tsx[0m:[93m107[0m:[93m45[0m - [91merror[0m[90m TS7006: [0mParameter 'course' implicitly has an 'any' type.

[7m107[0m     const coursesCompleted = courses.filter(course => course.progress?.completed === course.progress?.total).length;
[7m   [0m [91m                                            ~~~~~~[0m

[96msrc/pages/user-profile-management/components/LearningStatsTab.tsx[0m:[93m408[0m:[93m35[0m - [91merror[0m[90m TS2769: [0mNo overload matches this call.
  Overload 1 of 4, '(value: string | number | Date): Date', gave the following error.
    Argument of type 'string | null' is not assignable to parameter of type 'string | number | Date'.
      Type 'null' is not assignable to type 'string | number | Date'.
  Overload 2 of 4, '(value: string | number): Date', gave the following error.
    Argument of type 'string | null' is not assignable to parameter of type 'string | number'.
      Type 'null' is not assignable to type 'string | number'.

[7m408[0m                         {new Date(achievement.created_at).toLocaleDateString('fr-FR')}
[7m   [0m [91m                                  ~~~~~~~~~~~~~~~~~~~~~~[0m


[96msrc/pages/user-profile-management/components/PersonalInfoTab.tsx[0m:[93m44[0m:[93m26[0m - [91merror[0m[90m TS7006: [0mParameter 'data' implicitly has an 'any' type.

[7m44[0m   const onSubmit = async data => {
[7m  [0m [91m                         ~~~~[0m

[96msrc/pages/user-profile-management/components/PersonalInfoTab.tsx[0m:[93m79[0m:[93m30[0m - [91merror[0m[90m TS7006: [0mParameter 'event' implicitly has an 'any' type.

[7m79[0m   const handleAvatarChange = event => {
[7m  [0m [91m                             ~~~~~[0m

[96msrc/pages/user-profile-management/components/PersonalInfoTab.tsx[0m:[93m96[0m:[93m26[0m - [91merror[0m[90m TS18047: [0m'e.target' is possibly 'null'.

[7m96[0m         setAvatarPreview(e.target.result);
[7m  [0m [91m                         ~~~~~~~~[0m

[96msrc/pages/user-profile-management/components/PersonalInfoTab.tsx[0m:[93m96[0m:[93m26[0m - [91merror[0m[90m TS2345: [0mArgument of type 'string | ArrayBuffer | null' is not assignable to parameter of type 'SetStateAction<string>'.
  Type 'null' is not assignable to type 'SetStateAction<string>'.

[7m96[0m         setAvatarPreview(e.target.result);
[7m  [0m [91m                         ~~~~~~~~~~~~~~~[0m

[96msrc/pages/user-profile-management/components/PersonalInfoTab.tsx[0m:[93m293[0m:[93m34[0m - [91merror[0m[90m TS2339: [0mProperty 'joinDate' does not exist on type '{ id: string; name: string; email: string; avatar: string; phone?: string | null | undefined; profession?: string | null | undefined; company?: string | null | undefined; }'.

[7m293[0m               {new Date(userData.joinDate).toLocaleDateString('fr-FR')}
[7m   [0m [91m                                 ~~~~~~~~[0m

[96msrc/pages/user-profile-management/components/SettingsTab.tsx[0m:[93m44[0m:[93m37[0m - [91merror[0m[90m TS2345: [0mArgument of type 'string | number | true | { [key: string]: Json | undefined; } | Json[]' is not assignable to parameter of type 'SetStateAction<{ emailNotifications: boolean; pushNotifications: boolean; weeklyReport: boolean; achievementAlerts: boolean; reminderNotifications: boolean; }>'.
  Type 'string' is not assignable to type 'SetStateAction<{ emailNotifications: boolean; pushNotifications: boolean; weeklyReport: boolean; achievementAlerts: boolean; reminderNotifications: boolean; }>'.

[7m44[0m             setNotificationSettings(settings.notification_settings);
[7m  [0m [91m                                    ~~~~~~~~~~~~~~~~~~~~~~~~~~~~~~[0m

[96msrc/pages/user-profile-management/components/SettingsTab.tsx[0m:[93m47[0m:[93m32[0m - [91merror[0m[90m TS2345: [0mArgument of type 'string | number | true | { [key: string]: Json | undefined; } | Json[]' is not assignable to parameter of type 'SetStateAction<{ profileVisibility: string; showProgress: boolean; showAchievements: boolean; allowMessages: boolean; }>'.
  Type 'string' is not assignable to type 'SetStateAction<{ profileVisibility: string; showProgress: boolean; showAchievements: boolean; allowMessages: boolean; }>'.

[7m47[0m             setPrivacySettings(settings.privacy_settings);
[7m  [0m [91m                               ~~~~~~~~~~~~~~~~~~~~~~~~~[0m

[96msrc/pages/user-profile-management/components/SettingsTab.tsx[0m:[93m50[0m:[93m36[0m - [91merror[0m[90m TS2345: [0mArgument of type 'string | number | true | { [key: string]: Json | undefined; } | Json[]' is not assignable to parameter of type 'SetStateAction<{ dailyGoal: number; preferredDuration: string; difficultyProgression: string; language: string; autoplay: boolean; }>'.
  Type 'string' is not assignable to type 'SetStateAction<{ dailyGoal: number; preferredDuration: string; difficultyProgression: string; language: string; autoplay: boolean; }>'.

[7m50[0m             setLearningPreferences(settings.learning_preferences);
[7m  [0m [91m                                   ~~~~~~~~~~~~~~~~~~~~~~~~~~~~~[0m

[96msrc/pages/user-profile-management/components/SettingsTab.tsx[0m:[93m86[0m:[93m36[0m - [91merror[0m[90m TS7006: [0mParameter 'setting' implicitly has an 'any' type.

[7m86[0m   const handleNotificationChange = setting => {
[7m  [0m [91m                                   ~~~~~~~[0m

[96msrc/pages/user-profile-management/components/SettingsTab.tsx[0m:[93m89[0m:[93m19[0m - [91merror[0m[90m TS7053: [0mElement implicitly has an 'any' type because expression of type 'any' can't be used to index type '{ emailNotifications: boolean; pushNotifications: boolean; weeklyReport: boolean; achievementAlerts: boolean; reminderNotifications: boolean; }'.

[7m89[0m       [setting]: !prev[setting],
[7m  [0m [91m                  ~~~~~~~~~~~~~[0m

[96msrc/pages/user-profile-management/components/SettingsTab.tsx[0m:[93m93[0m:[93m32[0m - [91merror[0m[90m TS7006: [0mParameter 'setting' implicitly has an 'any' type.

[7m93[0m   const handlePrivacyChange = (setting, value) => {
[7m  [0m [91m                               ~~~~~~~[0m

[96msrc/pages/user-profile-management/components/SettingsTab.tsx[0m:[93m93[0m:[93m41[0m - [91merror[0m[90m TS7006: [0mParameter 'value' implicitly has an 'any' type.

[7m93[0m   const handlePrivacyChange = (setting, value) => {
[7m  [0m [91m                                        ~~~~~[0m

[96msrc/pages/user-profile-management/components/SettingsTab.tsx[0m:[93m100[0m:[93m43[0m - [91merror[0m[90m TS7006: [0mParameter 'setting' implicitly has an 'any' type.

[7m100[0m   const handleLearningPreferenceChange = (setting, value) => {
[7m   [0m [91m                                          ~~~~~~~[0m

[96msrc/pages/user-profile-management/components/SettingsTab.tsx[0m:[93m100[0m:[93m52[0m - [91merror[0m[90m TS7006: [0mParameter 'value' implicitly has an 'any' type.

[7m100[0m   const handleLearningPreferenceChange = (setting, value) => {
[7m   [0m [91m                                                   ~~~~~[0m

[96msrc/pages/user-profile-management/index.tsx[0m:[93m56[0m:[93m34[0m - [91merror[0m[90m TS2322: [0mType '{ userData: { id: string; name: any; email: string; phone: string; profession: string; company: string; avatar: string; joinDate: string; level: number; xp: number; nextLevelXp: number; streak: number; totalLearningTime: number; coursesCompleted: number; certificatesEarned: number; achievements: never[]; }; }' is not assignable to type 'IntrinsicAttributes'.
  Property 'userData' does not exist on type 'IntrinsicAttributes'.

[7m56[0m         return <LearningStatsTab userData={userData} />;
[7m  [0m [91m                                 ~~~~~~~~[0m

[96msrc/pages/user-profile-management/index.tsx[0m:[93m58[0m:[93m29[0m - [91merror[0m[90m TS2322: [0mType '{ userData: { id: string; name: any; email: string; phone: string; profession: string; company: string; avatar: string; joinDate: string; level: number; xp: number; nextLevelXp: number; streak: number; totalLearningTime: number; coursesCompleted: number; certificatesEarned: number; achievements: never[]; }; }' is not assignable to type 'IntrinsicAttributes'.
  Property 'userData' does not exist on type 'IntrinsicAttributes'.

[7m58[0m         return <SettingsTab userData={userData} />;
[7m  [0m [91m                            ~~~~~~~~[0m

[96msrc/pages/user-profile-management/index.tsx[0m:[93m158[0m:[93m51[0m - [91merror[0m[90m TS2322: [0mType 'string' is not assignable to type '"Menu" | "X" | "Activity" | "AlertCircle" | "AlertTriangle" | "ArrowDown" | "ArrowLeft" | "ArrowRight" | "ArrowUp" | "ArrowUpDown" | "Award" | "BarChart3" | "Bell" | "Bold" | ... 102 more ... | "Zap"'.

[7m158[0m                         <Icon aria-hidden="true"  name={tab.icon} size={16} />
[7m   [0m [91m                                                  ~~~~[0m

  [96msrc/components/AppIcon.tsx[0m:[93m143[0m:[93m3[0m
    [7m143[0m   name: IconName;
    [7m   [0m [96m  ~~~~[0m
    The expected type comes from property 'name' which is declared here on type 'IntrinsicAttributes & IconProps'

[96msrc/services/courseService.ts[0m:[93m29[0m:[93m15[0m - [91merror[0m[90m TS2589: [0mType instantiation is excessively deep and possibly infinite.

[7m29[0m   let query = supabaseClient
[7m  [0m [91m              ~~~~~~~~~~~~~~[0m
[7m30[0m     .from<'courses', CoursesRow>('courses')
[7m  [0m [91m~~~~~~~~~~~~~~~~~~~~~~~~~~~~~~~~~~~~~~~~~~~[0m
[7m31[0m     .select('*', { count: 'exact' })
[7m  [0m [91m~~~~~~~~~~~~~~~~~~~~~~~~~~~~~~~~~~~~[0m
[7m32[0m     .eq('is_published', true);
[7m  [0m [91m~~~~~~~~~~~~~~~~~~~~~~~~~~~~~[0m

[96msrc/services/courseService.ts[0m:[93m30[0m:[93m11[0m - [91merror[0m[90m TS2344: [0mType '"courses"' does not satisfy the constraint 'never'.

[7m30[0m     .from<'courses', CoursesRow>('courses')
[7m  [0m [91m          ~~~~~~~~~[0m

[96msrc/services/courseService.ts[0m:[93m38[0m:[93m15[0m - [91merror[0m[90m TS2339: [0mProperty 'skillLevel' does not exist on type '{}'.

[7m38[0m   if (filters.skillLevel && filters.skillLevel.length) {
[7m  [0m [91m              ~~~~~~~~~~[0m

[96msrc/services/courseService.ts[0m:[93m38[0m:[93m37[0m - [91merror[0m[90m TS2339: [0mProperty 'skillLevel' does not exist on type '{}'.

[7m38[0m   if (filters.skillLevel && filters.skillLevel.length) {
[7m  [0m [91m                                    ~~~~~~~~~~[0m

[96msrc/services/courseService.ts[0m:[93m39[0m:[93m13[0m - [91merror[0m[90m TS2589: [0mType instantiation is excessively deep and possibly infinite.

[7m39[0m     query = query.in('difficulty', filters.skillLevel);
[7m  [0m [91m            ~~~~~~~~~~~~~~~~~~~~~~~~~~~~~~~~~~~~~~~~~~[0m

[96msrc/services/courseService.ts[0m:[93m39[0m:[93m44[0m - [91merror[0m[90m TS2339: [0mProperty 'skillLevel' does not exist on type '{}'.

[7m39[0m     query = query.in('difficulty', filters.skillLevel);
[7m  [0m [91m                                           ~~~~~~~~~~[0m

[96msrc/services/courseService.ts[0m:[93m42[0m:[93m15[0m - [91merror[0m[90m TS2339: [0mProperty 'category' does not exist on type '{}'.

[7m42[0m   if (filters.category && filters.category.length) {
[7m  [0m [91m              ~~~~~~~~[0m

[96msrc/services/courseService.ts[0m:[93m42[0m:[93m35[0m - [91merror[0m[90m TS2339: [0mProperty 'category' does not exist on type '{}'.

[7m42[0m   if (filters.category && filters.category.length) {
[7m  [0m [91m                                  ~~~~~~~~[0m

[96msrc/services/courseService.ts[0m:[93m43[0m:[93m13[0m - [91merror[0m[90m TS2589: [0mType instantiation is excessively deep and possibly infinite.

[7m43[0m     query = query.in('category', filters.category);
[7m  [0m [91m            ~~~~~~~~~~~~~~~~~~~~~~~~~~~~~~~~~~~~~~[0m

[96msrc/services/courseService.ts[0m:[93m43[0m:[93m42[0m - [91merror[0m[90m TS2339: [0mProperty 'category' does not exist on type '{}'.

[7m43[0m     query = query.in('category', filters.category);
[7m  [0m [91m                                         ~~~~~~~~[0m

[96msrc/services/courseService.ts[0m:[93m46[0m:[93m15[0m - [91merror[0m[90m TS2339: [0mProperty 'duration' does not exist on type '{}'.

[7m46[0m   if (filters.duration && filters.duration.length) {
[7m  [0m [91m              ~~~~~~~~[0m

[96msrc/services/courseService.ts[0m:[93m46[0m:[93m35[0m - [91merror[0m[90m TS2339: [0mProperty 'duration' does not exist on type '{}'.

[7m46[0m   if (filters.duration && filters.duration.length) {
[7m  [0m [91m                                  ~~~~~~~~[0m

[96msrc/services/courseService.ts[0m:[93m49[0m:[93m17[0m - [91merror[0m[90m TS2339: [0mProperty 'duration' does not exist on type '{}'.

[7m49[0m     if (filters.duration.includes('short')) durations.push('duration_weeks.lte.3');
[7m  [0m [91m                ~~~~~~~~[0m

[96msrc/services/courseService.ts[0m:[93m50[0m:[93m17[0m - [91merror[0m[90m TS2339: [0mProperty 'duration' does not exist on type '{}'.

[7m50[0m     if (filters.duration.includes('medium')) durations.push('duration_weeks.gte.4,duration_weeks.lte.6');
[7m  [0m [91m                ~~~~~~~~[0m

[96msrc/services/courseService.ts[0m:[93m51[0m:[93m17[0m - [91merror[0m[90m TS2339: [0mProperty 'duration' does not exist on type '{}'.

[7m51[0m     if (filters.duration.includes('long')) durations.push('duration_weeks.gte.7');
[7m  [0m [91m                ~~~~~~~~[0m

[96msrc/services/courseService.ts[0m:[93m88[0m:[93m12[0m - [91merror[0m[90m TS2322: [0mType 'SelectQueryError<"Invalid Relationships cannot infer result type">[]' is not assignable to type '{ category: string | null; cover_image_url: string | null; created_at: string | null; description: string | null; difficulty: string | null; id: string; is_published: boolean | null; slug: string; thumbnail_url: string | null; title: string; updated_at: string | null; }[]'.
  Type '{ error: true; } & String' is missing the following properties from type '{ category: string | null; cover_image_url: string | null; created_at: string | null; description: string | null; difficulty: string | null; id: string; is_published: boolean | null; slug: string; thumbnail_url: string | null; title: string; updated_at: string | null; }': category, cover_image_url, created_at, description, and 7 more.

[7m88[0m   return { data: data || [], count: count || 0 };
[7m  [0m [91m           ~~~~[0m

  [96msrc/services/courseService.ts[0m:[93m28[0m:[93m131[0m
    [7m28[0m export async function fetchCourses({ search = '', filters = {}, sortBy = 'popularity', page = 1, pageSize = 12 } = {}): Promise<{ data: CoursesRow[]; count: number }> {
    [7m  [0m [96m                                                                                                                                  ~~~~[0m
    The expected type comes from property 'data' which is declared here on type '{ data: { category: string | null; cover_image_url: string | null; created_at: string | null; description: string | null; difficulty: string | null; id: string; is_published: boolean | null; slug: string; thumbnail_url: string | null; title: string; updated_at: string | null; }[]; count: number; }'

[96msrc/services/courseService.ts[0m:[93m93[0m:[93m11[0m - [91merror[0m[90m TS2344: [0mType '"courses"' does not satisfy the constraint 'never'.

[7m93[0m     .from<'courses', CoursesRow>('courses')
[7m  [0m [91m          ~~~~~~~~~[0m

[96msrc/services/courseService.ts[0m:[93m97[0m:[93m10[0m - [91merror[0m[90m TS2352: [0mConversion of type 'SelectQueryError<"Invalid Relationships cannot infer result type">[]' to type 'CourseWithContent[]' may be a mistake because neither type sufficiently overlaps with the other. If this was intentional, convert the expression to 'unknown' first.
  Type 'SelectQueryError<"Invalid Relationships cannot infer result type">' is not comparable to type 'CourseWithContent'.
    Type '{ error: true; } & String' is missing the following properties from type '{ category: string | null; cover_image_url: string | null; created_at: string | null; description: string | null; difficulty: string | null; id: string; is_published: boolean | null; slug: string; thumbnail_url: string | null; title: string; updated_at: string | null; }': category, cover_image_url, created_at, description, and 7 more.

[7m97[0m   return (data ?? []) as CourseWithContent[];
[7m  [0m [91m         ~~~~~~~~~~~~~~~~~~~~~~~~~~~~~~~~~~~[0m

[96msrc/services/courseService.ts[0m:[93m105[0m:[93m17[0m - [91merror[0m[90m TS2344: [0mType '"courses"' does not satisfy the constraint 'never'.

[7m105[0m           .from<'courses', CoursesRow>('courses')
[7m   [0m [91m                ~~~~~~~~~[0m

[96msrc/services/courseService.ts[0m:[93m111[0m:[93m17[0m - [91merror[0m[90m TS2344: [0mType '"lessons"' does not satisfy the constraint 'never'.

[7m111[0m           .from<'lessons', LessonsRow>('lessons')
[7m   [0m [91m                ~~~~~~~~~[0m

[96msrc/services/courseService.ts[0m:[93m116[0m:[93m29[0m - [91merror[0m[90m TS2344: [0mType '"modules"' does not satisfy the constraint 'never'.

[7m116[0m         supabaseClient.from<'modules', ModulesRow>('modules').select('id, course_id')
[7m   [0m [91m                            ~~~~~~~~~[0m

[96msrc/services/courseService.ts[0m:[93m119[0m:[93m9[0m - [91merror[0m[90m TS2589: [0mType instantiation is excessively deep and possibly infinite.

[7m119[0m         supabaseClient
[7m   [0m [91m        ~~~~~~~~~~~~~~[0m
[7m120[0m           .from<'user_progress', UserProgressRow>('user_progress')
[7m   [0m [91m~~~~~~~~~~~~~~~~~~~~~~~~~~~~~~~~~~~~~~~~~~~~~~~~~~~~~~~~~~~~~~~~~~[0m
[7m121[0m           .select('lesson_id, status, completed_at')
[7m   [0m [91m~~~~~~~~~~~~~~~~~~~~~~~~~~~~~~~~~~~~~~~~~~~~~~~~~~~~[0m
[7m122[0m           .eq('user_id', userId)
[7m   [0m [91m~~~~~~~~~~~~~~~~~~~~~~~~~~~~~~~~[0m

[96msrc/services/courseService.ts[0m:[93m120[0m:[93m17[0m - [91merror[0m[90m TS2344: [0mType '"user_progress"' does not satisfy the constraint 'never'.

[7m120[0m           .from<'user_progress', UserProgressRow>('user_progress')
[7m   [0m [91m                ~~~~~~~~~~~~~~~[0m

[96msrc/services/courseService.ts[0m:[93m131[0m:[93m23[0m - [91merror[0m[90m TS2352: [0mConversion of type 'SelectQueryError<"Invalid Relationships cannot infer result type">[]' to type '{ category: string | null; cover_image_url: string | null; created_at: string | null; description: string | null; difficulty: string | null; id: string; is_published: boolean | null; slug: string; thumbnail_url: string | null; title: string; updated_at: string | null; }[]' may be a mistake because neither type sufficiently overlaps with the other. If this was intentional, convert the expression to 'unknown' first.
  Type '{ error: true; } & String' is missing the following properties from type '{ category: string | null; cover_image_url: string | null; created_at: string | null; description: string | null; difficulty: string | null; id: string; is_published: boolean | null; slug: string; thumbnail_url: string | null; title: string; updated_at: string | null; }': category, cover_image_url, created_at, description, and 7 more.

[7m131[0m   const coursesData = (coursesResult.data ?? []) as CoursesRow[];
[7m   [0m [91m                      ~~~~~~~~~~~~~~~~~~~~~~~~~~~~~~~~~~~~~~~~~~[0m

[96msrc/services/courseService.ts[0m:[93m132[0m:[93m23[0m - [91merror[0m[90m TS2352: [0mConversion of type 'SelectQueryError<"Invalid Relationships cannot infer result type">[]' to type '{ content: Json; created_at: string | null; duration: number | null; id: string; is_published: boolean | null; lesson_order: number; module_id: string | null; title: string; updated_at: string | null; }[]' may be a mistake because neither type sufficiently overlaps with the other. If this was intentional, convert the expression to 'unknown' first.
  Type '{ error: true; } & String' is missing the following properties from type '{ content: Json; created_at: string | null; duration: number | null; id: string; is_published: boolean | null; lesson_order: number; module_id: string | null; title: string; updated_at: string | null; }': content, created_at, duration, id, and 5 more.

[7m132[0m   const lessonsData = (lessonsResult.data ?? []) as LessonsRow[];
[7m   [0m [91m                      ~~~~~~~~~~~~~~~~~~~~~~~~~~~~~~~~~~~~~~~~~~[0m

[96msrc/services/courseService.ts[0m:[93m133[0m:[93m23[0m - [91merror[0m[90m TS2352: [0mConversion of type 'SelectQueryError<"Invalid Relationships cannot infer result type">[]' to type '{ course_id: string | null; created_at: string | null; description: string | null; id: string; is_published: boolean | null; module_order: number; title: string; updated_at: string | null; }[]' may be a mistake because neither type sufficiently overlaps with the other. If this was intentional, convert the expression to 'unknown' first.
  Type '{ error: true; } & String' is missing the following properties from type '{ course_id: string | null; created_at: string | null; description: string | null; id: string; is_published: boolean | null; module_order: number; title: string; updated_at: string | null; }': course_id, created_at, description, id, and 4 more.

[7m133[0m   const modulesData = (modulesResult.data ?? []) as ModulesRow[];
[7m   [0m [91m                      ~~~~~~~~~~~~~~~~~~~~~~~~~~~~~~~~~~~~~~~~~~[0m

[96msrc/services/courseService.ts[0m:[93m134[0m:[93m24[0m - [91merror[0m[90m TS2352: [0mConversion of type 'SelectQueryError<"Invalid Relationships cannot infer result type">[]' to type '{ completed_at: string | null; created_at: string | null; id: string; lesson_id: string | null; status: string | null; updated_at: string | null; user_id: string | null; }[]' may be a mistake because neither type sufficiently overlaps with the other. If this was intentional, convert the expression to 'unknown' first.
  Type '{ error: true; } & String' is missing the following properties from type '{ completed_at: string | null; created_at: string | null; id: string; lesson_id: string | null; status: string | null; updated_at: string | null; user_id: string | null; }': completed_at, created_at, id, lesson_id, and 3 more.

[7m134[0m   const progressData = (progressResult.data ?? []) as UserProgressRow[];
[7m   [0m [91m                       ~~~~~~~~~~~~~~~~~~~~~~~~~~~~~~~~~~~~~~~~~~~~~~~~[0m

[96msrc/services/courseService.ts[0m:[93m141[0m:[93m5[0m - [91merror[0m[90m TS7053: [0mElement implicitly has an 'any' type because expression of type 'string' can't be used to index type '{}'.
  No index signature with a parameter of type 'string' was found on type '{}'.

[7m141[0m     acc[module.id] = module.course_id;
[7m   [0m [91m    ~~~~~~~~~~~~~~[0m

[96msrc/services/courseService.ts[0m:[93m146[0m:[93m38[0m - [91merror[0m[90m TS2538: [0mType 'null' cannot be used as an index type.

[7m146[0m     const courseId = moduleCourseMap[lesson.module_id];
[7m   [0m [91m                                     ~~~~~~~~~~~~~~~~[0m

[96msrc/services/courseService.ts[0m:[93m150[0m:[93m10[0m - [91merror[0m[90m TS7053: [0mElement implicitly has an 'any' type because expression of type 'any' can't be used to index type '{}'.

[7m150[0m     if (!acc[courseId]) {
[7m   [0m [91m         ~~~~~~~~~~~~~[0m

[96msrc/services/courseService.ts[0m:[93m151[0m:[93m7[0m - [91merror[0m[90m TS7053: [0mElement implicitly has an 'any' type because expression of type 'any' can't be used to index type '{}'.

[7m151[0m       acc[courseId] = [];
[7m   [0m [91m      ~~~~~~~~~~~~~[0m

[96msrc/services/courseService.ts[0m:[93m153[0m:[93m5[0m - [91merror[0m[90m TS7053: [0mElement implicitly has an 'any' type because expression of type 'any' can't be used to index type '{}'.

[7m153[0m     acc[courseId].push(lesson.id);
[7m   [0m [91m    ~~~~~~~~~~~~~[0m

[96msrc/services/courseService.ts[0m:[93m158[0m:[93m29[0m - [91merror[0m[90m TS7053: [0mElement implicitly has an 'any' type because expression of type 'string' can't be used to index type '{}'.
  No index signature with a parameter of type 'string' was found on type '{}'.

[7m158[0m     const courseLessonIds = lessonsByCourse[course.id] || [];
[7m   [0m [91m                            ~~~~~~~~~~~~~~~~~~~~~~~~~~[0m

[96msrc/services/courseService.ts[0m:[93m160[0m:[93m41[0m - [91merror[0m[90m TS7006: [0mParameter 'id' implicitly has an 'any' type.

[7m160[0m       completed: courseLessonIds.filter(id => completedLessonIds.has(id)).length,
[7m   [0m [91m                                        ~~[0m

[96msrc/setupTests.ts[0m:[93m7[0m:[93m1[0m - [91merror[0m[90m TS2740: [0mType 'VitestUtils' is missing the following properties from type 'typeof jest': autoMockOff, autoMockOn, createMockFromModule, getSeed, and 17 more.

[7m7[0m globalThis.jest = vi;
[7m [0m [91m~~~~~~~~~~~~~~~[0m

[96msrc/utils/theme.ts[0m:[93m2[0m:[93m28[0m - [91merror[0m[90m TS7016: [0mCould not find a declaration file for module '../../tailwind.config.js'. 'C:/Users/arnau/OneDrive/Documents/GitHub/ai_foundations_lms/apps/frontend/tailwind.config.js' implicitly has an 'any' type.

[7m2[0m import tailwindConfig from '../../tailwind.config.js';
[7m [0m [91m                           ~~~~~~~~~~~~~~~~~~~~~~~~~~[0m

[96m../../node_modules/.pnpm/@supabase+auth-js@2.70.0/node_modules/@supabase/auth-js/dist/module/lib/types.d.ts[0m:[93m523[0m:[93m26[0m - [91merror[0m[90m TS2709: [0mCannot use namespace 'SolanaSignInInput' as a type.

[7m523[0m     signIn?: (...inputs: SolanaSignInInput[]) => Promise<SolanaSignInOutput | SolanaSignInOutput[]>;
[7m   [0m [91m                         ~~~~~~~~~~~~~~~~~[0m

[96m../../node_modules/.pnpm/@supabase+auth-js@2.70.0/node_modules/@supabase/auth-js/dist/module/lib/types.d.ts[0m:[93m523[0m:[93m58[0m - [91merror[0m[90m TS2709: [0mCannot use namespace 'SolanaSignInOutput' as a type.

[7m523[0m     signIn?: (...inputs: SolanaSignInInput[]) => Promise<SolanaSignInOutput | SolanaSignInOutput[]>;
[7m   [0m [91m                                                         ~~~~~~~~~~~~~~~~~~[0m

[96m../../node_modules/.pnpm/@supabase+auth-js@2.70.0/node_modules/@supabase/auth-js/dist/module/lib/types.d.ts[0m:[93m523[0m:[93m79[0m - [91merror[0m[90m TS2709: [0mCannot use namespace 'SolanaSignInOutput' as a type.

[7m523[0m     signIn?: (...inputs: SolanaSignInInput[]) => Promise<SolanaSignInOutput | SolanaSignInOutput[]>;
[7m   [0m [91m                                                                              ~~~~~~~~~~~~~~~~~~[0m

[96m../../node_modules/.pnpm/@supabase+auth-js@2.70.0/node_modules/@supabase/auth-js/dist/module/lib/types.d.ts[0m:[93m540[0m:[93m41[0m - [91merror[0m[90m TS2709: [0mCannot use namespace 'SolanaSignInInput' as a type.

[7m540[0m         signInWithSolana?: Partial<Omit<SolanaSignInInput, 'version' | 'chain' | 'domain' | 'uri' | 'statement'>>;
[7m   [0m [91m                                        ~~~~~~~~~~~~~~~~~[0m

[96m../../node_modules/.pnpm/framer-motion@10.18.0_react_39718d184a546e7029955c4644d61736/node_modules/framer-motion/dist/index.d.ts[0m:[93m1212[0m:[93m11[0m - [91merror[0m[90m TS2430: [0mInterface 'CSSStyleDeclarationWithTransform' incorrectly extends interface 'Omit<CSSStyleDeclaration, "direction" | "transition">'.
  Types of property 'x' are incompatible.
    Type 'string | number' is not assignable to type 'string'.
      Type 'number' is not assignable to type 'string'.

[7m1212[0m interface CSSStyleDeclarationWithTransform extends Omit<CSSStyleDeclaration, "direction" | "transition"> {
[7m    [0m [91m          ~~~~~~~~~~~~~~~~~~~~~~~~~~~~~~~~[0m

[96m../../node_modules/.pnpm/recharts@2.15.4_react-dom@18.3.1_react@18.3.1__react@18.3.1/node_modules/recharts/types/chart/generateCategoricalChart.d.ts[0m:[93m2[0m:[93m36[0m - [91merror[0m[90m TS7016: [0mCould not find a declaration file for module 'lodash'. 'C:/Users/arnau/OneDrive/Documents/GitHub/ai_foundations_lms/node_modules/.pnpm/lodash@4.17.21/node_modules/lodash/lodash.js' implicitly has an 'any' type.
  Try `npm i --save-dev @types/lodash` if it exists or add a new declaration (.d.ts) file containing `declare module 'lodash';`

[7m2[0m import type { DebouncedFunc } from 'lodash';
[7m [0m [91m                                   ~~~~~~~~[0m

[96m../../node_modules/.pnpm/vite@6.3.5_@types+node@24.0.3_jiti@1.21.7_yaml@2.8.0/node_modules/vite/dist/node/module-runner.d.ts[0m:[93m149[0m:[93m11[0m - [91merror[0m[90m TS2430: [0mInterface 'ModuleRunnerImportMeta' incorrectly extends interface 'ImportMeta'.
  Types of property 'env' are incompatible.
    Type 'ImportMetaEnv' is missing the following properties from type 'ImportMetaEnv': VITE_SUPABASE_URL, VITE_SUPABASE_ANON_KEY

[7m149[0m interface ModuleRunnerImportMeta extends ImportMeta {
[7m   [0m [91m          ~~~~~~~~~~~~~~~~~~~~~~[0m


Found 457 errors in 56 files.

Errors  Files
    14  src/context/AdminCourseContext.tsx[90m:40[0m
    20  src/context/AuthContext.tsx[90m:82[0m
     8  src/context/CourseContext.tsx[90m:7[0m
     3  src/hooks/useAchievements.ts[90m:41[0m
     6  src/hooks/useProgressChartData.ts[90m:61[0m
     3  src/hooks/useRecentActivity.ts[90m:44[0m
    10  src/lib/__mocks__/supabase.ts[90m:26[0m
     5  src/pages/admin-dashboard/components/PerformanceMetrics.tsx[90m:36[0m
     5  src/pages/admin-dashboard/components/PopularCoursesChart.tsx[90m:13[0m
     7  src/pages/admin-dashboard/components/RecentActivity.tsx[90m:18[0m
    18  src/pages/admin-dashboard/components/UserEngagementChart.tsx[90m:38[0m
     4  src/pages/admin-dashboard/index.tsx[90m:42[0m
     1  src/pages/auth/components/GoogleAuthButton.tsx[90m:24[0m
    11  src/pages/auth/components/LoginForm.tsx[90m:28[0m
     9  src/pages/auth/components/RegisterForm.tsx[90m:21[0m
     1  src/pages/auth/index.tsx[90m:35[0m
     3  src/pages/cms/components/BulkOperations.tsx[90m:117[0m
     9  src/pages/cms/components/CourseEditor.tsx[90m:46[0m
    10  src/pages/cms/components/LessonEditor.tsx[90m:40[0m
    12  src/pages/cms/components/MediaLibrary.tsx[90m:40[0m
     4  src/pages/cms/components/ModuleEditor.tsx[90m:36[0m
    22  src/pages/cms/index.tsx[90m:95[0m
     8  src/pages/lesson-viewer/components/LessonNavigation.tsx[90m:32[0m
     3  src/pages/lesson-viewer/components/NoteTaking.tsx[90m:30[0m
    14  src/pages/lesson-viewer/components/TextContent.tsx[90m:28[0m
    22  src/pages/lesson-viewer/components/VideoPlayer.tsx[90m:29[0m
    13  src/pages/lesson-viewer/index.tsx[90m:86[0m
     9  src/pages/program-overview/components/CourseCard.tsx[90m:27[0m
    14  src/pages/program-overview/components/CoursePathway.tsx[90m:15[0m
     5  src/pages/program-overview/components/FilterSidebar.tsx[90m:35[0m
     1  src/pages/program-overview/index.tsx[90m:68[0m
     3  src/pages/public-homepage/components/BenefitsSection.tsx[90m:63[0m
     2  src/pages/public-homepage/components/DataVisualization.tsx[90m:115[0m
     1  src/pages/public-homepage/components/Footer.tsx[90m:89[0m
     1  src/pages/public-homepage/components/ProgramOverview.tsx[90m:101[0m
     7  src/pages/user-dashboard/components/ProgressChart.tsx[90m:54[0m
     2  src/pages/user-dashboard/components/QuickActions.tsx[90m:39[0m
     1  src/pages/user-dashboard/components/RecentActivity.tsx[90m:35[0m
    11  src/pages/user-dashboard/index.tsx[90m:22[0m
     2  src/pages/user-management-admin/components/BulkActionsBar.tsx[90m:62[0m
    24  src/pages/user-management-admin/components/CreateUserModal.tsx[90m:32[0m
    23  src/pages/user-management-admin/components/UserDetailsPanel.tsx[90m:15[0m
     3  src/pages/user-management-admin/components/UserFilters.tsx[90m:10[0m
    10  src/pages/user-management-admin/components/UserTable.tsx[90m:26[0m
    20  src/pages/user-management-admin/index.tsx[90m:72[0m
    13  src/pages/user-profile-management/components/LearningStatsTab.tsx[90m:50[0m
     5  src/pages/user-profile-management/components/PersonalInfoTab.tsx[90m:44[0m
     9  src/pages/user-profile-management/components/SettingsTab.tsx[90m:44[0m
     3  src/pages/user-profile-management/index.tsx[90m:56[0m
    34  src/services/courseService.ts[90m:29[0m
     1  src/setupTests.ts[90m:7[0m
     1  src/utils/theme.ts[90m:2[0m
     4  ../../node_modules/.pnpm/@supabase+auth-js@2.70.0/node_modules/@supabase/auth-js/dist/module/lib/types.d.ts[90m:523[0m
     1  ../../node_modules/.pnpm/framer-motion@10.18.0_react_39718d184a546e7029955c4644d61736/node_modules/framer-motion/dist/index.d.ts[90m:1212[0m
     1  ../../node_modules/.pnpm/recharts@2.15.4_react-dom@18.3.1_react@18.3.1__react@18.3.1/node_modules/recharts/types/chart/generateCategoricalChart.d.ts[90m:2[0m
     1  ../../node_modules/.pnpm/vite@6.3.5_@types+node@24.0.3_jiti@1.21.7_yaml@2.8.0/node_modules/vite/dist/node/module-runner.d.ts[90m:149[0m
undefined
C:\Users\arnau\OneDrive\Documents\GitHub\ai_foundations_lms\apps\frontend:
Ã”Ã‡Ã«ERR_PNPM_RECURSIVE_EXEC_FIRST_FAILÃ”Ã‡Ã« Command failed with exit code 1: tsc --noEmit --pretty true
